[INFO] Error stacktraces are turned on.
[INFO] Scanning for projects...
[INFO]                                                                         
[INFO] ------------------------------------------------------------------------
[INFO] Building project2 0.0.1-SNAPSHOT
[INFO] ------------------------------------------------------------------------
[INFO] 
[INFO] --- maven-resources-plugin:3.0.1:resources (default-resources) @ project2 ---
[INFO] Using 'UTF-8' encoding to copy filtered resources.
[INFO] Copying 2 resources
[INFO] Copying 0 resource
[INFO] 
[INFO] --- maven-compiler-plugin:3.7.0:compile (default-compile) @ project2 ---
[INFO] Changes detected - recompiling the module!
[INFO] Compiling 35 source files to /scratch/dginelli/workspace/repairnator-repairnator-experiments-roberthamel-project2-server-356012763-20180320-201253-firstCommit/target/classes
[INFO] /scratch/dginelli/workspace/repairnator-repairnator-experiments-roberthamel-project2-server-356012763-20180320-201253-firstCommit/src/main/java/com/revature/project2/bootstrap/DataBootstrap.java: /scratch/dginelli/workspace/repairnator-repairnator-experiments-roberthamel-project2-server-356012763-20180320-201253-firstCommit/src/main/java/com/revature/project2/bootstrap/DataBootstrap.java uses or overrides a deprecated API.
[INFO] /scratch/dginelli/workspace/repairnator-repairnator-experiments-roberthamel-project2-server-356012763-20180320-201253-firstCommit/src/main/java/com/revature/project2/bootstrap/DataBootstrap.java: Recompile with -Xlint:deprecation for details.
[INFO] /scratch/dginelli/workspace/repairnator-repairnator-experiments-roberthamel-project2-server-356012763-20180320-201253-firstCommit/src/main/java/com/revature/project2/security/LoginController.java: /scratch/dginelli/workspace/repairnator-repairnator-experiments-roberthamel-project2-server-356012763-20180320-201253-firstCommit/src/main/java/com/revature/project2/security/LoginController.java uses unchecked or unsafe operations.
[INFO] /scratch/dginelli/workspace/repairnator-repairnator-experiments-roberthamel-project2-server-356012763-20180320-201253-firstCommit/src/main/java/com/revature/project2/security/LoginController.java: Recompile with -Xlint:unchecked for details.
[INFO] 
[INFO] --- maven-resources-plugin:3.0.1:testResources (default-testResources) @ project2 ---
[INFO] Using 'UTF-8' encoding to copy filtered resources.
[INFO] skip non existing resourceDirectory /scratch/dginelli/workspace/repairnator-repairnator-experiments-roberthamel-project2-server-356012763-20180320-201253-firstCommit/src/test/resources
[INFO] 
[INFO] --- maven-compiler-plugin:3.7.0:testCompile (default-testCompile) @ project2 ---
[INFO] Nothing to compile - all classes are up to date
[INFO] 
[INFO] --- maven-surefire-plugin:2.20.1:test (default-test) @ project2 ---
[INFO] Surefire report directory: /scratch/dginelli/workspace/repairnator-repairnator-experiments-roberthamel-project2-server-356012763-20180320-201253-firstCommit/target/surefire-reports
[INFO] Downloading: https://repo.maven.apache.org/maven2/org/apache/maven/surefire/surefire-junit4/2.20.1/surefire-junit4-2.20.1.pom
[INFO] Downloaded: https://repo.maven.apache.org/maven2/org/apache/maven/surefire/surefire-junit4/2.20.1/surefire-junit4-2.20.1.pom (4 KB at 8.3 KB/sec)
[INFO] Downloading: https://repo.maven.apache.org/maven2/org/apache/maven/surefire/surefire-providers/2.20.1/surefire-providers-2.20.1.pom
[INFO] Downloaded: https://repo.maven.apache.org/maven2/org/apache/maven/surefire/surefire-providers/2.20.1/surefire-providers-2.20.1.pom (3 KB at 103.4 KB/sec)
[INFO] Downloading: https://repo.maven.apache.org/maven2/org/apache/maven/surefire/surefire-junit4/2.20.1/surefire-junit4-2.20.1.jar
[INFO] Downloaded: https://repo.maven.apache.org/maven2/org/apache/maven/surefire/surefire-junit4/2.20.1/surefire-junit4-2.20.1.jar (81 KB at 1236.1 KB/sec)
[INFO] 
[INFO] -------------------------------------------------------
[INFO]  T E S T S
[INFO] -------------------------------------------------------
[INFO] Running com.revature.project2.events.EventControllerTest
11:07:46.908 [main] DEBUG org.springframework.test.context.junit4.SpringJUnit4ClassRunner - SpringJUnit4ClassRunner constructor called with [class com.revature.project2.events.EventControllerTest]
11:07:46.915 [main] DEBUG org.springframework.test.context.BootstrapUtils - Instantiating CacheAwareContextLoaderDelegate from class [org.springframework.test.context.cache.DefaultCacheAwareContextLoaderDelegate]
11:07:46.924 [main] DEBUG org.springframework.test.context.BootstrapUtils - Instantiating BootstrapContext using constructor [public org.springframework.test.context.support.DefaultBootstrapContext(java.lang.Class,org.springframework.test.context.CacheAwareContextLoaderDelegate)]
11:07:46.959 [main] DEBUG org.springframework.test.context.BootstrapUtils - Instantiating TestContextBootstrapper for test class [com.revature.project2.events.EventControllerTest] from class [org.springframework.boot.test.context.SpringBootTestContextBootstrapper]
11:07:46.990 [main] DEBUG org.springframework.test.context.support.AbstractContextLoader - Did not detect default resource location for test class [com.revature.project2.events.EventControllerTest]: class path resource [com/revature/project2/events/EventControllerTest-context.xml] does not exist
11:07:46.991 [main] DEBUG org.springframework.test.context.support.AbstractContextLoader - Did not detect default resource location for test class [com.revature.project2.events.EventControllerTest]: class path resource [com/revature/project2/events/EventControllerTestContext.groovy] does not exist
11:07:46.994 [main] INFO org.springframework.test.context.support.AbstractContextLoader - Could not detect default resource locations for test class [com.revature.project2.events.EventControllerTest]: no resource found for suffixes {-context.xml, Context.groovy}.
11:07:47.088 [main] DEBUG org.springframework.test.context.support.ActiveProfilesUtils - Could not find an 'annotation declaring class' for annotation type [org.springframework.test.context.ActiveProfiles] and class [com.revature.project2.events.EventControllerTest]
11:07:47.347 [main] DEBUG org.springframework.boot.test.context.SpringBootTestContextBootstrapper - @TestExecutionListeners is not present for class [com.revature.project2.events.EventControllerTest]: using defaults.
11:07:47.349 [main] INFO org.springframework.boot.test.context.SpringBootTestContextBootstrapper - Loaded default TestExecutionListener class names from location [META-INF/spring.factories]: [org.springframework.boot.test.autoconfigure.restdocs.RestDocsTestExecutionListener, org.springframework.boot.test.autoconfigure.web.client.MockRestServiceServerResetTestExecutionListener, org.springframework.boot.test.autoconfigure.web.servlet.MockMvcPrintOnlyOnFailureTestExecutionListener, org.springframework.boot.test.autoconfigure.web.servlet.WebDriverTestExecutionListener, org.springframework.security.test.context.support.WithSecurityContextTestExecutionListener, org.springframework.security.test.context.support.ReactorContextTestExecutionListener, org.springframework.test.context.web.ServletTestExecutionListener, org.springframework.test.context.support.DirtiesContextBeforeModesTestExecutionListener, org.springframework.test.context.support.DependencyInjectionTestExecutionListener, org.springframework.test.context.support.DirtiesContextTestExecutionListener, org.springframework.test.context.transaction.TransactionalTestExecutionListener, org.springframework.test.context.jdbc.SqlScriptsTestExecutionListener, org.springframework.boot.test.mock.mockito.MockitoTestExecutionListener, org.springframework.boot.test.mock.mockito.ResetMocksTestExecutionListener]
11:07:47.373 [main] INFO org.springframework.boot.test.context.SpringBootTestContextBootstrapper - Using TestExecutionListeners: [org.springframework.test.context.web.ServletTestExecutionListener@73a1e9a9, org.springframework.test.context.support.DirtiesContextBeforeModesTestExecutionListener@71d44a3, org.springframework.boot.test.mock.mockito.MockitoTestExecutionListener@7b98f307, org.springframework.boot.test.autoconfigure.SpringBootDependencyInjectionTestExecutionListener@4802796d, org.springframework.test.context.support.DirtiesContextTestExecutionListener@34123d65, org.springframework.test.context.transaction.TransactionalTestExecutionListener@59474f18, org.springframework.test.context.jdbc.SqlScriptsTestExecutionListener@65fb9ffc, org.springframework.security.test.context.support.WithSecurityContextTestExecutionListener@3e694b3f, org.springframework.security.test.context.support.ReactorContextTestExecutionListener@1bb5a082, org.springframework.boot.test.autoconfigure.restdocs.RestDocsTestExecutionListener@78691363, org.springframework.boot.test.autoconfigure.web.client.MockRestServiceServerResetTestExecutionListener@41d477ed, org.springframework.boot.test.autoconfigure.web.servlet.MockMvcPrintOnlyOnFailureTestExecutionListener@3590fc5b, org.springframework.boot.test.autoconfigure.web.servlet.WebDriverTestExecutionListener@397fbdb, org.springframework.boot.test.mock.mockito.ResetMocksTestExecutionListener@33d512c1]
11:07:47.379 [main] DEBUG org.springframework.test.annotation.ProfileValueUtils - Retrieved @ProfileValueSourceConfiguration [null] for test class [com.revature.project2.events.EventControllerTest]
11:07:47.379 [main] DEBUG org.springframework.test.annotation.ProfileValueUtils - Retrieved ProfileValueSource type [class org.springframework.test.annotation.SystemProfileValueSource] for class [com.revature.project2.events.EventControllerTest]
11:07:47.382 [main] DEBUG org.springframework.test.annotation.ProfileValueUtils - Retrieved @ProfileValueSourceConfiguration [null] for test class [com.revature.project2.events.EventControllerTest]
11:07:47.382 [main] DEBUG org.springframework.test.annotation.ProfileValueUtils - Retrieved ProfileValueSource type [class org.springframework.test.annotation.SystemProfileValueSource] for class [com.revature.project2.events.EventControllerTest]
11:07:47.383 [main] DEBUG org.springframework.test.annotation.ProfileValueUtils - Retrieved @ProfileValueSourceConfiguration [null] for test class [com.revature.project2.events.EventControllerTest]
11:07:47.383 [main] DEBUG org.springframework.test.annotation.ProfileValueUtils - Retrieved ProfileValueSource type [class org.springframework.test.annotation.SystemProfileValueSource] for class [com.revature.project2.events.EventControllerTest]
11:07:47.394 [main] DEBUG org.springframework.test.context.support.AbstractDirtiesContextTestExecutionListener - Before test class: context [DefaultTestContext@3c46e67a testClass = EventControllerTest, testInstance = [null], testMethod = [null], testException = [null], mergedContextConfiguration = [WebMergedContextConfiguration@c730b35 testClass = EventControllerTest, locations = '{}', classes = '{class com.revature.project2.Project2Application}', contextInitializerClasses = '[]', activeProfiles = '{}', propertySourceLocations = '{}', propertySourceProperties = '{org.springframework.boot.test.context.SpringBootTestContextBootstrapper=true}', contextCustomizers = set[org.springframework.boot.test.autoconfigure.properties.PropertyMappingContextCustomizer@0, org.springframework.boot.test.autoconfigure.web.servlet.WebDriverContextCustomizerFactory$Customizer@60438a68, org.springframework.boot.test.context.filter.ExcludeFilterContextCustomizer@17695df3, org.springframework.boot.test.json.DuplicateJsonObjectContextCustomizerFactory$DuplicateJsonObjectContextCustomizer@2bea5ab4, org.springframework.boot.test.mock.mockito.MockitoContextCustomizer@0, org.springframework.boot.test.web.client.TestRestTemplateContextCustomizer@d6da883], resourceBasePath = 'src/main/webapp', contextLoader = 'org.springframework.boot.test.context.SpringBootContextLoader', parent = [null]], attributes = map['org.springframework.test.context.web.ServletTestExecutionListener.activateListener' -> true]], class annotated with @DirtiesContext [false] with mode [null].
11:07:47.417 [main] DEBUG org.springframework.test.annotation.ProfileValueUtils - Retrieved @ProfileValueSourceConfiguration [null] for test class [com.revature.project2.events.EventControllerTest]
11:07:47.417 [main] DEBUG org.springframework.test.annotation.ProfileValueUtils - Retrieved ProfileValueSource type [class org.springframework.test.annotation.SystemProfileValueSource] for class [com.revature.project2.events.EventControllerTest]
11:07:47.456 [main] DEBUG org.springframework.core.env.StandardEnvironment - Adding PropertySource 'systemProperties' with lowest search precedence
11:07:47.457 [main] DEBUG org.springframework.core.env.StandardEnvironment - Adding PropertySource 'systemEnvironment' with lowest search precedence
11:07:47.460 [main] DEBUG org.springframework.core.env.StandardEnvironment - Initialized StandardEnvironment with PropertySources [MapPropertySource@1882349076 {name='systemProperties', properties={java.runtime.name=Java(TM) SE Runtime Environment, sun.boot.library.path=/cvmfs/ebsw.hpc2n.umu.se/amd64_ubuntu1604_common/software/Core/Java/1.8.0_202/jre/lib/amd64, java.vm.version=25.202-b08, java.vm.vendor=Oracle Corporation, java.vendor.url=http://java.oracle.com/, skip.gulp=true, path.separator=:, java.vm.name=Java HotSpot(TM) 64-Bit Server VM, file.encoding.pkg=sun.io, findbugs.skip=true, user.country=US, sun.java.launcher=SUN_STANDARD, sun.os.patch.level=unknown, java.vm.specification.name=Java Virtual Machine Specification, user.dir=/scratch/dginelli/workspace/repairnator-repairnator-experiments-roberthamel-project2-server-356012763-20180320-201253-firstCommit, java.runtime.version=1.8.0_202-b08, skip.npm=true, basedir=/scratch/dginelli/workspace/repairnator-repairnator-experiments-roberthamel-project2-server-356012763-20180320-201253-firstCommit, java.awt.graphicsenv=sun.awt.X11GraphicsEnvironment, java.endorsed.dirs=/cvmfs/ebsw.hpc2n.umu.se/amd64_ubuntu1604_common/software/Core/Java/1.8.0_202/jre/lib/endorsed, os.arch=amd64, surefire.real.class.path=/scratch/dginelli/workspace/repairnator-repairnator-experiments-roberthamel-project2-server-356012763-20180320-201253-firstCommit/target/surefire/surefirebooter4374934375310589511.jar, gpg.skip=true, java.io.tmpdir=/tmp, line.separator=
, cobertura.skip=true, java.vm.specification.vendor=Oracle Corporation, os.name=Linux, sun.jnu.encoding=UTF-8, license.skip=true, java.library.path=/hpc2n/eb/software/Core/Maven/3.6.0/lib:/hpc2n/eb/software/Core/Java/1.8.0_202/lib:/usr/java/packages/lib/amd64:/usr/lib64:/lib64:/lib:/usr/lib, surefire.test.class.path=/scratch/dginelli/workspace/repairnator-repairnator-experiments-roberthamel-project2-server-356012763-20180320-201253-firstCommit/target/test-classes:/scratch/dginelli/workspace/repairnator-repairnator-experiments-roberthamel-project2-server-356012763-20180320-201253-firstCommit/target/classes:/scratch/dginelli/workspace/repairnator-repairnator-experiments-roberthamel-project2-server-356012763-20180320-201253-firstCommit/.m2/org/springframework/boot/spring-boot-starter-actuator/2.0.0.RELEASE/spring-boot-starter-actuator-2.0.0.RELEASE.jar:/scratch/dginelli/workspace/repairnator-repairnator-experiments-roberthamel-project2-server-356012763-20180320-201253-firstCommit/.m2/org/springframework/boot/spring-boot-starter/2.0.0.RELEASE/spring-boot-starter-2.0.0.RELEASE.jar:/scratch/dginelli/workspace/repairnator-repairnator-experiments-roberthamel-project2-server-356012763-20180320-201253-firstCommit/.m2/org/springframework/boot/spring-boot-starter-logging/2.0.0.RELEASE/spring-boot-starter-logging-2.0.0.RELEASE.jar:/scratch/dginelli/workspace/repairnator-repairnator-experiments-roberthamel-project2-server-356012763-20180320-201253-firstCommit/.m2/ch/qos/logback/logback-classic/1.2.3/logback-classic-1.2.3.jar:/scratch/dginelli/workspace/repairnator-repairnator-experiments-roberthamel-project2-server-356012763-20180320-201253-firstCommit/.m2/ch/qos/logback/logback-core/1.2.3/logback-core-1.2.3.jar:/scratch/dginelli/workspace/repairnator-repairnator-experiments-roberthamel-project2-server-356012763-20180320-201253-firstCommit/.m2/org/apache/logging/log4j/log4j-to-slf4j/2.10.0/log4j-to-slf4j-2.10.0.jar:/scratch/dginelli/workspace/repairnator-repairnator-experiments-roberthamel-project2-server-356012763-20180320-201253-firstCommit/.m2/org/apache/logging/log4j/log4j-api/2.10.0/log4j-api-2.10.0.jar:/scratch/dginelli/workspace/repairnator-repairnator-experiments-roberthamel-project2-server-356012763-20180320-201253-firstCommit/.m2/org/slf4j/jul-to-slf4j/1.7.25/jul-to-slf4j-1.7.25.jar:/scratch/dginelli/workspace/repairnator-repairnator-experiments-roberthamel-project2-server-356012763-20180320-201253-firstCommit/.m2/javax/annotation/javax.annotation-api/1.3.2/javax.annotation-api-1.3.2.jar:/scratch/dginelli/workspace/repairnator-repairnator-experiments-roberthamel-project2-server-356012763-20180320-201253-firstCommit/.m2/org/yaml/snakeyaml/1.19/snakeyaml-1.19.jar:/scratch/dginelli/workspace/repairnator-repairnator-experiments-roberthamel-project2-server-356012763-20180320-201253-firstCommit/.m2/org/springframework/boot/spring-boot-actuator-autoconfigure/2.0.0.RELEASE/spring-boot-actuator-autoconfigure-2.0.0.RELEASE.jar:/scratch/dginelli/workspace/repairnator-repairnator-experiments-roberthamel-project2-server-356012763-20180320-201253-firstCommit/.m2/org/springframework/boot/spring-boot-actuator/2.0.0.RELEASE/spring-boot-actuator-2.0.0.RELEASE.jar:/scratch/dginelli/workspace/repairnator-repairnator-experiments-roberthamel-project2-server-356012763-20180320-201253-firstCommit/.m2/org/springframework/spring-context/5.0.4.RELEASE/spring-context-5.0.4.RELEASE.jar:/scratch/dginelli/workspace/repairnator-repairnator-experiments-roberthamel-project2-server-356012763-20180320-201253-firstCommit/.m2/io/micrometer/micrometer-core/1.0.1/micrometer-core-1.0.1.jar:/scratch/dginelli/workspace/repairnator-repairnator-experiments-roberthamel-project2-server-356012763-20180320-201253-firstCommit/.m2/org/hdrhistogram/HdrHistogram/2.1.10/HdrHistogram-2.1.10.jar:/scratch/dginelli/workspace/repairnator-repairnator-experiments-roberthamel-project2-server-356012763-20180320-201253-firstCommit/.m2/org/latencyutils/LatencyUtils/2.0.3/LatencyUtils-2.0.3.jar:/scratch/dginelli/workspace/repairnator-repairnator-experiments-roberthamel-project2-server-356012763-20180320-201253-firstCommit/.m2/org/springframework/boot/spring-boot-starter-data-jpa/2.0.0.RELEASE/spring-boot-starter-data-jpa-2.0.0.RELEASE.jar:/scratch/dginelli/workspace/repairnator-repairnator-experiments-roberthamel-project2-server-356012763-20180320-201253-firstCommit/.m2/org/springframework/boot/spring-boot-starter-aop/2.0.0.RELEASE/spring-boot-starter-aop-2.0.0.RELEASE.jar:/scratch/dginelli/workspace/repairnator-repairnator-experiments-roberthamel-project2-server-356012763-20180320-201253-firstCommit/.m2/org/aspectj/aspectjweaver/1.8.13/aspectjweaver-1.8.13.jar:/scratch/dginelli/workspace/repairnator-repairnator-experiments-roberthamel-project2-server-356012763-20180320-201253-firstCommit/.m2/org/hibernate/hibernate-core/5.2.14.Final/hibernate-core-5.2.14.Final.jar:/scratch/dginelli/workspace/repairnator-repairnator-experiments-roberthamel-project2-server-356012763-20180320-201253-firstCommit/.m2/org/jboss/logging/jboss-logging/3.3.2.Final/jboss-logging-3.3.2.Final.jar:/scratch/dginelli/workspace/repairnator-repairnator-experiments-roberthamel-project2-server-356012763-20180320-201253-firstCommit/.m2/org/hibernate/javax/persistence/hibernate-jpa-2.1-api/1.0.0.Final/hibernate-jpa-2.1-api-1.0.0.Final.jar:/scratch/dginelli/workspace/repairnator-repairnator-experiments-roberthamel-project2-server-356012763-20180320-201253-firstCommit/.m2/org/javassist/javassist/3.22.0-GA/javassist-3.22.0-GA.jar:/scratch/dginelli/workspace/repairnator-repairnator-experiments-roberthamel-project2-server-356012763-20180320-201253-firstCommit/.m2/antlr/antlr/2.7.7/antlr-2.7.7.jar:/scratch/dginelli/workspace/repairnator-repairnator-experiments-roberthamel-project2-server-356012763-20180320-201253-firstCommit/.m2/org/jboss/jandex/2.0.3.Final/jandex-2.0.3.Final.jar:/scratch/dginelli/workspace/repairnator-repairnator-experiments-roberthamel-project2-server-356012763-20180320-201253-firstCommit/.m2/com/fasterxml/classmate/1.3.4/classmate-1.3.4.jar:/scratch/dginelli/workspace/repairnator-repairnator-experiments-roberthamel-project2-server-356012763-20180320-201253-firstCommit/.m2/dom4j/dom4j/1.6.1/dom4j-1.6.1.jar:/scratch/dginelli/workspace/repairnator-repairnator-experiments-roberthamel-project2-server-356012763-20180320-201253-firstCommit/.m2/org/hibernate/common/hibernate-commons-annotations/5.0.1.Final/hibernate-commons-annotations-5.0.1.Final.jar:/scratch/dginelli/workspace/repairnator-repairnator-experiments-roberthamel-project2-server-356012763-20180320-201253-firstCommit/.m2/javax/transaction/javax.transaction-api/1.2/javax.transaction-api-1.2.jar:/scratch/dginelli/workspace/repairnator-repairnator-experiments-roberthamel-project2-server-356012763-20180320-201253-firstCommit/.m2/org/springframework/data/spring-data-jpa/2.0.5.RELEASE/spring-data-jpa-2.0.5.RELEASE.jar:/scratch/dginelli/workspace/repairnator-repairnator-experiments-roberthamel-project2-server-356012763-20180320-201253-firstCommit/.m2/org/springframework/data/spring-data-commons/2.0.5.RELEASE/spring-data-commons-2.0.5.RELEASE.jar:/scratch/dginelli/workspace/repairnator-repairnator-experiments-roberthamel-project2-server-356012763-20180320-201253-firstCommit/.m2/org/springframework/spring-orm/5.0.4.RELEASE/spring-orm-5.0.4.RELEASE.jar:/scratch/dginelli/workspace/repairnator-repairnator-experiments-roberthamel-project2-server-356012763-20180320-201253-firstCommit/.m2/org/springframework/spring-tx/5.0.4.RELEASE/spring-tx-5.0.4.RELEASE.jar:/scratch/dginelli/workspace/repairnator-repairnator-experiments-roberthamel-project2-server-356012763-20180320-201253-firstCommit/.m2/org/springframework/spring-beans/5.0.4.RELEASE/spring-beans-5.0.4.RELEASE.jar:/scratch/dginelli/workspace/repairnator-repairnator-experiments-roberthamel-project2-server-356012763-20180320-201253-firstCommit/.m2/org/springframework/spring-aspects/5.0.4.RELEASE/spring-aspects-5.0.4.RELEASE.jar:/scratch/dginelli/workspace/repairnator-repairnator-experiments-roberthamel-project2-server-356012763-20180320-201253-firstCommit/.m2/org/springframework/boot/spring-boot-starter-data-rest/2.0.0.RELEASE/spring-boot-starter-data-rest-2.0.0.RELEASE.jar:/scratch/dginelli/workspace/repairnator-repairnator-experiments-roberthamel-project2-server-356012763-20180320-201253-firstCommit/.m2/org/springframework/boot/spring-boot-starter-json/2.0.0.RELEASE/spring-boot-starter-json-2.0.0.RELEASE.jar:/scratch/dginelli/workspace/repairnator-repairnator-experiments-roberthamel-project2-server-356012763-20180320-201253-firstCommit/.m2/com/fasterxml/jackson/datatype/jackson-datatype-jdk8/2.9.4/jackson-datatype-jdk8-2.9.4.jar:/scratch/dginelli/workspace/repairnator-repairnator-experiments-roberthamel-project2-server-356012763-20180320-201253-firstCommit/.m2/com/fasterxml/jackson/module/jackson-module-parameter-names/2.9.4/jackson-module-parameter-names-2.9.4.jar:/scratch/dginelli/workspace/repairnator-repairnator-experiments-roberthamel-project2-server-356012763-20180320-201253-firstCommit/.m2/org/springframework/data/spring-data-rest-webmvc/3.0.5.RELEASE/spring-data-rest-webmvc-3.0.5.RELEASE.jar:/scratch/dginelli/workspace/repairnator-repairnator-experiments-roberthamel-project2-server-356012763-20180320-201253-firstCommit/.m2/org/springframework/data/spring-data-rest-core/3.0.5.RELEASE/spring-data-rest-core-3.0.5.RELEASE.jar:/scratch/dginelli/workspace/repairnator-repairnator-experiments-roberthamel-project2-server-356012763-20180320-201253-firstCommit/.m2/org/springframework/hateoas/spring-hateoas/0.24.0.RELEASE/spring-hateoas-0.24.0.RELEASE.jar:/scratch/dginelli/workspace/repairnator-repairnator-experiments-roberthamel-project2-server-356012763-20180320-201253-firstCommit/.m2/org/springframework/plugin/spring-plugin-core/1.2.0.RELEASE/spring-plugin-core-1.2.0.RELEASE.jar:/scratch/dginelli/workspace/repairnator-repairnator-experiments-roberthamel-project2-server-356012763-20180320-201253-firstCommit/.m2/org/atteo/evo-inflector/1.2.2/evo-inflector-1.2.2.jar:/scratch/dginelli/workspace/repairnator-repairnator-experiments-roberthamel-project2-server-356012763-20180320-201253-firstCommit/.m2/org/springframework/boot/spring-boot-starter-jdbc/2.0.0.RELEASE/spring-boot-starter-jdbc-2.0.0.RELEASE.jar:/scratch/dginelli/workspace/repairnator-repairnator-experiments-roberthamel-project2-server-356012763-20180320-201253-firstCommit/.m2/com/zaxxer/HikariCP/2.7.8/HikariCP-2.7.8.jar:/scratch/dginelli/workspace/repairnator-repairnator-experiments-roberthamel-project2-server-356012763-20180320-201253-firstCommit/.m2/org/springframework/spring-jdbc/5.0.4.RELEASE/spring-jdbc-5.0.4.RELEASE.jar:/scratch/dginelli/workspace/repairnator-repairnator-experiments-roberthamel-project2-server-356012763-20180320-201253-firstCommit/.m2/org/springframework/boot/spring-boot-starter-jersey/2.0.0.RELEASE/spring-boot-starter-jersey-2.0.0.RELEASE.jar:/scratch/dginelli/workspace/repairnator-repairnator-experiments-roberthamel-project2-server-356012763-20180320-201253-firstCommit/.m2/org/springframework/boot/spring-boot-starter-tomcat/2.0.0.RELEASE/spring-boot-starter-tomcat-2.0.0.RELEASE.jar:/scratch/dginelli/workspace/repairnator-repairnator-experiments-roberthamel-project2-server-356012763-20180320-201253-firstCommit/.m2/org/apache/tomcat/embed/tomcat-embed-core/8.5.28/tomcat-embed-core-8.5.28.jar:/scratch/dginelli/workspace/repairnator-repairnator-experiments-roberthamel-project2-server-356012763-20180320-201253-firstCommit/.m2/org/apache/tomcat/embed/tomcat-embed-el/8.5.28/tomcat-embed-el-8.5.28.jar:/scratch/dginelli/workspace/repairnator-repairnator-experiments-roberthamel-project2-server-356012763-20180320-201253-firstCommit/.m2/org/apache/tomcat/embed/tomcat-embed-websocket/8.5.28/tomcat-embed-websocket-8.5.28.jar:/scratch/dginelli/workspace/repairnator-repairnator-experiments-roberthamel-project2-server-356012763-20180320-201253-firstCommit/.m2/org/springframework/boot/spring-boot-starter-validation/2.0.0.RELEASE/spring-boot-starter-validation-2.0.0.RELEASE.jar:/scratch/dginelli/workspace/repairnator-repairnator-experiments-roberthamel-project2-server-356012763-20180320-201253-firstCommit/.m2/org/springframework/spring-web/5.0.4.RELEASE/spring-web-5.0.4.RELEASE.jar:/scratch/dginelli/workspace/repairnator-repairnator-experiments-roberthamel-project2-server-356012763-20180320-201253-firstCommit/.m2/org/glassfish/jersey/core/jersey-server/2.26/jersey-server-2.26.jar:/scratch/dginelli/workspace/repairnator-repairnator-experiments-roberthamel-project2-server-356012763-20180320-201253-firstCommit/.m2/org/glassfish/jersey/core/jersey-common/2.26/jersey-common-2.26.jar:/scratch/dginelli/workspace/repairnator-repairnator-experiments-roberthamel-project2-server-356012763-20180320-201253-firstCommit/.m2/org/glassfish/hk2/osgi-resource-locator/1.0.1/osgi-resource-locator-1.0.1.jar:/scratch/dginelli/workspace/repairnator-repairnator-experiments-roberthamel-project2-server-356012763-20180320-201253-firstCommit/.m2/org/glassfish/jersey/core/jersey-client/2.26/jersey-client-2.26.jar:/scratch/dginelli/workspace/repairnator-repairnator-experiments-roberthamel-project2-server-356012763-20180320-201253-firstCommit/.m2/javax/ws/rs/javax.ws.rs-api/2.1/javax.ws.rs-api-2.1.jar:/scratch/dginelli/workspace/repairnator-repairnator-experiments-roberthamel-project2-server-356012763-20180320-201253-firstCommit/.m2/org/glassfish/jersey/media/jersey-media-jaxb/2.26/jersey-media-jaxb-2.26.jar:/scratch/dginelli/workspace/repairnator-repairnator-experiments-roberthamel-project2-server-356012763-20180320-201253-firstCommit/.m2/javax/validation/validation-api/2.0.1.Final/validation-api-2.0.1.Final.jar:/scratch/dginelli/workspace/repairnator-repairnator-experiments-roberthamel-project2-server-356012763-20180320-201253-firstCommit/.m2/org/glassfish/jersey/containers/jersey-container-servlet-core/2.26/jersey-container-servlet-core-2.26.jar:/scratch/dginelli/workspace/repairnator-repairnator-experiments-roberthamel-project2-server-356012763-20180320-201253-firstCommit/.m2/org/glassfish/jersey/containers/jersey-container-servlet/2.26/jersey-container-servlet-2.26.jar:/scratch/dginelli/workspace/repairnator-repairnator-experiments-roberthamel-project2-server-356012763-20180320-201253-firstCommit/.m2/org/glassfish/jersey/ext/jersey-bean-validation/2.26/jersey-bean-validation-2.26.jar:/scratch/dginelli/workspace/repairnator-repairnator-experiments-roberthamel-project2-server-356012763-20180320-201253-firstCommit/.m2/org/glassfish/jersey/ext/jersey-spring4/2.26/jersey-spring4-2.26.jar:/scratch/dginelli/workspace/repairnator-repairnator-experiments-roberthamel-project2-server-356012763-20180320-201253-firstCommit/.m2/org/glassfish/jersey/inject/jersey-hk2/2.26/jersey-hk2-2.26.jar:/scratch/dginelli/workspace/repairnator-repairnator-experiments-roberthamel-project2-server-356012763-20180320-201253-firstCommit/.m2/org/glassfish/hk2/hk2-locator/2.5.0-b42/hk2-locator-2.5.0-b42.jar:/scratch/dginelli/workspace/repairnator-repairnator-experiments-roberthamel-project2-server-356012763-20180320-201253-firstCommit/.m2/org/glassfish/hk2/external/aopalliance-repackaged/2.5.0-b42/aopalliance-repackaged-2.5.0-b42.jar:/scratch/dginelli/workspace/repairnator-repairnator-experiments-roberthamel-project2-server-356012763-20180320-201253-firstCommit/.m2/org/glassfish/hk2/hk2/2.5.0-b42/hk2-2.5.0-b42.jar:/scratch/dginelli/workspace/repairnator-repairnator-experiments-roberthamel-project2-server-356012763-20180320-201253-firstCommit/.m2/org/glassfish/hk2/hk2-utils/2.5.0-b42/hk2-utils-2.5.0-b42.jar:/scratch/dginelli/workspace/repairnator-repairnator-experiments-roberthamel-project2-server-356012763-20180320-201253-firstCommit/.m2/javax/inject/javax.inject/1/javax.inject-1.jar:/scratch/dginelli/workspace/repairnator-repairnator-experiments-roberthamel-project2-server-356012763-20180320-201253-firstCommit/.m2/org/glassfish/hk2/hk2-api/2.5.0-b42/hk2-api-2.5.0-b42.jar:/scratch/dginelli/workspace/repairnator-repairnator-experiments-roberthamel-project2-server-356012763-20180320-201253-firstCommit/.m2/org/glassfish/hk2/config-types/2.5.0-b42/config-types-2.5.0-b42.jar:/scratch/dginelli/workspace/repairnator-repairnator-experiments-roberthamel-project2-server-356012763-20180320-201253-firstCommit/.m2/org/glassfish/hk2/hk2-core/2.5.0-b42/hk2-core-2.5.0-b42.jar:/scratch/dginelli/workspace/repairnator-repairnator-experiments-roberthamel-project2-server-356012763-20180320-201253-firstCommit/.m2/org/glassfish/hk2/hk2-config/2.5.0-b42/hk2-config-2.5.0-b42.jar:/scratch/dginelli/workspace/repairnator-repairnator-experiments-roberthamel-project2-server-356012763-20180320-201253-firstCommit/.m2/org/glassfish/hk2/hk2-runlevel/2.5.0-b42/hk2-runlevel-2.5.0-b42.jar:/scratch/dginelli/workspace/repairnator-repairnator-experiments-roberthamel-project2-server-356012763-20180320-201253-firstCommit/.m2/org/glassfish/hk2/class-model/2.5.0-b42/class-model-2.5.0-b42.jar:/scratch/dginelli/workspace/repairnator-repairnator-experiments-roberthamel-project2-server-356012763-20180320-201253-firstCommit/.m2/org/glassfish/hk2/external/asm-all-repackaged/2.5.0-b42/asm-all-repackaged-2.5.0-b42.jar:/scratch/dginelli/workspace/repairnator-repairnator-experiments-roberthamel-project2-server-356012763-20180320-201253-firstCommit/.m2/org/glassfish/hk2/spring-bridge/2.5.0-b42/spring-bridge-2.5.0-b42.jar:/scratch/dginelli/workspace/repairnator-repairnator-experiments-roberthamel-project2-server-356012763-20180320-201253-firstCommit/.m2/org/glassfish/jersey/media/jersey-media-json-jackson/2.26/jersey-media-json-jackson-2.26.jar:/scratch/dginelli/workspace/repairnator-repairnator-experiments-roberthamel-project2-server-356012763-20180320-201253-firstCommit/.m2/org/glassfish/jersey/ext/jersey-entity-filtering/2.26/jersey-entity-filtering-2.26.jar:/scratch/dginelli/workspace/repairnator-repairnator-experiments-roberthamel-project2-server-356012763-20180320-201253-firstCommit/.m2/com/fasterxml/jackson/module/jackson-module-jaxb-annotations/2.9.4/jackson-module-jaxb-annotations-2.9.4.jar:/scratch/dginelli/workspace/repairnator-repairnator-experiments-roberthamel-project2-server-356012763-20180320-201253-firstCommit/.m2/org/springframework/boot/spring-boot-starter-security/2.0.0.RELEASE/spring-boot-starter-security-2.0.0.RELEASE.jar:/scratch/dginelli/workspace/repairnator-repairnator-experiments-roberthamel-project2-server-356012763-20180320-201253-firstCommit/.m2/org/springframework/spring-aop/5.0.4.RELEASE/spring-aop-5.0.4.RELEASE.jar:/scratch/dginelli/workspace/repairnator-repairnator-experiments-roberthamel-project2-server-356012763-20180320-201253-firstCommit/.m2/org/springframework/security/spring-security-config/5.0.3.RELEASE/spring-security-config-5.0.3.RELEASE.jar:/scratch/dginelli/workspace/repairnator-repairnator-experiments-roberthamel-project2-server-356012763-20180320-201253-firstCommit/.m2/org/springframework/security/spring-security-web/5.0.3.RELEASE/spring-security-web-5.0.3.RELEASE.jar:/scratch/dginelli/workspace/repairnator-repairnator-experiments-roberthamel-project2-server-356012763-20180320-201253-firstCommit/.m2/org/springframework/spring-expression/5.0.4.RELEASE/spring-expression-5.0.4.RELEASE.jar:/scratch/dginelli/workspace/repairnator-repairnator-experiments-roberthamel-project2-server-356012763-20180320-201253-firstCommit/.m2/org/springframework/boot/spring-boot-starter-web/2.0.0.RELEASE/spring-boot-starter-web-2.0.0.RELEASE.jar:/scratch/dginelli/workspace/repairnator-repairnator-experiments-roberthamel-project2-server-356012763-20180320-201253-firstCommit/.m2/org/hibernate/validator/hibernate-validator/6.0.7.Final/hibernate-validator-6.0.7.Final.jar:/scratch/dginelli/workspace/repairnator-repairnator-experiments-roberthamel-project2-server-356012763-20180320-201253-firstCommit/.m2/org/springframework/spring-webmvc/5.0.4.RELEASE/spring-webmvc-5.0.4.RELEASE.jar:/scratch/dginelli/workspace/repairnator-repairnator-experiments-roberthamel-project2-server-356012763-20180320-201253-firstCommit/.m2/io/jsonwebtoken/jjwt/0.9.0/jjwt-0.9.0.jar:/scratch/dginelli/workspace/repairnator-repairnator-experiments-roberthamel-project2-server-356012763-20180320-201253-firstCommit/.m2/com/fasterxml/jackson/core/jackson-databind/2.9.4/jackson-databind-2.9.4.jar:/scratch/dginelli/workspace/repairnator-repairnator-experiments-roberthamel-project2-server-356012763-20180320-201253-firstCommit/.m2/com/fasterxml/jackson/datatype/jackson-datatype-jsr310/2.9.4/jackson-datatype-jsr310-2.9.4.jar:/scratch/dginelli/workspace/repairnator-repairnator-experiments-roberthamel-project2-server-356012763-20180320-201253-firstCommit/.m2/com/fasterxml/jackson/core/jackson-annotations/2.9.0/jackson-annotations-2.9.0.jar:/scratch/dginelli/workspace/repairnator-repairnator-experiments-roberthamel-project2-server-356012763-20180320-201253-firstCommit/.m2/com/fasterxml/jackson/core/jackson-core/2.9.4/jackson-core-2.9.4.jar:/scratch/dginelli/workspace/repairnator-repairnator-experiments-roberthamel-project2-server-356012763-20180320-201253-firstCommit/.m2/org/springframework/boot/spring-boot-devtools/2.0.0.RELEASE/spring-boot-devtools-2.0.0.RELEASE.jar:/scratch/dginelli/workspace/repairnator-repairnator-experiments-roberthamel-project2-server-356012763-20180320-201253-firstCommit/.m2/org/springframework/boot/spring-boot/2.0.0.RELEASE/spring-boot-2.0.0.RELEASE.jar:/scratch/dginelli/workspace/repairnator-repairnator-experiments-roberthamel-project2-server-356012763-20180320-201253-firstCommit/.m2/org/springframework/boot/spring-boot-autoconfigure/2.0.0.RELEASE/spring-boot-autoconfigure-2.0.0.RELEASE.jar:/scratch/dginelli/workspace/repairnator-repairnator-experiments-roberthamel-project2-server-356012763-20180320-201253-firstCommit/.m2/com/jayway/jsonpath/json-path/2.4.0/json-path-2.4.0.jar:/scratch/dginelli/workspace/repairnator-repairnator-experiments-roberthamel-project2-server-356012763-20180320-201253-firstCommit/.m2/net/minidev/json-smart/2.3/json-smart-2.3.jar:/scratch/dginelli/workspace/repairnator-repairnator-experiments-roberthamel-project2-server-356012763-20180320-201253-firstCommit/.m2/net/minidev/accessors-smart/1.2/accessors-smart-1.2.jar:/scratch/dginelli/workspace/repairnator-repairnator-experiments-roberthamel-project2-server-356012763-20180320-201253-firstCommit/.m2/org/ow2/asm/asm/5.0.4/asm-5.0.4.jar:/scratch/dginelli/workspace/repairnator-repairnator-experiments-roberthamel-project2-server-356012763-20180320-201253-firstCommit/.m2/org/slf4j/slf4j-api/1.7.25/slf4j-api-1.7.25.jar:/scratch/dginelli/workspace/repairnator-repairnator-experiments-roberthamel-project2-server-356012763-20180320-201253-firstCommit/.m2/com/h2database/h2/1.4.196/h2-1.4.196.jar:/scratch/dginelli/workspace/repairnator-repairnator-experiments-roberthamel-project2-server-356012763-20180320-201253-firstCommit/.m2/org/postgresql/postgresql/42.2.1/postgresql-42.2.1.jar:/scratch/dginelli/workspace/repairnator-repairnator-experiments-roberthamel-project2-server-356012763-20180320-201253-firstCommit/.m2/org/projectlombok/lombok/1.16.20/lombok-1.16.20.jar:/scratch/dginelli/workspace/repairnator-repairnator-experiments-roberthamel-project2-server-356012763-20180320-201253-firstCommit/.m2/com/github/javafaker/javafaker/0.14/javafaker-0.14.jar:/scratch/dginelli/workspace/repairnator-repairnator-experiments-roberthamel-project2-server-356012763-20180320-201253-firstCommit/.m2/org/apache/commons/commons-lang3/3.7/commons-lang3-3.7.jar:/scratch/dginelli/workspace/repairnator-repairnator-experiments-roberthamel-project2-server-356012763-20180320-201253-firstCommit/.m2/org/yaml/snakeyaml/1.19/snakeyaml-1.19-android.jar:/scratch/dginelli/workspace/repairnator-repairnator-experiments-roberthamel-project2-server-356012763-20180320-201253-firstCommit/.m2/com/github/mifmif/generex/1.0.2/generex-1.0.2.jar:/scratch/dginelli/workspace/repairnator-repairnator-experiments-roberthamel-project2-server-356012763-20180320-201253-firstCommit/.m2/dk/brics/automaton/automaton/1.11-8/automaton-1.11-8.jar:/scratch/dginelli/workspace/repairnator-repairnator-experiments-roberthamel-project2-server-356012763-20180320-201253-firstCommit/.m2/org/springframework/boot/spring-boot-starter-test/2.0.0.RELEASE/spring-boot-starter-test-2.0.0.RELEASE.jar:/scratch/dginelli/workspace/repairnator-repairnator-experiments-roberthamel-project2-server-356012763-20180320-201253-firstCommit/.m2/org/springframework/boot/spring-boot-test-autoconfigure/2.0.0.RELEASE/spring-boot-test-autoconfigure-2.0.0.RELEASE.jar:/scratch/dginelli/workspace/repairnator-repairnator-experiments-roberthamel-project2-server-356012763-20180320-201253-firstCommit/.m2/org/assertj/assertj-core/3.9.1/assertj-core-3.9.1.jar:/scratch/dginelli/workspace/repairnator-repairnator-experiments-roberthamel-project2-server-356012763-20180320-201253-firstCommit/.m2/org/mockito/mockito-core/2.15.0/mockito-core-2.15.0.jar:/scratch/dginelli/workspace/repairnator-repairnator-experiments-roberthamel-project2-server-356012763-20180320-201253-firstCommit/.m2/net/bytebuddy/byte-buddy/1.7.10/byte-buddy-1.7.10.jar:/scratch/dginelli/workspace/repairnator-repairnator-experiments-roberthamel-project2-server-356012763-20180320-201253-firstCommit/.m2/net/bytebuddy/byte-buddy-agent/1.7.10/byte-buddy-agent-1.7.10.jar:/scratch/dginelli/workspace/repairnator-repairnator-experiments-roberthamel-project2-server-356012763-20180320-201253-firstCommit/.m2/org/objenesis/objenesis/2.6/objenesis-2.6.jar:/scratch/dginelli/workspace/repairnator-repairnator-experiments-roberthamel-project2-server-356012763-20180320-201253-firstCommit/.m2/org/hamcrest/hamcrest-core/1.3/hamcrest-core-1.3.jar:/scratch/dginelli/workspace/repairnator-repairnator-experiments-roberthamel-project2-server-356012763-20180320-201253-firstCommit/.m2/org/hamcrest/hamcrest-library/1.3/hamcrest-library-1.3.jar:/scratch/dginelli/workspace/repairnator-repairnator-experiments-roberthamel-project2-server-356012763-20180320-201253-firstCommit/.m2/org/skyscreamer/jsonassert/1.5.0/jsonassert-1.5.0.jar:/scratch/dginelli/workspace/repairnator-repairnator-experiments-roberthamel-project2-server-356012763-20180320-201253-firstCommit/.m2/com/vaadin/external/google/android-json/0.0.20131108.vaadin1/android-json-0.0.20131108.vaadin1.jar:/scratch/dginelli/workspace/repairnator-repairnator-experiments-roberthamel-project2-server-356012763-20180320-201253-firstCommit/.m2/org/springframework/spring-core/5.0.4.RELEASE/spring-core-5.0.4.RELEASE.jar:/scratch/dginelli/workspace/repairnator-repairnator-experiments-roberthamel-project2-server-356012763-20180320-201253-firstCommit/.m2/org/springframework/spring-jcl/5.0.4.RELEASE/spring-jcl-5.0.4.RELEASE.jar:/scratch/dginelli/workspace/repairnator-repairnator-experiments-roberthamel-project2-server-356012763-20180320-201253-firstCommit/.m2/org/xmlunit/xmlunit-core/2.5.1/xmlunit-core-2.5.1.jar:/scratch/dginelli/workspace/repairnator-repairnator-experiments-roberthamel-project2-server-356012763-20180320-201253-firstCommit/.m2/org/springframework/restdocs/spring-restdocs-mockmvc/2.0.0.RELEASE/spring-restdocs-mockmvc-2.0.0.RELEASE.jar:/scratch/dginelli/workspace/repairnator-repairnator-experiments-roberthamel-project2-server-356012763-20180320-201253-firstCommit/.m2/javax/servlet/javax.servlet-api/3.1.0/javax.servlet-api-3.1.0.jar:/scratch/dginelli/workspace/repairnator-repairnator-experiments-roberthamel-project2-server-356012763-20180320-201253-firstCommit/.m2/org/springframework/restdocs/spring-restdocs-core/2.0.0.RELEASE/spring-restdocs-core-2.0.0.RELEASE.jar:/scratch/dginelli/workspace/repairnator-repairnator-experiments-roberthamel-project2-server-356012763-20180320-201253-firstCommit/.m2/org/springframework/security/spring-security-test/5.0.3.RELEASE/spring-security-test-5.0.3.RELEASE.jar:/scratch/dginelli/workspace/repairnator-repairnator-experiments-roberthamel-project2-server-356012763-20180320-201253-firstCommit/.m2/org/springframework/security/spring-security-core/5.0.3.RELEASE/spring-security-core-5.0.3.RELEASE.jar:/scratch/dginelli/workspace/repairnator-repairnator-experiments-roberthamel-project2-server-356012763-20180320-201253-firstCommit/.m2/junit/junit/4.12/junit-4.12.jar:/scratch/dginelli/workspace/repairnator-repairnator-experiments-roberthamel-project2-server-356012763-20180320-201253-firstCommit/.m2/org/springframework/spring-test/5.0.4.RELEASE/spring-test-5.0.4.RELEASE.jar:/scratch/dginelli/workspace/repairnator-repairnator-experiments-roberthamel-project2-server-356012763-20180320-201253-firstCommit/.m2/org/springframework/boot/spring-boot-test/2.0.0.RELEASE/spring-boot-test-2.0.0.RELEASE.jar:/scratch/dginelli/workspace/repairnator-repairnator-experiments-roberthamel-project2-server-356012763-20180320-201253-firstCommit/.m2/io/rest-assured/rest-assured/3.0.7/rest-assured-3.0.7.jar:/scratch/dginelli/workspace/repairnator-repairnator-experiments-roberthamel-project2-server-356012763-20180320-201253-firstCommit/.m2/org/codehaus/groovy/groovy/2.4.13/groovy-2.4.13.jar:/scratch/dginelli/workspace/repairnator-repairnator-experiments-roberthamel-project2-server-356012763-20180320-201253-firstCommit/.m2/org/codehaus/groovy/groovy-xml/2.4.13/groovy-xml-2.4.13.jar:/scratch/dginelli/workspace/repairnator-repairnator-experiments-roberthamel-project2-server-356012763-20180320-201253-firstCommit/.m2/org/apache/httpcomponents/httpclient/4.5.5/httpclient-4.5.5.jar:/scratch/dginelli/workspace/repairnator-repairnator-experiments-roberthamel-project2-server-356012763-20180320-201253-firstCommit/.m2/org/apache/httpcomponents/httpcore/4.4.9/httpcore-4.4.9.jar:/scratch/dginelli/workspace/repairnator-repairnator-experiments-roberthamel-project2-server-356012763-20180320-201253-firstCommit/.m2/commons-codec/commons-codec/1.11/commons-codec-1.11.jar:/scratch/dginelli/workspace/repairnator-repairnator-experiments-roberthamel-project2-server-356012763-20180320-201253-firstCommit/.m2/org/apache/httpcomponents/httpmime/4.5.5/httpmime-4.5.5.jar:/scratch/dginelli/workspace/repairnator-repairnator-experiments-roberthamel-project2-server-356012763-20180320-201253-firstCommit/.m2/org/ccil/cowan/tagsoup/tagsoup/1.2.1/tagsoup-1.2.1.jar:/scratch/dginelli/workspace/repairnator-repairnator-experiments-roberthamel-project2-server-356012763-20180320-201253-firstCommit/.m2/io/rest-assured/json-path/3.0.7/json-path-3.0.7.jar:/scratch/dginelli/workspace/repairnator-repairnator-experiments-roberthamel-project2-server-356012763-20180320-201253-firstCommit/.m2/org/codehaus/groovy/groovy-json/2.4.13/groovy-json-2.4.13.jar:/scratch/dginelli/workspace/repairnator-repairnator-experiments-roberthamel-project2-server-356012763-20180320-201253-firstCommit/.m2/io/rest-assured/rest-assured-common/3.0.7/rest-assured-common-3.0.7.jar:/scratch/dginelli/workspace/repairnator-repairnator-experiments-roberthamel-project2-server-356012763-20180320-201253-firstCommit/.m2/io/rest-assured/xml-path/3.0.7/xml-path-3.0.7.jar:/scratch/dginelli/workspace/repairnator-repairnator-experiments-roberthamel-project2-server-356012763-20180320-201253-firstCommit/.m2/javax/xml/bind/jaxb-api/2.3.0/jaxb-api-2.3.0.jar:/scratch/dginelli/workspace/repairnator-repairnator-experiments-roberthamel-project2-server-356012763-20180320-201253-firstCommit/.m2/io/rest-assured/spring-mock-mvc/3.0.7/spring-mock-mvc-3.0.7.jar:, java.specification.name=Java Platform API Specification, java.class.version=52.0, skip.bower=true, sun.management.compiler=HotSpot 64-Bit Tiered Compilers, maven.repo.local=/scratch/dginelli/workspace/repairnator-repairnator-experiments-roberthamel-project2-server-356012763-20180320-201253-firstCommit/.m2, os.version=4.15.0-91-generic, user.home=/home/d/dginelli, user.timezone=Europe/Stockholm, java.awt.printerjob=sun.print.PSPrinterJob, file.encoding=UTF-8, java.specification.version=1.8, java.class.path=/scratch/dginelli/workspace/repairnator-repairnator-experiments-roberthamel-project2-server-356012763-20180320-201253-firstCommit/target/test-classes:/scratch/dginelli/workspace/repairnator-repairnator-experiments-roberthamel-project2-server-356012763-20180320-201253-firstCommit/target/classes:/scratch/dginelli/workspace/repairnator-repairnator-experiments-roberthamel-project2-server-356012763-20180320-201253-firstCommit/.m2/org/springframework/boot/spring-boot-starter-actuator/2.0.0.RELEASE/spring-boot-starter-actuator-2.0.0.RELEASE.jar:/scratch/dginelli/workspace/repairnator-repairnator-experiments-roberthamel-project2-server-356012763-20180320-201253-firstCommit/.m2/org/springframework/boot/spring-boot-starter/2.0.0.RELEASE/spring-boot-starter-2.0.0.RELEASE.jar:/scratch/dginelli/workspace/repairnator-repairnator-experiments-roberthamel-project2-server-356012763-20180320-201253-firstCommit/.m2/org/springframework/boot/spring-boot-starter-logging/2.0.0.RELEASE/spring-boot-starter-logging-2.0.0.RELEASE.jar:/scratch/dginelli/workspace/repairnator-repairnator-experiments-roberthamel-project2-server-356012763-20180320-201253-firstCommit/.m2/ch/qos/logback/logback-classic/1.2.3/logback-classic-1.2.3.jar:/scratch/dginelli/workspace/repairnator-repairnator-experiments-roberthamel-project2-server-356012763-20180320-201253-firstCommit/.m2/ch/qos/logback/logback-core/1.2.3/logback-core-1.2.3.jar:/scratch/dginelli/workspace/repairnator-repairnator-experiments-roberthamel-project2-server-356012763-20180320-201253-firstCommit/.m2/org/apache/logging/log4j/log4j-to-slf4j/2.10.0/log4j-to-slf4j-2.10.0.jar:/scratch/dginelli/workspace/repairnator-repairnator-experiments-roberthamel-project2-server-356012763-20180320-201253-firstCommit/.m2/org/apache/logging/log4j/log4j-api/2.10.0/log4j-api-2.10.0.jar:/scratch/dginelli/workspace/repairnator-repairnator-experiments-roberthamel-project2-server-356012763-20180320-201253-firstCommit/.m2/org/slf4j/jul-to-slf4j/1.7.25/jul-to-slf4j-1.7.25.jar:/scratch/dginelli/workspace/repairnator-repairnator-experiments-roberthamel-project2-server-356012763-20180320-201253-firstCommit/.m2/javax/annotation/javax.annotation-api/1.3.2/javax.annotation-api-1.3.2.jar:/scratch/dginelli/workspace/repairnator-repairnator-experiments-roberthamel-project2-server-356012763-20180320-201253-firstCommit/.m2/org/yaml/snakeyaml/1.19/snakeyaml-1.19.jar:/scratch/dginelli/workspace/repairnator-repairnator-experiments-roberthamel-project2-server-356012763-20180320-201253-firstCommit/.m2/org/springframework/boot/spring-boot-actuator-autoconfigure/2.0.0.RELEASE/spring-boot-actuator-autoconfigure-2.0.0.RELEASE.jar:/scratch/dginelli/workspace/repairnator-repairnator-experiments-roberthamel-project2-server-356012763-20180320-201253-firstCommit/.m2/org/springframework/boot/spring-boot-actuator/2.0.0.RELEASE/spring-boot-actuator-2.0.0.RELEASE.jar:/scratch/dginelli/workspace/repairnator-repairnator-experiments-roberthamel-project2-server-356012763-20180320-201253-firstCommit/.m2/org/springframework/spring-context/5.0.4.RELEASE/spring-context-5.0.4.RELEASE.jar:/scratch/dginelli/workspace/repairnator-repairnator-experiments-roberthamel-project2-server-356012763-20180320-201253-firstCommit/.m2/io/micrometer/micrometer-core/1.0.1/micrometer-core-1.0.1.jar:/scratch/dginelli/workspace/repairnator-repairnator-experiments-roberthamel-project2-server-356012763-20180320-201253-firstCommit/.m2/org/hdrhistogram/HdrHistogram/2.1.10/HdrHistogram-2.1.10.jar:/scratch/dginelli/workspace/repairnator-repairnator-experiments-roberthamel-project2-server-356012763-20180320-201253-firstCommit/.m2/org/latencyutils/LatencyUtils/2.0.3/LatencyUtils-2.0.3.jar:/scratch/dginelli/workspace/repairnator-repairnator-experiments-roberthamel-project2-server-356012763-20180320-201253-firstCommit/.m2/org/springframework/boot/spring-boot-starter-data-jpa/2.0.0.RELEASE/spring-boot-starter-data-jpa-2.0.0.RELEASE.jar:/scratch/dginelli/workspace/repairnator-repairnator-experiments-roberthamel-project2-server-356012763-20180320-201253-firstCommit/.m2/org/springframework/boot/spring-boot-starter-aop/2.0.0.RELEASE/spring-boot-starter-aop-2.0.0.RELEASE.jar:/scratch/dginelli/workspace/repairnator-repairnator-experiments-roberthamel-project2-server-356012763-20180320-201253-firstCommit/.m2/org/aspectj/aspectjweaver/1.8.13/aspectjweaver-1.8.13.jar:/scratch/dginelli/workspace/repairnator-repairnator-experiments-roberthamel-project2-server-356012763-20180320-201253-firstCommit/.m2/org/hibernate/hibernate-core/5.2.14.Final/hibernate-core-5.2.14.Final.jar:/scratch/dginelli/workspace/repairnator-repairnator-experiments-roberthamel-project2-server-356012763-20180320-201253-firstCommit/.m2/org/jboss/logging/jboss-logging/3.3.2.Final/jboss-logging-3.3.2.Final.jar:/scratch/dginelli/workspace/repairnator-repairnator-experiments-roberthamel-project2-server-356012763-20180320-201253-firstCommit/.m2/org/hibernate/javax/persistence/hibernate-jpa-2.1-api/1.0.0.Final/hibernate-jpa-2.1-api-1.0.0.Final.jar:/scratch/dginelli/workspace/repairnator-repairnator-experiments-roberthamel-project2-server-356012763-20180320-201253-firstCommit/.m2/org/javassist/javassist/3.22.0-GA/javassist-3.22.0-GA.jar:/scratch/dginelli/workspace/repairnator-repairnator-experiments-roberthamel-project2-server-356012763-20180320-201253-firstCommit/.m2/antlr/antlr/2.7.7/antlr-2.7.7.jar:/scratch/dginelli/workspace/repairnator-repairnator-experiments-roberthamel-project2-server-356012763-20180320-201253-firstCommit/.m2/org/jboss/jandex/2.0.3.Final/jandex-2.0.3.Final.jar:/scratch/dginelli/workspace/repairnator-repairnator-experiments-roberthamel-project2-server-356012763-20180320-201253-firstCommit/.m2/com/fasterxml/classmate/1.3.4/classmate-1.3.4.jar:/scratch/dginelli/workspace/repairnator-repairnator-experiments-roberthamel-project2-server-356012763-20180320-201253-firstCommit/.m2/dom4j/dom4j/1.6.1/dom4j-1.6.1.jar:/scratch/dginelli/workspace/repairnator-repairnator-experiments-roberthamel-project2-server-356012763-20180320-201253-firstCommit/.m2/org/hibernate/common/hibernate-commons-annotations/5.0.1.Final/hibernate-commons-annotations-5.0.1.Final.jar:/scratch/dginelli/workspace/repairnator-repairnator-experiments-roberthamel-project2-server-356012763-20180320-201253-firstCommit/.m2/javax/transaction/javax.transaction-api/1.2/javax.transaction-api-1.2.jar:/scratch/dginelli/workspace/repairnator-repairnator-experiments-roberthamel-project2-server-356012763-20180320-201253-firstCommit/.m2/org/springframework/data/spring-data-jpa/2.0.5.RELEASE/spring-data-jpa-2.0.5.RELEASE.jar:/scratch/dginelli/workspace/repairnator-repairnator-experiments-roberthamel-project2-server-356012763-20180320-201253-firstCommit/.m2/org/springframework/data/spring-data-commons/2.0.5.RELEASE/spring-data-commons-2.0.5.RELEASE.jar:/scratch/dginelli/workspace/repairnator-repairnator-experiments-roberthamel-project2-server-356012763-20180320-201253-firstCommit/.m2/org/springframework/spring-orm/5.0.4.RELEASE/spring-orm-5.0.4.RELEASE.jar:/scratch/dginelli/workspace/repairnator-repairnator-experiments-roberthamel-project2-server-356012763-20180320-201253-firstCommit/.m2/org/springframework/spring-tx/5.0.4.RELEASE/spring-tx-5.0.4.RELEASE.jar:/scratch/dginelli/workspace/repairnator-repairnator-experiments-roberthamel-project2-server-356012763-20180320-201253-firstCommit/.m2/org/springframework/spring-beans/5.0.4.RELEASE/spring-beans-5.0.4.RELEASE.jar:/scratch/dginelli/workspace/repairnator-repairnator-experiments-roberthamel-project2-server-356012763-20180320-201253-firstCommit/.m2/org/springframework/spring-aspects/5.0.4.RELEASE/spring-aspects-5.0.4.RELEASE.jar:/scratch/dginelli/workspace/repairnator-repairnator-experiments-roberthamel-project2-server-356012763-20180320-201253-firstCommit/.m2/org/springframework/boot/spring-boot-starter-data-rest/2.0.0.RELEASE/spring-boot-starter-data-rest-2.0.0.RELEASE.jar:/scratch/dginelli/workspace/repairnator-repairnator-experiments-roberthamel-project2-server-356012763-20180320-201253-firstCommit/.m2/org/springframework/boot/spring-boot-starter-json/2.0.0.RELEASE/spring-boot-starter-json-2.0.0.RELEASE.jar:/scratch/dginelli/workspace/repairnator-repairnator-experiments-roberthamel-project2-server-356012763-20180320-201253-firstCommit/.m2/com/fasterxml/jackson/datatype/jackson-datatype-jdk8/2.9.4/jackson-datatype-jdk8-2.9.4.jar:/scratch/dginelli/workspace/repairnator-repairnator-experiments-roberthamel-project2-server-356012763-20180320-201253-firstCommit/.m2/com/fasterxml/jackson/module/jackson-module-parameter-names/2.9.4/jackson-module-parameter-names-2.9.4.jar:/scratch/dginelli/workspace/repairnator-repairnator-experiments-roberthamel-project2-server-356012763-20180320-201253-firstCommit/.m2/org/springframework/data/spring-data-rest-webmvc/3.0.5.RELEASE/spring-data-rest-webmvc-3.0.5.RELEASE.jar:/scratch/dginelli/workspace/repairnator-repairnator-experiments-roberthamel-project2-server-356012763-20180320-201253-firstCommit/.m2/org/springframework/data/spring-data-rest-core/3.0.5.RELEASE/spring-data-rest-core-3.0.5.RELEASE.jar:/scratch/dginelli/workspace/repairnator-repairnator-experiments-roberthamel-project2-server-356012763-20180320-201253-firstCommit/.m2/org/springframework/hateoas/spring-hateoas/0.24.0.RELEASE/spring-hateoas-0.24.0.RELEASE.jar:/scratch/dginelli/workspace/repairnator-repairnator-experiments-roberthamel-project2-server-356012763-20180320-201253-firstCommit/.m2/org/springframework/plugin/spring-plugin-core/1.2.0.RELEASE/spring-plugin-core-1.2.0.RELEASE.jar:/scratch/dginelli/workspace/repairnator-repairnator-experiments-roberthamel-project2-server-356012763-20180320-201253-firstCommit/.m2/org/atteo/evo-inflector/1.2.2/evo-inflector-1.2.2.jar:/scratch/dginelli/workspace/repairnator-repairnator-experiments-roberthamel-project2-server-356012763-20180320-201253-firstCommit/.m2/org/springframework/boot/spring-boot-starter-jdbc/2.0.0.RELEASE/spring-boot-starter-jdbc-2.0.0.RELEASE.jar:/scratch/dginelli/workspace/repairnator-repairnator-experiments-roberthamel-project2-server-356012763-20180320-201253-firstCommit/.m2/com/zaxxer/HikariCP/2.7.8/HikariCP-2.7.8.jar:/scratch/dginelli/workspace/repairnator-repairnator-experiments-roberthamel-project2-server-356012763-20180320-201253-firstCommit/.m2/org/springframework/spring-jdbc/5.0.4.RELEASE/spring-jdbc-5.0.4.RELEASE.jar:/scratch/dginelli/workspace/repairnator-repairnator-experiments-roberthamel-project2-server-356012763-20180320-201253-firstCommit/.m2/org/springframework/boot/spring-boot-starter-jersey/2.0.0.RELEASE/spring-boot-starter-jersey-2.0.0.RELEASE.jar:/scratch/dginelli/workspace/repairnator-repairnator-experiments-roberthamel-project2-server-356012763-20180320-201253-firstCommit/.m2/org/springframework/boot/spring-boot-starter-tomcat/2.0.0.RELEASE/spring-boot-starter-tomcat-2.0.0.RELEASE.jar:/scratch/dginelli/workspace/repairnator-repairnator-experiments-roberthamel-project2-server-356012763-20180320-201253-firstCommit/.m2/org/apache/tomcat/embed/tomcat-embed-core/8.5.28/tomcat-embed-core-8.5.28.jar:/scratch/dginelli/workspace/repairnator-repairnator-experiments-roberthamel-project2-server-356012763-20180320-201253-firstCommit/.m2/org/apache/tomcat/embed/tomcat-embed-el/8.5.28/tomcat-embed-el-8.5.28.jar:/scratch/dginelli/workspace/repairnator-repairnator-experiments-roberthamel-project2-server-356012763-20180320-201253-firstCommit/.m2/org/apache/tomcat/embed/tomcat-embed-websocket/8.5.28/tomcat-embed-websocket-8.5.28.jar:/scratch/dginelli/workspace/repairnator-repairnator-experiments-roberthamel-project2-server-356012763-20180320-201253-firstCommit/.m2/org/springframework/boot/spring-boot-starter-validation/2.0.0.RELEASE/spring-boot-starter-validation-2.0.0.RELEASE.jar:/scratch/dginelli/workspace/repairnator-repairnator-experiments-roberthamel-project2-server-356012763-20180320-201253-firstCommit/.m2/org/springframework/spring-web/5.0.4.RELEASE/spring-web-5.0.4.RELEASE.jar:/scratch/dginelli/workspace/repairnator-repairnator-experiments-roberthamel-project2-server-356012763-20180320-201253-firstCommit/.m2/org/glassfish/jersey/core/jersey-server/2.26/jersey-server-2.26.jar:/scratch/dginelli/workspace/repairnator-repairnator-experiments-roberthamel-project2-server-356012763-20180320-201253-firstCommit/.m2/org/glassfish/jersey/core/jersey-common/2.26/jersey-common-2.26.jar:/scratch/dginelli/workspace/repairnator-repairnator-experiments-roberthamel-project2-server-356012763-20180320-201253-firstCommit/.m2/org/glassfish/hk2/osgi-resource-locator/1.0.1/osgi-resource-locator-1.0.1.jar:/scratch/dginelli/workspace/repairnator-repairnator-experiments-roberthamel-project2-server-356012763-20180320-201253-firstCommit/.m2/org/glassfish/jersey/core/jersey-client/2.26/jersey-client-2.26.jar:/scratch/dginelli/workspace/repairnator-repairnator-experiments-roberthamel-project2-server-356012763-20180320-201253-firstCommit/.m2/javax/ws/rs/javax.ws.rs-api/2.1/javax.ws.rs-api-2.1.jar:/scratch/dginelli/workspace/repairnator-repairnator-experiments-roberthamel-project2-server-356012763-20180320-201253-firstCommit/.m2/org/glassfish/jersey/media/jersey-media-jaxb/2.26/jersey-media-jaxb-2.26.jar:/scratch/dginelli/workspace/repairnator-repairnator-experiments-roberthamel-project2-server-356012763-20180320-201253-firstCommit/.m2/javax/validation/validation-api/2.0.1.Final/validation-api-2.0.1.Final.jar:/scratch/dginelli/workspace/repairnator-repairnator-experiments-roberthamel-project2-server-356012763-20180320-201253-firstCommit/.m2/org/glassfish/jersey/containers/jersey-container-servlet-core/2.26/jersey-container-servlet-core-2.26.jar:/scratch/dginelli/workspace/repairnator-repairnator-experiments-roberthamel-project2-server-356012763-20180320-201253-firstCommit/.m2/org/glassfish/jersey/containers/jersey-container-servlet/2.26/jersey-container-servlet-2.26.jar:/scratch/dginelli/workspace/repairnator-repairnator-experiments-roberthamel-project2-server-356012763-20180320-201253-firstCommit/.m2/org/glassfish/jersey/ext/jersey-bean-validation/2.26/jersey-bean-validation-2.26.jar:/scratch/dginelli/workspace/repairnator-repairnator-experiments-roberthamel-project2-server-356012763-20180320-201253-firstCommit/.m2/org/glassfish/jersey/ext/jersey-spring4/2.26/jersey-spring4-2.26.jar:/scratch/dginelli/workspace/repairnator-repairnator-experiments-roberthamel-project2-server-356012763-20180320-201253-firstCommit/.m2/org/glassfish/jersey/inject/jersey-hk2/2.26/jersey-hk2-2.26.jar:/scratch/dginelli/workspace/repairnator-repairnator-experiments-roberthamel-project2-server-356012763-20180320-201253-firstCommit/.m2/org/glassfish/hk2/hk2-locator/2.5.0-b42/hk2-locator-2.5.0-b42.jar:/scratch/dginelli/workspace/repairnator-repairnator-experiments-roberthamel-project2-server-356012763-20180320-201253-firstCommit/.m2/org/glassfish/hk2/external/aopalliance-repackaged/2.5.0-b42/aopalliance-repackaged-2.5.0-b42.jar:/scratch/dginelli/workspace/repairnator-repairnator-experiments-roberthamel-project2-server-356012763-20180320-201253-firstCommit/.m2/org/glassfish/hk2/hk2/2.5.0-b42/hk2-2.5.0-b42.jar:/scratch/dginelli/workspace/repairnator-repairnator-experiments-roberthamel-project2-server-356012763-20180320-201253-firstCommit/.m2/org/glassfish/hk2/hk2-utils/2.5.0-b42/hk2-utils-2.5.0-b42.jar:/scratch/dginelli/workspace/repairnator-repairnator-experiments-roberthamel-project2-server-356012763-20180320-201253-firstCommit/.m2/javax/inject/javax.inject/1/javax.inject-1.jar:/scratch/dginelli/workspace/repairnator-repairnator-experiments-roberthamel-project2-server-356012763-20180320-201253-firstCommit/.m2/org/glassfish/hk2/hk2-api/2.5.0-b42/hk2-api-2.5.0-b42.jar:/scratch/dginelli/workspace/repairnator-repairnator-experiments-roberthamel-project2-server-356012763-20180320-201253-firstCommit/.m2/org/glassfish/hk2/config-types/2.5.0-b42/config-types-2.5.0-b42.jar:/scratch/dginelli/workspace/repairnator-repairnator-experiments-roberthamel-project2-server-356012763-20180320-201253-firstCommit/.m2/org/glassfish/hk2/hk2-core/2.5.0-b42/hk2-core-2.5.0-b42.jar:/scratch/dginelli/workspace/repairnator-repairnator-experiments-roberthamel-project2-server-356012763-20180320-201253-firstCommit/.m2/org/glassfish/hk2/hk2-config/2.5.0-b42/hk2-config-2.5.0-b42.jar:/scratch/dginelli/workspace/repairnator-repairnator-experiments-roberthamel-project2-server-356012763-20180320-201253-firstCommit/.m2/org/glassfish/hk2/hk2-runlevel/2.5.0-b42/hk2-runlevel-2.5.0-b42.jar:/scratch/dginelli/workspace/repairnator-repairnator-experiments-roberthamel-project2-server-356012763-20180320-201253-firstCommit/.m2/org/glassfish/hk2/class-model/2.5.0-b42/class-model-2.5.0-b42.jar:/scratch/dginelli/workspace/repairnator-repairnator-experiments-roberthamel-project2-server-356012763-20180320-201253-firstCommit/.m2/org/glassfish/hk2/external/asm-all-repackaged/2.5.0-b42/asm-all-repackaged-2.5.0-b42.jar:/scratch/dginelli/workspace/repairnator-repairnator-experiments-roberthamel-project2-server-356012763-20180320-201253-firstCommit/.m2/org/glassfish/hk2/spring-bridge/2.5.0-b42/spring-bridge-2.5.0-b42.jar:/scratch/dginelli/workspace/repairnator-repairnator-experiments-roberthamel-project2-server-356012763-20180320-201253-firstCommit/.m2/org/glassfish/jersey/media/jersey-media-json-jackson/2.26/jersey-media-json-jackson-2.26.jar:/scratch/dginelli/workspace/repairnator-repairnator-experiments-roberthamel-project2-server-356012763-20180320-201253-firstCommit/.m2/org/glassfish/jersey/ext/jersey-entity-filtering/2.26/jersey-entity-filtering-2.26.jar:/scratch/dginelli/workspace/repairnator-repairnator-experiments-roberthamel-project2-server-356012763-20180320-201253-firstCommit/.m2/com/fasterxml/jackson/module/jackson-module-jaxb-annotations/2.9.4/jackson-module-jaxb-annotations-2.9.4.jar:/scratch/dginelli/workspace/repairnator-repairnator-experiments-roberthamel-project2-server-356012763-20180320-201253-firstCommit/.m2/org/springframework/boot/spring-boot-starter-security/2.0.0.RELEASE/spring-boot-starter-security-2.0.0.RELEASE.jar:/scratch/dginelli/workspace/repairnator-repairnator-experiments-roberthamel-project2-server-356012763-20180320-201253-firstCommit/.m2/org/springframework/spring-aop/5.0.4.RELEASE/spring-aop-5.0.4.RELEASE.jar:/scratch/dginelli/workspace/repairnator-repairnator-experiments-roberthamel-project2-server-356012763-20180320-201253-firstCommit/.m2/org/springframework/security/spring-security-config/5.0.3.RELEASE/spring-security-config-5.0.3.RELEASE.jar:/scratch/dginelli/workspace/repairnator-repairnator-experiments-roberthamel-project2-server-356012763-20180320-201253-firstCommit/.m2/org/springframework/security/spring-security-web/5.0.3.RELEASE/spring-security-web-5.0.3.RELEASE.jar:/scratch/dginelli/workspace/repairnator-repairnator-experiments-roberthamel-project2-server-356012763-20180320-201253-firstCommit/.m2/org/springframework/spring-expression/5.0.4.RELEASE/spring-expression-5.0.4.RELEASE.jar:/scratch/dginelli/workspace/repairnator-repairnator-experiments-roberthamel-project2-server-356012763-20180320-201253-firstCommit/.m2/org/springframework/boot/spring-boot-starter-web/2.0.0.RELEASE/spring-boot-starter-web-2.0.0.RELEASE.jar:/scratch/dginelli/workspace/repairnator-repairnator-experiments-roberthamel-project2-server-356012763-20180320-201253-firstCommit/.m2/org/hibernate/validator/hibernate-validator/6.0.7.Final/hibernate-validator-6.0.7.Final.jar:/scratch/dginelli/workspace/repairnator-repairnator-experiments-roberthamel-project2-server-356012763-20180320-201253-firstCommit/.m2/org/springframework/spring-webmvc/5.0.4.RELEASE/spring-webmvc-5.0.4.RELEASE.jar:/scratch/dginelli/workspace/repairnator-repairnator-experiments-roberthamel-project2-server-356012763-20180320-201253-firstCommit/.m2/io/jsonwebtoken/jjwt/0.9.0/jjwt-0.9.0.jar:/scratch/dginelli/workspace/repairnator-repairnator-experiments-roberthamel-project2-server-356012763-20180320-201253-firstCommit/.m2/com/fasterxml/jackson/core/jackson-databind/2.9.4/jackson-databind-2.9.4.jar:/scratch/dginelli/workspace/repairnator-repairnator-experiments-roberthamel-project2-server-356012763-20180320-201253-firstCommit/.m2/com/fasterxml/jackson/datatype/jackson-datatype-jsr310/2.9.4/jackson-datatype-jsr310-2.9.4.jar:/scratch/dginelli/workspace/repairnator-repairnator-experiments-roberthamel-project2-server-356012763-20180320-201253-firstCommit/.m2/com/fasterxml/jackson/core/jackson-annotations/2.9.0/jackson-annotations-2.9.0.jar:/scratch/dginelli/workspace/repairnator-repairnator-experiments-roberthamel-project2-server-356012763-20180320-201253-firstCommit/.m2/com/fasterxml/jackson/core/jackson-core/2.9.4/jackson-core-2.9.4.jar:/scratch/dginelli/workspace/repairnator-repairnator-experiments-roberthamel-project2-server-356012763-20180320-201253-firstCommit/.m2/org/springframework/boot/spring-boot-devtools/2.0.0.RELEASE/spring-boot-devtools-2.0.0.RELEASE.jar:/scratch/dginelli/workspace/repairnator-repairnator-experiments-roberthamel-project2-server-356012763-20180320-201253-firstCommit/.m2/org/springframework/boot/spring-boot/2.0.0.RELEASE/spring-boot-2.0.0.RELEASE.jar:/scratch/dginelli/workspace/repairnator-repairnator-experiments-roberthamel-project2-server-356012763-20180320-201253-firstCommit/.m2/org/springframework/boot/spring-boot-autoconfigure/2.0.0.RELEASE/spring-boot-autoconfigure-2.0.0.RELEASE.jar:/scratch/dginelli/workspace/repairnator-repairnator-experiments-roberthamel-project2-server-356012763-20180320-201253-firstCommit/.m2/com/jayway/jsonpath/json-path/2.4.0/json-path-2.4.0.jar:/scratch/dginelli/workspace/repairnator-repairnator-experiments-roberthamel-project2-server-356012763-20180320-201253-firstCommit/.m2/net/minidev/json-smart/2.3/json-smart-2.3.jar:/scratch/dginelli/workspace/repairnator-repairnator-experiments-roberthamel-project2-server-356012763-20180320-201253-firstCommit/.m2/net/minidev/accessors-smart/1.2/accessors-smart-1.2.jar:/scratch/dginelli/workspace/repairnator-repairnator-experiments-roberthamel-project2-server-356012763-20180320-201253-firstCommit/.m2/org/ow2/asm/asm/5.0.4/asm-5.0.4.jar:/scratch/dginelli/workspace/repairnator-repairnator-experiments-roberthamel-project2-server-356012763-20180320-201253-firstCommit/.m2/org/slf4j/slf4j-api/1.7.25/slf4j-api-1.7.25.jar:/scratch/dginelli/workspace/repairnator-repairnator-experiments-roberthamel-project2-server-356012763-20180320-201253-firstCommit/.m2/com/h2database/h2/1.4.196/h2-1.4.196.jar:/scratch/dginelli/workspace/repairnator-repairnator-experiments-roberthamel-project2-server-356012763-20180320-201253-firstCommit/.m2/org/postgresql/postgresql/42.2.1/postgresql-42.2.1.jar:/scratch/dginelli/workspace/repairnator-repairnator-experiments-roberthamel-project2-server-356012763-20180320-201253-firstCommit/.m2/org/projectlombok/lombok/1.16.20/lombok-1.16.20.jar:/scratch/dginelli/workspace/repairnator-repairnator-experiments-roberthamel-project2-server-356012763-20180320-201253-firstCommit/.m2/com/github/javafaker/javafaker/0.14/javafaker-0.14.jar:/scratch/dginelli/workspace/repairnator-repairnator-experiments-roberthamel-project2-server-356012763-20180320-201253-firstCommit/.m2/org/apache/commons/commons-lang3/3.7/commons-lang3-3.7.jar:/scratch/dginelli/workspace/repairnator-repairnator-experiments-roberthamel-project2-server-356012763-20180320-201253-firstCommit/.m2/org/yaml/snakeyaml/1.19/snakeyaml-1.19-android.jar:/scratch/dginelli/workspace/repairnator-repairnator-experiments-roberthamel-project2-server-356012763-20180320-201253-firstCommit/.m2/com/github/mifmif/generex/1.0.2/generex-1.0.2.jar:/scratch/dginelli/workspace/repairnator-repairnator-experiments-roberthamel-project2-server-356012763-20180320-201253-firstCommit/.m2/dk/brics/automaton/automaton/1.11-8/automaton-1.11-8.jar:/scratch/dginelli/workspace/repairnator-repairnator-experiments-roberthamel-project2-server-356012763-20180320-201253-firstCommit/.m2/org/springframework/boot/spring-boot-starter-test/2.0.0.RELEASE/spring-boot-starter-test-2.0.0.RELEASE.jar:/scratch/dginelli/workspace/repairnator-repairnator-experiments-roberthamel-project2-server-356012763-20180320-201253-firstCommit/.m2/org/springframework/boot/spring-boot-test-autoconfigure/2.0.0.RELEASE/spring-boot-test-autoconfigure-2.0.0.RELEASE.jar:/scratch/dginelli/workspace/repairnator-repairnator-experiments-roberthamel-project2-server-356012763-20180320-201253-firstCommit/.m2/org/assertj/assertj-core/3.9.1/assertj-core-3.9.1.jar:/scratch/dginelli/workspace/repairnator-repairnator-experiments-roberthamel-project2-server-356012763-20180320-201253-firstCommit/.m2/org/mockito/mockito-core/2.15.0/mockito-core-2.15.0.jar:/scratch/dginelli/workspace/repairnator-repairnator-experiments-roberthamel-project2-server-356012763-20180320-201253-firstCommit/.m2/net/bytebuddy/byte-buddy/1.7.10/byte-buddy-1.7.10.jar:/scratch/dginelli/workspace/repairnator-repairnator-experiments-roberthamel-project2-server-356012763-20180320-201253-firstCommit/.m2/net/bytebuddy/byte-buddy-agent/1.7.10/byte-buddy-agent-1.7.10.jar:/scratch/dginelli/workspace/repairnator-repairnator-experiments-roberthamel-project2-server-356012763-20180320-201253-firstCommit/.m2/org/objenesis/objenesis/2.6/objenesis-2.6.jar:/scratch/dginelli/workspace/repairnator-repairnator-experiments-roberthamel-project2-server-356012763-20180320-201253-firstCommit/.m2/org/hamcrest/hamcrest-core/1.3/hamcrest-core-1.3.jar:/scratch/dginelli/workspace/repairnator-repairnator-experiments-roberthamel-project2-server-356012763-20180320-201253-firstCommit/.m2/org/hamcrest/hamcrest-library/1.3/hamcrest-library-1.3.jar:/scratch/dginelli/workspace/repairnator-repairnator-experiments-roberthamel-project2-server-356012763-20180320-201253-firstCommit/.m2/org/skyscreamer/jsonassert/1.5.0/jsonassert-1.5.0.jar:/scratch/dginelli/workspace/repairnator-repairnator-experiments-roberthamel-project2-server-356012763-20180320-201253-firstCommit/.m2/com/vaadin/external/google/android-json/0.0.20131108.vaadin1/android-json-0.0.20131108.vaadin1.jar:/scratch/dginelli/workspace/repairnator-repairnator-experiments-roberthamel-project2-server-356012763-20180320-201253-firstCommit/.m2/org/springframework/spring-core/5.0.4.RELEASE/spring-core-5.0.4.RELEASE.jar:/scratch/dginelli/workspace/repairnator-repairnator-experiments-roberthamel-project2-server-356012763-20180320-201253-firstCommit/.m2/org/springframework/spring-jcl/5.0.4.RELEASE/spring-jcl-5.0.4.RELEASE.jar:/scratch/dginelli/workspace/repairnator-repairnator-experiments-roberthamel-project2-server-356012763-20180320-201253-firstCommit/.m2/org/xmlunit/xmlunit-core/2.5.1/xmlunit-core-2.5.1.jar:/scratch/dginelli/workspace/repairnator-repairnator-experiments-roberthamel-project2-server-356012763-20180320-201253-firstCommit/.m2/org/springframework/restdocs/spring-restdocs-mockmvc/2.0.0.RELEASE/spring-restdocs-mockmvc-2.0.0.RELEASE.jar:/scratch/dginelli/workspace/repairnator-repairnator-experiments-roberthamel-project2-server-356012763-20180320-201253-firstCommit/.m2/javax/servlet/javax.servlet-api/3.1.0/javax.servlet-api-3.1.0.jar:/scratch/dginelli/workspace/repairnator-repairnator-experiments-roberthamel-project2-server-356012763-20180320-201253-firstCommit/.m2/org/springframework/restdocs/spring-restdocs-core/2.0.0.RELEASE/spring-restdocs-core-2.0.0.RELEASE.jar:/scratch/dginelli/workspace/repairnator-repairnator-experiments-roberthamel-project2-server-356012763-20180320-201253-firstCommit/.m2/org/springframework/security/spring-security-test/5.0.3.RELEASE/spring-security-test-5.0.3.RELEASE.jar:/scratch/dginelli/workspace/repairnator-repairnator-experiments-roberthamel-project2-server-356012763-20180320-201253-firstCommit/.m2/org/springframework/security/spring-security-core/5.0.3.RELEASE/spring-security-core-5.0.3.RELEASE.jar:/scratch/dginelli/workspace/repairnator-repairnator-experiments-roberthamel-project2-server-356012763-20180320-201253-firstCommit/.m2/junit/junit/4.12/junit-4.12.jar:/scratch/dginelli/workspace/repairnator-repairnator-experiments-roberthamel-project2-server-356012763-20180320-201253-firstCommit/.m2/org/springframework/spring-test/5.0.4.RELEASE/spring-test-5.0.4.RELEASE.jar:/scratch/dginelli/workspace/repairnator-repairnator-experiments-roberthamel-project2-server-356012763-20180320-201253-firstCommit/.m2/org/springframework/boot/spring-boot-test/2.0.0.RELEASE/spring-boot-test-2.0.0.RELEASE.jar:/scratch/dginelli/workspace/repairnator-repairnator-experiments-roberthamel-project2-server-356012763-20180320-201253-firstCommit/.m2/io/rest-assured/rest-assured/3.0.7/rest-assured-3.0.7.jar:/scratch/dginelli/workspace/repairnator-repairnator-experiments-roberthamel-project2-server-356012763-20180320-201253-firstCommit/.m2/org/codehaus/groovy/groovy/2.4.13/groovy-2.4.13.jar:/scratch/dginelli/workspace/repairnator-repairnator-experiments-roberthamel-project2-server-356012763-20180320-201253-firstCommit/.m2/org/codehaus/groovy/groovy-xml/2.4.13/groovy-xml-2.4.13.jar:/scratch/dginelli/workspace/repairnator-repairnator-experiments-roberthamel-project2-server-356012763-20180320-201253-firstCommit/.m2/org/apache/httpcomponents/httpclient/4.5.5/httpclient-4.5.5.jar:/scratch/dginelli/workspace/repairnator-repairnator-experiments-roberthamel-project2-server-356012763-20180320-201253-firstCommit/.m2/org/apache/httpcomponents/httpcore/4.4.9/httpcore-4.4.9.jar:/scratch/dginelli/workspace/repairnator-repairnator-experiments-roberthamel-project2-server-356012763-20180320-201253-firstCommit/.m2/commons-codec/commons-codec/1.11/commons-codec-1.11.jar:/scratch/dginelli/workspace/repairnator-repairnator-experiments-roberthamel-project2-server-356012763-20180320-201253-firstCommit/.m2/org/apache/httpcomponents/httpmime/4.5.5/httpmime-4.5.5.jar:/scratch/dginelli/workspace/repairnator-repairnator-experiments-roberthamel-project2-server-356012763-20180320-201253-firstCommit/.m2/org/ccil/cowan/tagsoup/tagsoup/1.2.1/tagsoup-1.2.1.jar:/scratch/dginelli/workspace/repairnator-repairnator-experiments-roberthamel-project2-server-356012763-20180320-201253-firstCommit/.m2/io/rest-assured/json-path/3.0.7/json-path-3.0.7.jar:/scratch/dginelli/workspace/repairnator-repairnator-experiments-roberthamel-project2-server-356012763-20180320-201253-firstCommit/.m2/org/codehaus/groovy/groovy-json/2.4.13/groovy-json-2.4.13.jar:/scratch/dginelli/workspace/repairnator-repairnator-experiments-roberthamel-project2-server-356012763-20180320-201253-firstCommit/.m2/io/rest-assured/rest-assured-common/3.0.7/rest-assured-common-3.0.7.jar:/scratch/dginelli/workspace/repairnator-repairnator-experiments-roberthamel-project2-server-356012763-20180320-201253-firstCommit/.m2/io/rest-assured/xml-path/3.0.7/xml-path-3.0.7.jar:/scratch/dginelli/workspace/repairnator-repairnator-experiments-roberthamel-project2-server-356012763-20180320-201253-firstCommit/.m2/javax/xml/bind/jaxb-api/2.3.0/jaxb-api-2.3.0.jar:/scratch/dginelli/workspace/repairnator-repairnator-experiments-roberthamel-project2-server-356012763-20180320-201253-firstCommit/.m2/io/rest-assured/spring-mock-mvc/3.0.7/spring-mock-mvc-3.0.7.jar:, user.name=dginelli, skipITs=true, java.vm.specification.version=1.8, sun.java.command=/scratch/dginelli/workspace/repairnator-repairnator-experiments-roberthamel-project2-server-356012763-20180320-201253-firstCommit/target/surefire/surefirebooter4374934375310589511.jar /scratch/dginelli/workspace/repairnator-repairnator-experiments-roberthamel-project2-server-356012763-20180320-201253-firstCommit/target/surefire 2020-03-19T11-07-43_609-jvmRun1 surefire2948148868648761548tmp surefire_03999307402328827831tmp, java.home=/cvmfs/ebsw.hpc2n.umu.se/amd64_ubuntu1604_common/software/Core/Java/1.8.0_202/jre, sun.arch.data.model=64, user.language=en, java.specification.vendor=Oracle Corporation, dependency-check.skip=true, awt.toolkit=sun.awt.X11.XToolkit, java.vm.info=mixed mode, java.version=1.8.0_202, java.ext.dirs=/cvmfs/ebsw.hpc2n.umu.se/amd64_ubuntu1604_common/software/Core/Java/1.8.0_202/jre/lib/ext:/usr/java/packages/lib/ext, sun.boot.class.path=/cvmfs/ebsw.hpc2n.umu.se/amd64_ubuntu1604_common/software/Core/Java/1.8.0_202/jre/lib/resources.jar:/cvmfs/ebsw.hpc2n.umu.se/amd64_ubuntu1604_common/software/Core/Java/1.8.0_202/jre/lib/rt.jar:/cvmfs/ebsw.hpc2n.umu.se/amd64_ubuntu1604_common/software/Core/Java/1.8.0_202/jre/lib/sunrsasign.jar:/cvmfs/ebsw.hpc2n.umu.se/amd64_ubuntu1604_common/software/Core/Java/1.8.0_202/jre/lib/jsse.jar:/cvmfs/ebsw.hpc2n.umu.se/amd64_ubuntu1604_common/software/Core/Java/1.8.0_202/jre/lib/jce.jar:/cvmfs/ebsw.hpc2n.umu.se/amd64_ubuntu1604_common/software/Core/Java/1.8.0_202/jre/lib/charsets.jar:/cvmfs/ebsw.hpc2n.umu.se/amd64_ubuntu1604_common/software/Core/Java/1.8.0_202/jre/lib/jfr.jar:/cvmfs/ebsw.hpc2n.umu.se/amd64_ubuntu1604_common/software/Core/Java/1.8.0_202/jre/classes, rat.skip=true, enforcer.skip=true, java.vendor=Oracle Corporation, localRepository=/scratch/dginelli/workspace/repairnator-repairnator-experiments-roberthamel-project2-server-356012763-20180320-201253-firstCommit/.m2, file.separator=/, java.vendor.url.bug=http://bugreport.sun.com/bugreport/, sun.io.unicode.encoding=UnicodeLittle, sun.cpu.endian=little, sun.cpu.isalist=}}, SystemEnvironmentPropertySource@936292831 {name='systemEnvironment', properties={PATH=/hpc2n/eb/software/Core/Maven/3.6.0:/hpc2n/eb/software/Core/Maven/3.6.0/bin:/hpc2n/eb/software/Core/Java/1.8.0_202:/hpc2n/eb/software/Core/Java/1.8.0_202/bin:/home/d/dginelli/Public/bin:/usr/local/bin:/usr/local/sbin:/usr/sbin:/usr/bin:/sbin:/bin:/usr/games:/usr/local/games:/opt/puppetlabs/bin, SLURM_LAUNCH_NODE_IPADDR=130.239.242.25, SLURM_NTASKS=1, SLURMD_NODENAME=b-cn0915, LMOD_SETTARG_FULL_SUPPORT=yes, SLURM_NODEID=0, _LMFILES_=/hpc2n/eb/modules/all/Core/snicenvironment.lua:/hpc2n/eb/modules/all/Core/systemdefault.lua:/hpc2n/eb/modules/all/Core/Java/1.8.0_202.lua:/hpc2n/eb/modules/all/Core/Maven/3.6.0.lua, SLURM_TOPOLOGY_ADDR=b-isw-top.b-isw0901.b-cn0915, KRB5CCNAME=FILE:/tmp/krb5cc_5133_lIk8PV, _ModuleTable003_=c3RlbWRlZmF1bHQiLFsibG9hZE9yZGVyIl09Mixwcm9wVD17bG1vZD17WyJzdGlja3kiXT0xLH0sfSxbInN0YWNrRGVwdGgiXT0wLFsic3RhdHVzIl09ImFjdGl2ZSIsWyJ1c2VyTmFtZSJdPSJzeXN0ZW1kZWZhdWx0Iix9LH0sbXBhdGhBPXsiL2hwYzJuL2ViL21vZHVsZXMvYWxsL0NvcmUiLCIvaHBjMm4vZWIvbW9kdWxlcy9hbGwvTGludXgiLCIvaHBjMm4vZWIvc29mdHdhcmUvbG1vZC9sbW9kL21vZHVsZWZpbGVzL0NvcmUiLH0sWyJzeXN0ZW1CYXNlTVBBVEgiXT0iL2hwYzJuL2ViL21vZHVsZXMvYWxsL0xpbnV4Oi9ocGMybi9lYi9tb2R1bGVzL2FsbC9Db3JlOi9ocGMybi9lYi9zb2Z0d2FyZS9sbW9kL2xtb2QvbW9kdWxlZmlsZXMvQ29yZSIsfQ==, LD_LIBRARY_PATH=/hpc2n/eb/software/Core/Maven/3.6.0/lib:/hpc2n/eb/software/Core/Java/1.8.0_202/lib, LMOD_DIR=/hpc2n/eb/software/lmod/lmod/libexec, PRINCIPAL=dginelli, TOOLS_JAR=/usr/lib/jvm/java-8-openjdk-amd64/lib/tools.jar, PWD=/scratch/dginelli/workspace/repairnator-repairnator-experiments-roberthamel-project2-server-356012763-20180320-201253-firstCommit, SLURM_SRUN_COMM_PORT=37739, LMOD_VERSION=7.8.20, SLURM_PRIO_PROCESS=0, SLURM_JOB_NUM_NODES=1, __LMOD_REF_COUNT_MANPATH=/hpc2n/eb/software/Core/Java/1.8.0_202/man:1;/hpc2n/eb/software/lmod/lmod/share/man:1;/opt/puppetlabs/puppet/share/man:1, SLURM_UMASK=0022, SLURM_SUBMIT_DIR=/pfs/nobackup/home/d/dginelli/development, PAGER=less, _ModuleTable002_=XT00LHByb3BUPXt9LFsic3RhY2tEZXB0aCJdPTAsWyJzdGF0dXMiXT0iYWN0aXZlIixbInVzZXJOYW1lIl09Ik1hdmVuLzMuNi4wIix9LHNuaWNlbnZpcm9ubWVudD17WyJmbiJdPSIvaHBjMm4vZWIvbW9kdWxlcy9hbGwvQ29yZS9zbmljZW52aXJvbm1lbnQubHVhIixbImZ1bGxOYW1lIl09InNuaWNlbnZpcm9ubWVudCIsWyJsb2FkT3JkZXIiXT0xLHByb3BUPXtsbW9kPXtbInN0aWNreSJdPTEsfSx9LFsic3RhY2tEZXB0aCJdPTEsWyJzdGF0dXMiXT0iYWN0aXZlIixbInVzZXJOYW1lIl09InNuaWNlbnZpcm9ubWVudCIsfSxzeXN0ZW1kZWZhdWx0PXtbImZuIl09Ii9ocGMybi9lYi9tb2R1bGVzL2FsbC9Db3JlL3N5c3RlbWRlZmF1bHQubHVhIixbImZ1bGxOYW1lIl09InN5, SNIC_BACKUP=/home/d/dginelli, LC_ALL=en_US.UTF-8, CPATH=/hpc2n/eb/software/Core/Java/1.8.0_202/include, SHLVL=2, SLURM_CLUSTER_NAME=kebnekaise, SLURM_JOB_NODELIST=b-cn0915, LOADEDMODULES=snicenvironment:systemdefault:Java/1.8.0_202:Maven/3.6.0, SLURM_CPU_BIND_VERBOSE=quiet, SLURM_STEP_ID=0, JAVA_HOME=/hpc2n/eb/software/Core/Java/1.8.0_202, _ModuleTable001_=X01vZHVsZVRhYmxlXz17WyJNVHZlcnNpb24iXT0zLFsiY19yZWJ1aWxkVGltZSJdPTg2NDAwLFsiY19zaG9ydFRpbWUiXT1mYWxzZSxkZXB0aFQ9e30sZmFtaWx5PXt9LG1UPXtKYXZhPXtbImZuIl09Ii9ocGMybi9lYi9tb2R1bGVzL2FsbC9Db3JlL0phdmEvMS44LjBfMjAyLmx1YSIsWyJmdWxsTmFtZSJdPSJKYXZhLzEuOC4wXzIwMiIsWyJsb2FkT3JkZXIiXT0zLHByb3BUPXt9LFsic3RhY2tEZXB0aCJdPTAsWyJzdGF0dXMiXT0iYWN0aXZlIixbInVzZXJOYW1lIl09IkphdmEvMS44LjBfMjAyIix9LE1hdmVuPXtbImZuIl09Ii9ocGMybi9lYi9tb2R1bGVzL2FsbC9Db3JlL01hdmVuLzMuNi4wLmx1YSIsWyJmdWxsTmFtZSJdPSJNYXZlbi8zLjYuMCIsWyJsb2FkT3JkZXIi, TERM=xterm-256color, XDG_SESSION_ID=1240, __LMOD_REF_COUNT_LD_LIBRARY_PATH=/hpc2n/eb/software/Core/Maven/3.6.0/lib:1;/hpc2n/eb/software/Core/Java/1.8.0_202/lib:1, SLURM_JOB_ID=8903006, __LMOD_REF_COUNT_MODULEPATH=/hpc2n/eb/modules/all/Core:3;/hpc2n/eb/modules/all/Linux:1;/hpc2n/eb/software/lmod/lmod/modulefiles/Core:1, _ModuleTable_Sz_=3, SLURM_STEP_TASKS_PER_NODE=1, SLURM_TASK_PID=350803, EBDEVELJAVA=/hpc2n/eb/software/Core/Java/1.8.0_202/easybuild/Core-Java-1.8.0_202-easybuild-devel, SLURM_TASKS_PER_NODE=1, SLURM_SUBMIT_HOST=b-cn0915.hpc2n.umu.se, SLURM_JOB_UID=5133, _=/usr/local/bin/srun, SLURM_MEM_PER_CPU=4460, __LMOD_REF_COUNT_LIBRARY_PATH=/hpc2n/eb/software/Core/Maven/3.6.0/lib:1;/hpc2n/eb/software/Core/Java/1.8.0_202/lib:1, __LMOD_REF_COUNT__LMFILES_=/hpc2n/eb/modules/all/Core/snicenvironment.lua:1;/hpc2n/eb/modules/all/Core/systemdefault.lua:1;/hpc2n/eb/modules/all/Core/Java/1.8.0_202.lua:1;/hpc2n/eb/modules/all/Core/Maven/3.6.0.lua:1, EBDEVELMAVEN=/hpc2n/eb/software/Core/Maven/3.6.0/easybuild/Core-Maven-3.6.0-easybuild-devel, SNIC_NOBACKUP=/pfs/nobackup/home/d/dginelli, SSH_TTY=/dev/pts/64, SSH_CLIENT=2001:6b0:1:1041:fc53:beee:6a9e:7807 51231 22, MAVEN_PROJECTBASEDIR=/scratch/dginelli/workspace/repairnator-repairnator-experiments-roberthamel-project2-server-356012763-20180320-201253-firstCommit, SLURM_NNODES=1, SSH_CONNECTION=2001:6b0:1:1041:fc53:beee:6a9e:7807 51231 2001:6b0:e:4240::243:100 22, SLURM_JOB_PARTITION=single, SLURM_LOCALID=0, SLURM_STEP_RESV_PORTS=12828-12829, EBROOTMAVEN=/hpc2n/eb/software/Core/Maven/3.6.0, SLURM_CPU_BIND_TYPE=mask_cpu:, SLURM_JOB_NAME=script-453.sh, WINDOWNAME=[ dginelli@b-an01.hpc2n.umu.se ]:/home/d/dginelli/pfs/development, MODULEPATH=/hpc2n/eb/modules/all/Core:/hpc2n/eb/modules/all/Linux:/hpc2n/eb/software/lmod/lmod/modulefiles/Core, SLURM_NPROCS=1, __LMOD_REF_COUNT_PATH=/hpc2n/eb/software/Core/Maven/3.6.0:1;/hpc2n/eb/software/Core/Maven/3.6.0/bin:1;/hpc2n/eb/software/Core/Java/1.8.0_202:1;/hpc2n/eb/software/Core/Java/1.8.0_202/bin:1;/home/d/dginelli/Public/bin:1;/usr/local/bin:2;/usr/local/sbin:1;/usr/sbin:1;/usr/bin:1;/sbin:1;/bin:1;/usr/games:1;/usr/local/games:1;/opt/puppetlabs/bin:1, ORIGKRB5CCNAME=FILE:/tmp/krb5cc_5133_lIk8PV, EBROOTJAVA=/hpc2n/eb/software/Core/Java/1.8.0_202, LINES=58, EBVERSIONJAVA=1.8.0_202, MODULEPATH_ROOT=/hpc2n/eb/modules/all, MAIL=/var/mail/dginelli, SLURM_JOB_QOS=normal, SLURM_STEPID=0, SLURM_STEP_NODELIST=b-cn0915, SNIC_RESOURCE=kebnekaise, LOGNAME=dginelli, __LMOD_REF_COUNT_CPATH=/hpc2n/eb/software/Core/Java/1.8.0_202/include:1, SLURM_GTIDS=0, SLURM_JOB_CPUS_PER_NODE=1, EBVERSIONMAVEN=3.6.0, SLURM_NODELIST=b-cn0915, LMOD_CMD=/hpc2n/eb/software/lmod/lmod/libexec/lmod, SHELL=/bin/bash, BASH_ENV=/hpc2n/eb/software/lmod/lmod/init/bash, MAVEN_TERMINATE_CMD=on, GITHUB_TOKEN=CONFIDENTIAL_INFORMATION, OLDPWD=/scratch/dginelli/workspace/repairnator-repairnator-experiments-roberthamel-project2-server-356012763-20180320-201253-firstCommit, OMP_NUM_THREADS=1, RANDFILE=/dev/urandom, TMPDIR=/scratch, SLURM_STEP_NUM_NODES=1, SLURM_JOB_ACCOUNT=snic2019-3-453, LIBRARY_PATH=/hpc2n/eb/software/Core/Maven/3.6.0/lib:/hpc2n/eb/software/Core/Java/1.8.0_202/lib, SLURM_CPU_BIND=quiet,mask_cpu:0x2000000, SLURM_CPUS_ON_NODE=1, M2_HOME=/usr/share/maven, SLURM_JOB_USER=dginelli, SNIC_SITE=hpc2n, SLURM_DISTRIBUTION=cyclic, SLURM_CHECKPOINT_IMAGE_DIR=/var/slurm/checkpoint, SLURM_TOPOLOGY_ADDR_PATTERN=switch.switch.node, MANPATH=/hpc2n/eb/software/Core/Java/1.8.0_202/man:/hpc2n/eb/software/lmod/lmod/share/man::/opt/puppetlabs/puppet/share/man, ENVIRONMENT=BATCH, SRUN_DEBUG=3, LANG=en_US.UTF-8, LMOD_PKG=/hpc2n/eb/software/lmod/lmod, SLURM_WORKING_CLUSTER=kebnekaise:b-mn01:6775:8448, COLUMNS=204, SLURM_STEP_LAUNCHER_PORT=37739, MAVEN_CMD_LINE_ARGS= -B -e -D enforcer.skip=true -D dependency-check.skip=true -D skipITs=true -D cobertura.skip=true -D maven.repo.local=/scratch/dginelli/workspace/repairnator-repairnator-experiments-roberthamel-project2-server-356012763-20180320-201253-firstCommit/.m2 -D rat.skip=true -D findbugs.skip=true -D skip.bower=true -D gpg.skip=true -D skip.gulp=true -D license.skip=true -D skip.npm=true test, SLURM_CPU_BIND_LIST=0x2000000, SLURM_JOB_GID=3001, SLURM_STEP_NUM_TASKS=1, __LMOD_REF_COUNT_LOADEDMODULES=snicenvironment:1;systemdefault:1;Java/1.8.0_202:1;Maven/3.6.0:1, USER=dginelli, SLURM_JOBID=8903006, EDITOR=/usr/bin/vim, PRINTER=SetThePRINTERVariable@your.print.server, HOSTNAME=b-cn0915, MODULESHOME=/hpc2n/eb/software/lmod/lmod, HPC2N_CLUSTER_JOBID=b8903006, LMOD_sys=Linux, SNIC_TMP=/scratch, SLURM_SRUN_COMM_HOST=130.239.242.25, SLURM_PROCID=0, XDG_RUNTIME_DIR=/run/user/5133, HOME=/home/d/dginelli}}]
11:07:47.518 [main] DEBUG org.springframework.test.context.support.TestPropertySourceUtils - Adding inlined properties to environment: {spring.jmx.enabled=false, org.springframework.boot.test.context.SpringBootTestContextBootstrapper=true, server.port=-1}
11:07:47.525 [main] DEBUG org.springframework.core.env.StandardEnvironment - Adding PropertySource 'Inlined Test Properties' with highest search precedence

  .   ____          _            __ _ _
 /\\ / ___'_ __ _ _(_)_ __  __ _ \ \ \ \
( ( )\___ | '_ | '_| | '_ \/ _` | \ \ \ \
 \\/  ___)| |_)| | | | | || (_| |  ) ) ) )
  '  |____| .__|_| |_|_| |_\__, | / / / /
 =========|_|==============|___/=/_/_/_/
 :: Spring Boot ::        (v2.0.0.RELEASE)

2020-03-19 11:07:48.507  INFO 360210 --- [           main] c.r.project2.events.EventControllerTest  : Starting EventControllerTest on b-cn0915.hpc2n.umu.se with PID 360210 (started by dginelli in /scratch/dginelli/workspace/repairnator-repairnator-experiments-roberthamel-project2-server-356012763-20180320-201253-firstCommit)
2020-03-19 11:07:48.517  INFO 360210 --- [           main] c.r.project2.events.EventControllerTest  : No active profile set, falling back to default profiles: default
2020-03-19 11:07:49.145  INFO 360210 --- [           main] o.s.w.c.s.GenericWebApplicationContext   : Refreshing org.springframework.web.context.support.GenericWebApplicationContext@1bab8268: startup date [Thu Mar 19 11:07:49 CET 2020]; root of context hierarchy
2020-03-19 11:07:51.495  INFO 360210 --- [           main] o.s.b.f.s.DefaultListableBeanFactory     : Overriding bean definition for bean 'objectMapper' with a different definition: replacing [Root bean: class [null]; scope=; abstract=false; lazyInit=false; autowireMode=3; dependencyCheck=0; autowireCandidate=true; primary=true; factoryBeanName=jacksonConfig; factoryMethodName=objectMapper; initMethodName=null; destroyMethodName=(inferred); defined in class path resource [com/revature/project2/config/JacksonConfig.class]] with [Root bean: class [null]; scope=; abstract=false; lazyInit=false; autowireMode=3; dependencyCheck=0; autowireCandidate=true; primary=false; factoryBeanName=org.springframework.data.rest.webmvc.config.RepositoryRestMvcConfiguration; factoryMethodName=objectMapper; initMethodName=null; destroyMethodName=(inferred); defined in class path resource [org/springframework/data/rest/webmvc/config/RepositoryRestMvcConfiguration.class]]
2020-03-19 11:07:51.504  INFO 360210 --- [           main] o.s.b.f.s.DefaultListableBeanFactory     : Overriding bean definition for bean 'httpRequestHandlerAdapter' with a different definition: replacing [Root bean: class [null]; scope=; abstract=false; lazyInit=false; autowireMode=3; dependencyCheck=0; autowireCandidate=true; primary=false; factoryBeanName=org.springframework.boot.autoconfigure.web.servlet.WebMvcAutoConfiguration$EnableWebMvcConfiguration; factoryMethodName=httpRequestHandlerAdapter; initMethodName=null; destroyMethodName=(inferred); defined in class path resource [org/springframework/boot/autoconfigure/web/servlet/WebMvcAutoConfiguration$EnableWebMvcConfiguration.class]] with [Root bean: class [null]; scope=; abstract=false; lazyInit=false; autowireMode=3; dependencyCheck=0; autowireCandidate=true; primary=false; factoryBeanName=org.springframework.data.rest.webmvc.config.RepositoryRestMvcConfiguration; factoryMethodName=httpRequestHandlerAdapter; initMethodName=null; destroyMethodName=(inferred); defined in class path resource [org/springframework/data/rest/webmvc/config/RepositoryRestMvcConfiguration.class]]
2020-03-19 11:07:52.553  INFO 360210 --- [           main] f.a.AutowiredAnnotationBeanPostProcessor : JSR-330 'javax.inject.Inject' annotation found and supported for autowiring
2020-03-19 11:07:52.822  INFO 360210 --- [           main] trationDelegate$BeanPostProcessorChecker : Bean 'org.springframework.transaction.annotation.ProxyTransactionManagementConfiguration' of type [org.springframework.transaction.annotation.ProxyTransactionManagementConfiguration$$EnhancerBySpringCGLIB$$80007fa2] is not eligible for getting processed by all BeanPostProcessors (for example: not eligible for auto-proxying)
2020-03-19 11:07:53.721  INFO 360210 --- [           main] com.zaxxer.hikari.HikariDataSource       : HikariPool-1 - Starting...
2020-03-19 11:07:54.054  INFO 360210 --- [           main] com.zaxxer.hikari.HikariDataSource       : HikariPool-1 - Start completed.
2020-03-19 11:07:54.140  INFO 360210 --- [           main] j.LocalContainerEntityManagerFactoryBean : Building JPA container EntityManagerFactory for persistence unit 'default'
2020-03-19 11:07:54.606  INFO 360210 --- [           main] o.hibernate.jpa.internal.util.LogHelper  : HHH000204: Processing PersistenceUnitInfo [
	name: default
	...]
2020-03-19 11:07:54.750  INFO 360210 --- [           main] org.hibernate.Version                    : HHH000412: Hibernate Core {5.2.14.Final}
2020-03-19 11:07:54.752  INFO 360210 --- [           main] org.hibernate.cfg.Environment            : HHH000206: hibernate.properties not found
2020-03-19 11:07:54.815  INFO 360210 --- [           main] o.hibernate.annotations.common.Version   : HCANN000001: Hibernate Commons Annotations {5.0.1.Final}
2020-03-19 11:07:55.037  INFO 360210 --- [           main] org.hibernate.dialect.Dialect            : HHH000400: Using dialect: org.hibernate.dialect.H2Dialect
2020-03-19 11:07:55.084  INFO 360210 --- [           main] o.h.e.j.e.i.LobCreatorBuilderImpl        : HHH000422: Disabling contextual LOB creation as connection was null
Hibernate: drop table comment if exists
Hibernate: drop table event if exists
Hibernate: drop table event_rating if exists
Hibernate: drop table eventpicture if exists
Hibernate: drop table map_of_events if exists
Hibernate: drop table participant if exists
Hibernate: drop table user_report if exists
Hibernate: drop sequence if exists hibernate_sequence
Hibernate: create sequence hibernate_sequence start with 1 increment by 1
Hibernate: create table comment (id integer not null, comment varchar(255), downvote integer not null, time_stamp timestamp, upvote integer not null, event_id integer, user_id integer, primary key (id))
Hibernate: create table event (id integer not null, cost integer not null, description varchar(255), end_date_time timestamp, guests_allowed integer not null, max_attendees integer not null, minimum_age integer not null, place_id varchar(255), start_date_time timestamp, title varchar(255), user_id integer, primary key (id))
Hibernate: create table event_rating (id integer not null, comment varchar(255), rating integer not null, event_id integer, user_id integer, primary key (id))
Hibernate: create table eventpicture (id integer not null, img varchar(255), event_id integer, primary key (id))
Hibernate: create table map_of_events (user_id integer not null, event_id integer not null, primary key (user_id, event_id))
Hibernate: create table participant (id integer not null, date_of_birth timestamp, email varchar(255), first_name varchar(255), is_admin boolean not null, is_flagged boolean not null, last_name varchar(255), password varchar(255), place_id varchar(255), username varchar(255), primary key (id))
Hibernate: create table user_report (id integer not null, comment varchar(255), resolve_time_stamp timestamp, submit_time_stamp timestamp, reported_user_id integer, reporting_user_id integer, primary key (id))
Hibernate: alter table comment add constraint FKhr48nopy5aorw0ta1ii704tpu foreign key (event_id) references event
Hibernate: alter table comment add constraint FKcioa5w0o9olg7chpblptayman foreign key (user_id) references participant
Hibernate: alter table event add constraint FKlfb18aktlvn9xfw5rfjv6nle5 foreign key (user_id) references participant
Hibernate: alter table event_rating add constraint FK7f7qk66fuupfoppw9ed3hxe2 foreign key (event_id) references event
Hibernate: alter table event_rating add constraint FKr58wj4drjq8fy16s9bgn8yl5c foreign key (user_id) references participant
Hibernate: alter table eventpicture add constraint FKgwb3k3mfhmyh5e2uh07madtvd foreign key (event_id) references event
Hibernate: alter table map_of_events add constraint FK5b45ba03q6pwp01xn1f2st41v foreign key (event_id) references participant
Hibernate: alter table map_of_events add constraint FK4gl3oonqvk191phhk7bjq0m8s foreign key (user_id) references event
Hibernate: alter table user_report add constraint FK2d1m0uht40m3jmqacr9slsbpm foreign key (reported_user_id) references participant
Hibernate: alter table user_report add constraint FKl8y1wohtm8qxsvcju0rdp1al1 foreign key (reporting_user_id) references participant
2020-03-19 11:07:56.388  INFO 360210 --- [           main] o.h.t.schema.internal.SchemaCreatorImpl  : HHH000476: Executing import script 'org.hibernate.tool.schema.internal.exec.ScriptSourceInputNonExistentImpl@3193e21d'
2020-03-19 11:07:56.390  INFO 360210 --- [           main] j.LocalContainerEntityManagerFactoryBean : Initialized JPA EntityManagerFactory for persistence unit 'default'
2020-03-19 11:07:57.283  INFO 360210 --- [           main] .s.s.UserDetailsServiceAutoConfiguration : 

Using generated security password: 897e2bbb-36e5-42d2-b493-7e5ec0d498a9

2020-03-19 11:07:59.637  INFO 360210 --- [           main] o.s.s.web.DefaultSecurityFilterChain     : Creating filter chain: org.springframework.security.web.util.matcher.AnyRequestMatcher@1, [org.springframework.security.web.context.request.async.WebAsyncManagerIntegrationFilter@8c41677, org.springframework.security.web.context.SecurityContextPersistenceFilter@4faf32a7, org.springframework.security.web.header.HeaderWriterFilter@2de08488, org.springframework.web.filter.CorsFilter@791bdaff, org.springframework.security.web.authentication.logout.LogoutFilter@7fa0f739, com.revature.project2.security.JWTAuthenticationFilter@4bdea421, com.revature.project2.security.JWTAuthorizationFilter@3829edd5, org.springframework.security.web.savedrequest.RequestCacheAwareFilter@eac35fd, org.springframework.security.web.servletapi.SecurityContextHolderAwareRequestFilter@4d979f76, org.springframework.security.web.authentication.AnonymousAuthenticationFilter@10762309, org.springframework.security.web.session.SessionManagementFilter@2dbdd3f2, org.springframework.security.web.access.ExceptionTranslationFilter@244cdad1, org.springframework.security.web.access.intercept.FilterSecurityInterceptor@173ee8f7]
2020-03-19 11:08:00.649  INFO 360210 --- [           main] s.w.s.m.m.a.RequestMappingHandlerAdapter : Looking for @ControllerAdvice: org.springframework.web.context.support.GenericWebApplicationContext@1bab8268: startup date [Thu Mar 19 11:07:49 CET 2020]; root of context hierarchy
2020-03-19 11:08:00.722  WARN 360210 --- [           main] aWebConfiguration$JpaWebMvcConfiguration : spring.jpa.open-in-view is enabled by default. Therefore, database queries may be performed during view rendering. Explicitly configure spring.jpa.open-in-view to disable this warning
2020-03-19 11:08:00.795  INFO 360210 --- [           main] s.w.s.m.m.a.RequestMappingHandlerMapping : Mapped "{[/api/events/{event_id}/comment],methods=[POST]}" onto public com.revature.project2.comments.Comment com.revature.project2.comments.CommentController.createComment(int,com.revature.project2.comments.Comment)
2020-03-19 11:08:00.796  INFO 360210 --- [           main] s.w.s.m.m.a.RequestMappingHandlerMapping : Mapped "{[/api/events/{event_id}/comment],methods=[GET]}" onto public java.lang.Iterable<com.revature.project2.comments.Comment> com.revature.project2.comments.CommentController.fetchCommentbyevent(int)
2020-03-19 11:08:00.800  INFO 360210 --- [           main] s.w.s.m.m.a.RequestMappingHandlerMapping : Mapped "{[/api/events],methods=[POST]}" onto public com.revature.project2.events.Event com.revature.project2.events.EventController.createEvents(com.revature.project2.events.Event)
2020-03-19 11:08:00.804  INFO 360210 --- [           main] s.w.s.m.m.a.RequestMappingHandlerMapping : Mapped "{[/api/events/{event_id}],methods=[GET]}" onto public com.revature.project2.events.Event com.revature.project2.events.EventController.fetchEventById(int)
2020-03-19 11:08:00.805  INFO 360210 --- [           main] s.w.s.m.m.a.RequestMappingHandlerMapping : Mapped "{[/api/events/{event_id}],methods=[PUT]}" onto public com.revature.project2.events.Event com.revature.project2.events.EventController.updateEventById(int)
2020-03-19 11:08:00.805  INFO 360210 --- [           main] s.w.s.m.m.a.RequestMappingHandlerMapping : Mapped "{[/events],methods=[GET]}" onto public java.lang.Iterable<com.revature.project2.events.Event> com.revature.project2.events.EventController.fetchAllEvents()
2020-03-19 11:08:00.807  INFO 360210 --- [           main] s.w.s.m.m.a.RequestMappingHandlerMapping : Mapped "{[/google/location],methods=[POST]}" onto public org.springframework.http.ResponseEntity<java.lang.String> com.revature.project2.helpers.GoogleAPI.getLocInfo(java.lang.String)
2020-03-19 11:08:00.807  INFO 360210 --- [           main] s.w.s.m.m.a.RequestMappingHandlerMapping : Mapped "{[/google/prediction],methods=[POST]}" onto public org.springframework.http.ResponseEntity<java.lang.String> com.revature.project2.helpers.GoogleAPI.getLocPredictions(java.lang.String)
2020-03-19 11:08:00.808  INFO 360210 --- [           main] s.w.s.m.m.a.RequestMappingHandlerMapping : Mapped "{[/google/details],methods=[POST]}" onto public org.springframework.http.ResponseEntity<java.lang.String> com.revature.project2.helpers.GoogleAPI.getLocDetails(java.lang.String)
2020-03-19 11:08:00.808  INFO 360210 --- [           main] s.w.s.m.m.a.RequestMappingHandlerMapping : Mapped "{[/google/distance],methods=[POST]}" onto public org.springframework.http.ResponseEntity<java.lang.String> com.revature.project2.helpers.GoogleAPI.getDistanceInfo(java.lang.String[])
2020-03-19 11:08:00.809  INFO 360210 --- [           main] s.w.s.m.m.a.RequestMappingHandlerMapping : Mapped "{[/users/login],methods=[POST]}" onto public org.springframework.http.ResponseEntity com.revature.project2.security.LoginController.login(java.util.Map<java.lang.String, java.lang.String>,javax.servlet.http.HttpServletResponse)
2020-03-19 11:08:00.817  INFO 360210 --- [           main] s.w.s.m.m.a.RequestMappingHandlerMapping : Mapped "{[/users/check/{username}],methods=[GET]}" onto public boolean com.revature.project2.security.LoginController.isExist(java.lang.String)
2020-03-19 11:08:00.817  INFO 360210 --- [           main] s.w.s.m.m.a.RequestMappingHandlerMapping : Mapped "{[/users/checkemail/{email}],methods=[GET]}" onto public boolean com.revature.project2.security.LoginController.isExistEmail(java.lang.String)
2020-03-19 11:08:00.818  INFO 360210 --- [           main] s.w.s.m.m.a.RequestMappingHandlerMapping : Mapped "{[/users/sign-up],methods=[POST]}" onto public void com.revature.project2.security.LoginController.signUp(com.revature.project2.users.User,javax.servlet.http.HttpServletResponse)
2020-03-19 11:08:00.820  INFO 360210 --- [           main] s.w.s.m.m.a.RequestMappingHandlerMapping : Mapped "{[/api/users/{id}],methods=[PUT]}" onto public com.revature.project2.users.User com.revature.project2.users.UserController.updateUser(int)
2020-03-19 11:08:00.821  INFO 360210 --- [           main] s.w.s.m.m.a.RequestMappingHandlerMapping : Mapped "{[/api/users/{id}],methods=[GET]}" onto public java.util.Optional<com.revature.project2.users.User> com.revature.project2.users.UserController.fetchUserById(int)
2020-03-19 11:08:00.821  INFO 360210 --- [           main] s.w.s.m.m.a.RequestMappingHandlerMapping : Mapped "{[/api/events/{event_id}/user/{user_id}],methods=[POST]}" onto public com.revature.project2.users.User com.revature.project2.users.UserController.setUser(int,int,com.revature.project2.users.User)
2020-03-19 11:08:00.822  INFO 360210 --- [           main] s.w.s.m.m.a.RequestMappingHandlerMapping : Mapped "{[/api/users],methods=[GET]}" onto public java.lang.Iterable<com.revature.project2.users.User> com.revature.project2.users.UserController.fetchAllUsers()
2020-03-19 11:08:00.835  INFO 360210 --- [           main] s.w.s.m.m.a.RequestMappingHandlerMapping : Mapped "{[/error],produces=[text/html]}" onto public org.springframework.web.servlet.ModelAndView org.springframework.boot.autoconfigure.web.servlet.error.BasicErrorController.errorHtml(javax.servlet.http.HttpServletRequest,javax.servlet.http.HttpServletResponse)
2020-03-19 11:08:00.849  INFO 360210 --- [           main] s.w.s.m.m.a.RequestMappingHandlerMapping : Mapped "{[/error]}" onto public org.springframework.http.ResponseEntity<java.util.Map<java.lang.String, java.lang.Object>> org.springframework.boot.autoconfigure.web.servlet.error.BasicErrorController.error(javax.servlet.http.HttpServletRequest)
2020-03-19 11:08:00.933  INFO 360210 --- [           main] o.s.w.s.handler.SimpleUrlHandlerMapping  : Mapped URL path [/webjars/**] onto handler of type [class org.springframework.web.servlet.resource.ResourceHttpRequestHandler]
2020-03-19 11:08:00.934  INFO 360210 --- [           main] o.s.w.s.handler.SimpleUrlHandlerMapping  : Mapped URL path [/**] onto handler of type [class org.springframework.web.servlet.resource.ResourceHttpRequestHandler]
2020-03-19 11:08:00.959  INFO 360210 --- [           main] .m.m.a.ExceptionHandlerExceptionResolver : Detected @ExceptionHandler methods in repositoryRestExceptionHandler
2020-03-19 11:08:01.112  INFO 360210 --- [           main] o.s.w.s.handler.SimpleUrlHandlerMapping  : Mapped URL path [/**/favicon.ico] onto handler of type [class org.springframework.web.servlet.resource.ResourceHttpRequestHandler]
2020-03-19 11:08:02.238  INFO 360210 --- [           main] o.s.d.r.w.RepositoryRestHandlerAdapter   : Looking for @ControllerAdvice: org.springframework.web.context.support.GenericWebApplicationContext@1bab8268: startup date [Thu Mar 19 11:07:49 CET 2020]; root of context hierarchy
2020-03-19 11:08:02.281  INFO 360210 --- [           main] o.s.d.r.w.RepositoryRestHandlerMapping   : Mapped "{[/{repository}],methods=[OPTIONS],produces=[application/hal+json || application/json]}" onto public org.springframework.http.ResponseEntity<?> org.springframework.data.rest.webmvc.RepositoryEntityController.optionsForCollectionResource(org.springframework.data.rest.webmvc.RootResourceInformation)
2020-03-19 11:08:02.286  INFO 360210 --- [           main] o.s.d.r.w.RepositoryRestHandlerMapping   : Mapped "{[/{repository}],methods=[HEAD],produces=[application/hal+json || application/json]}" onto public org.springframework.http.ResponseEntity<?> org.springframework.data.rest.webmvc.RepositoryEntityController.headCollectionResource(org.springframework.data.rest.webmvc.RootResourceInformation,org.springframework.data.rest.webmvc.support.DefaultedPageable) throws org.springframework.web.HttpRequestMethodNotSupportedException
2020-03-19 11:08:02.286  INFO 360210 --- [           main] o.s.d.r.w.RepositoryRestHandlerMapping   : Mapped "{[/{repository}],methods=[GET],produces=[application/x-spring-data-compact+json || text/uri-list]}" onto public org.springframework.hateoas.Resources<?> org.springframework.data.rest.webmvc.RepositoryEntityController.getCollectionResourceCompact(org.springframework.data.rest.webmvc.RootResourceInformation,org.springframework.data.rest.webmvc.support.DefaultedPageable,org.springframework.data.domain.Sort,org.springframework.data.rest.webmvc.PersistentEntityResourceAssembler) throws org.springframework.data.rest.webmvc.ResourceNotFoundException,org.springframework.web.HttpRequestMethodNotSupportedException
2020-03-19 11:08:02.287  INFO 360210 --- [           main] o.s.d.r.w.RepositoryRestHandlerMapping   : Mapped "{[/{repository}],methods=[GET],produces=[application/hal+json || application/json]}" onto public org.springframework.hateoas.Resources<?> org.springframework.data.rest.webmvc.RepositoryEntityController.getCollectionResource(org.springframework.data.rest.webmvc.RootResourceInformation,org.springframework.data.rest.webmvc.support.DefaultedPageable,org.springframework.data.domain.Sort,org.springframework.data.rest.webmvc.PersistentEntityResourceAssembler) throws org.springframework.data.rest.webmvc.ResourceNotFoundException,org.springframework.web.HttpRequestMethodNotSupportedException
2020-03-19 11:08:02.288  INFO 360210 --- [           main] o.s.d.r.w.RepositoryRestHandlerMapping   : Mapped "{[/{repository}],methods=[POST],produces=[application/hal+json || application/json]}" onto public org.springframework.http.ResponseEntity<org.springframework.hateoas.ResourceSupport> org.springframework.data.rest.webmvc.RepositoryEntityController.postCollectionResource(org.springframework.data.rest.webmvc.RootResourceInformation,org.springframework.data.rest.webmvc.PersistentEntityResource,org.springframework.data.rest.webmvc.PersistentEntityResourceAssembler,java.lang.String) throws org.springframework.web.HttpRequestMethodNotSupportedException
2020-03-19 11:08:02.289  INFO 360210 --- [           main] o.s.d.r.w.RepositoryRestHandlerMapping   : Mapped "{[/{repository}/{id}],methods=[OPTIONS],produces=[application/hal+json || application/json]}" onto public org.springframework.http.ResponseEntity<?> org.springframework.data.rest.webmvc.RepositoryEntityController.optionsForItemResource(org.springframework.data.rest.webmvc.RootResourceInformation)
2020-03-19 11:08:02.289  INFO 360210 --- [           main] o.s.d.r.w.RepositoryRestHandlerMapping   : Mapped "{[/{repository}/{id}],methods=[HEAD],produces=[application/hal+json || application/json]}" onto public org.springframework.http.ResponseEntity<?> org.springframework.data.rest.webmvc.RepositoryEntityController.headForItemResource(org.springframework.data.rest.webmvc.RootResourceInformation,java.io.Serializable,org.springframework.data.rest.webmvc.PersistentEntityResourceAssembler) throws org.springframework.web.HttpRequestMethodNotSupportedException
2020-03-19 11:08:02.290  INFO 360210 --- [           main] o.s.d.r.w.RepositoryRestHandlerMapping   : Mapped "{[/{repository}/{id}],methods=[GET],produces=[application/hal+json || application/json]}" onto public org.springframework.http.ResponseEntity<org.springframework.hateoas.Resource<?>> org.springframework.data.rest.webmvc.RepositoryEntityController.getItemResource(org.springframework.data.rest.webmvc.RootResourceInformation,java.io.Serializable,org.springframework.data.rest.webmvc.PersistentEntityResourceAssembler,org.springframework.http.HttpHeaders) throws org.springframework.web.HttpRequestMethodNotSupportedException
2020-03-19 11:08:02.291  INFO 360210 --- [           main] o.s.d.r.w.RepositoryRestHandlerMapping   : Mapped "{[/{repository}/{id}],methods=[PUT],produces=[application/hal+json || application/json]}" onto public org.springframework.http.ResponseEntity<? extends org.springframework.hateoas.ResourceSupport> org.springframework.data.rest.webmvc.RepositoryEntityController.putItemResource(org.springframework.data.rest.webmvc.RootResourceInformation,org.springframework.data.rest.webmvc.PersistentEntityResource,java.io.Serializable,org.springframework.data.rest.webmvc.PersistentEntityResourceAssembler,org.springframework.data.rest.webmvc.support.ETag,java.lang.String) throws org.springframework.web.HttpRequestMethodNotSupportedException
2020-03-19 11:08:02.292  INFO 360210 --- [           main] o.s.d.r.w.RepositoryRestHandlerMapping   : Mapped "{[/{repository}/{id}],methods=[PATCH],produces=[application/hal+json || application/json]}" onto public org.springframework.http.ResponseEntity<org.springframework.hateoas.ResourceSupport> org.springframework.data.rest.webmvc.RepositoryEntityController.patchItemResource(org.springframework.data.rest.webmvc.RootResourceInformation,org.springframework.data.rest.webmvc.PersistentEntityResource,java.io.Serializable,org.springframework.data.rest.webmvc.PersistentEntityResourceAssembler,org.springframework.data.rest.webmvc.support.ETag,java.lang.String) throws org.springframework.web.HttpRequestMethodNotSupportedException,org.springframework.data.rest.webmvc.ResourceNotFoundException
2020-03-19 11:08:02.293  INFO 360210 --- [           main] o.s.d.r.w.RepositoryRestHandlerMapping   : Mapped "{[/{repository}/{id}],methods=[DELETE],produces=[application/hal+json || application/json]}" onto public org.springframework.http.ResponseEntity<?> org.springframework.data.rest.webmvc.RepositoryEntityController.deleteItemResource(org.springframework.data.rest.webmvc.RootResourceInformation,java.io.Serializable,org.springframework.data.rest.webmvc.support.ETag) throws org.springframework.data.rest.webmvc.ResourceNotFoundException,org.springframework.web.HttpRequestMethodNotSupportedException
2020-03-19 11:08:02.295  INFO 360210 --- [           main] o.s.d.r.w.RepositoryRestHandlerMapping   : Mapped "{[/ || ],methods=[GET],produces=[application/hal+json || application/json]}" onto public org.springframework.http.HttpEntity<org.springframework.data.rest.webmvc.RepositoryLinksResource> org.springframework.data.rest.webmvc.RepositoryController.listRepositories()
2020-03-19 11:08:02.304  INFO 360210 --- [           main] o.s.d.r.w.RepositoryRestHandlerMapping   : Mapped "{[/ || ],methods=[OPTIONS],produces=[application/hal+json || application/json]}" onto public org.springframework.http.HttpEntity<?> org.springframework.data.rest.webmvc.RepositoryController.optionsForRepositories()
2020-03-19 11:08:02.304  INFO 360210 --- [           main] o.s.d.r.w.RepositoryRestHandlerMapping   : Mapped "{[/ || ],methods=[HEAD],produces=[application/hal+json || application/json]}" onto public org.springframework.http.ResponseEntity<?> org.springframework.data.rest.webmvc.RepositoryController.headForRepositories()
2020-03-19 11:08:02.307  INFO 360210 --- [           main] o.s.d.r.w.RepositoryRestHandlerMapping   : Mapped "{[/{repository}/{id}/{property}],methods=[DELETE],produces=[application/hal+json || application/json]}" onto public org.springframework.http.ResponseEntity<? extends org.springframework.hateoas.ResourceSupport> org.springframework.data.rest.webmvc.RepositoryPropertyReferenceController.deletePropertyReference(org.springframework.data.rest.webmvc.RootResourceInformation,java.io.Serializable,java.lang.String) throws java.lang.Exception
2020-03-19 11:08:02.308  INFO 360210 --- [           main] o.s.d.r.w.RepositoryRestHandlerMapping   : Mapped "{[/{repository}/{id}/{property}],methods=[GET],produces=[application/x-spring-data-compact+json || text/uri-list]}" onto public org.springframework.http.ResponseEntity<org.springframework.hateoas.ResourceSupport> org.springframework.data.rest.webmvc.RepositoryPropertyReferenceController.followPropertyReferenceCompact(org.springframework.data.rest.webmvc.RootResourceInformation,java.io.Serializable,java.lang.String,org.springframework.data.rest.webmvc.PersistentEntityResourceAssembler) throws java.lang.Exception
2020-03-19 11:08:02.308  INFO 360210 --- [           main] o.s.d.r.w.RepositoryRestHandlerMapping   : Mapped "{[/{repository}/{id}/{property}],methods=[PATCH || PUT || POST],consumes=[application/json || application/x-spring-data-compact+json || text/uri-list],produces=[application/hal+json || application/json]}" onto public org.springframework.http.ResponseEntity<? extends org.springframework.hateoas.ResourceSupport> org.springframework.data.rest.webmvc.RepositoryPropertyReferenceController.createPropertyReference(org.springframework.data.rest.webmvc.RootResourceInformation,org.springframework.http.HttpMethod,org.springframework.hateoas.Resources<java.lang.Object>,java.io.Serializable,java.lang.String) throws java.lang.Exception
2020-03-19 11:08:02.309  INFO 360210 --- [           main] o.s.d.r.w.RepositoryRestHandlerMapping   : Mapped "{[/{repository}/{id}/{property}/{propertyId}],methods=[DELETE],produces=[application/hal+json || application/json]}" onto public org.springframework.http.ResponseEntity<org.springframework.hateoas.ResourceSupport> org.springframework.data.rest.webmvc.RepositoryPropertyReferenceController.deletePropertyReferenceId(org.springframework.data.rest.webmvc.RootResourceInformation,java.io.Serializable,java.lang.String,java.lang.String) throws java.lang.Exception
2020-03-19 11:08:02.309  INFO 360210 --- [           main] o.s.d.r.w.RepositoryRestHandlerMapping   : Mapped "{[/{repository}/{id}/{property}],methods=[GET],produces=[application/hal+json || application/json]}" onto public org.springframework.http.ResponseEntity<org.springframework.hateoas.ResourceSupport> org.springframework.data.rest.webmvc.RepositoryPropertyReferenceController.followPropertyReference(org.springframework.data.rest.webmvc.RootResourceInformation,java.io.Serializable,java.lang.String,org.springframework.data.rest.webmvc.PersistentEntityResourceAssembler) throws java.lang.Exception
2020-03-19 11:08:02.310  INFO 360210 --- [           main] o.s.d.r.w.RepositoryRestHandlerMapping   : Mapped "{[/{repository}/{id}/{property}/{propertyId}],methods=[GET],produces=[application/hal+json || application/json]}" onto public org.springframework.http.ResponseEntity<org.springframework.hateoas.ResourceSupport> org.springframework.data.rest.webmvc.RepositoryPropertyReferenceController.followPropertyReference(org.springframework.data.rest.webmvc.RootResourceInformation,java.io.Serializable,java.lang.String,java.lang.String,org.springframework.data.rest.webmvc.PersistentEntityResourceAssembler) throws java.lang.Exception
2020-03-19 11:08:02.312  INFO 360210 --- [           main] o.s.d.r.w.RepositoryRestHandlerMapping   : Mapped "{[/{repository}/search],methods=[OPTIONS],produces=[application/hal+json || application/json]}" onto public org.springframework.http.HttpEntity<?> org.springframework.data.rest.webmvc.RepositorySearchController.optionsForSearches(org.springframework.data.rest.webmvc.RootResourceInformation)
2020-03-19 11:08:02.313  INFO 360210 --- [           main] o.s.d.r.w.RepositoryRestHandlerMapping   : Mapped "{[/{repository}/search],methods=[HEAD],produces=[application/hal+json || application/json]}" onto public org.springframework.http.HttpEntity<?> org.springframework.data.rest.webmvc.RepositorySearchController.headForSearches(org.springframework.data.rest.webmvc.RootResourceInformation)
2020-03-19 11:08:02.313  INFO 360210 --- [           main] o.s.d.r.w.RepositoryRestHandlerMapping   : Mapped "{[/{repository}/search],methods=[GET],produces=[application/hal+json || application/json]}" onto public org.springframework.data.rest.webmvc.RepositorySearchesResource org.springframework.data.rest.webmvc.RepositorySearchController.listSearches(org.springframework.data.rest.webmvc.RootResourceInformation)
2020-03-19 11:08:02.314  INFO 360210 --- [           main] o.s.d.r.w.RepositoryRestHandlerMapping   : Mapped "{[/{repository}/search/{search}],methods=[GET],produces=[application/hal+json || application/json]}" onto public org.springframework.http.ResponseEntity<?> org.springframework.data.rest.webmvc.RepositorySearchController.executeSearch(org.springframework.data.rest.webmvc.RootResourceInformation,org.springframework.util.MultiValueMap<java.lang.String, java.lang.Object>,java.lang.String,org.springframework.data.rest.webmvc.support.DefaultedPageable,org.springframework.data.domain.Sort,org.springframework.data.rest.webmvc.PersistentEntityResourceAssembler,org.springframework.http.HttpHeaders)
2020-03-19 11:08:02.314  INFO 360210 --- [           main] o.s.d.r.w.RepositoryRestHandlerMapping   : Mapped "{[/{repository}/search/{search}],methods=[GET],produces=[application/x-spring-data-compact+json]}" onto public org.springframework.hateoas.ResourceSupport org.springframework.data.rest.webmvc.RepositorySearchController.executeSearchCompact(org.springframework.data.rest.webmvc.RootResourceInformation,org.springframework.http.HttpHeaders,org.springframework.util.MultiValueMap<java.lang.String, java.lang.Object>,java.lang.String,java.lang.String,org.springframework.data.rest.webmvc.support.DefaultedPageable,org.springframework.data.domain.Sort,org.springframework.data.rest.webmvc.PersistentEntityResourceAssembler)
2020-03-19 11:08:02.314  INFO 360210 --- [           main] o.s.d.r.w.RepositoryRestHandlerMapping   : Mapped "{[/{repository}/search/{search}],methods=[OPTIONS],produces=[application/hal+json || application/json]}" onto public org.springframework.http.ResponseEntity<java.lang.Object> org.springframework.data.rest.webmvc.RepositorySearchController.optionsForSearch(org.springframework.data.rest.webmvc.RootResourceInformation,java.lang.String)
2020-03-19 11:08:02.315  INFO 360210 --- [           main] o.s.d.r.w.RepositoryRestHandlerMapping   : Mapped "{[/{repository}/search/{search}],methods=[HEAD],produces=[application/hal+json || application/json]}" onto public org.springframework.http.ResponseEntity<java.lang.Object> org.springframework.data.rest.webmvc.RepositorySearchController.headForSearch(org.springframework.data.rest.webmvc.RootResourceInformation,java.lang.String)
2020-03-19 11:08:02.336  INFO 360210 --- [           main] o.s.d.r.w.BasePathAwareHandlerMapping    : Mapped "{[/profile/{repository}],methods=[GET],produces=[application/schema+json]}" onto public org.springframework.http.HttpEntity<org.springframework.data.rest.webmvc.json.JsonSchema> org.springframework.data.rest.webmvc.RepositorySchemaController.schema(org.springframework.data.rest.webmvc.RootResourceInformation)
2020-03-19 11:08:02.337  INFO 360210 --- [           main] o.s.d.r.w.BasePathAwareHandlerMapping    : Mapped "{[/profile],methods=[OPTIONS]}" onto public org.springframework.http.HttpEntity<?> org.springframework.data.rest.webmvc.ProfileController.profileOptions()
2020-03-19 11:08:02.337  INFO 360210 --- [           main] o.s.d.r.w.BasePathAwareHandlerMapping    : Mapped "{[/profile],methods=[GET]}" onto org.springframework.http.HttpEntity<org.springframework.hateoas.ResourceSupport> org.springframework.data.rest.webmvc.ProfileController.listAllFormsOfMetadata()
2020-03-19 11:08:02.337  INFO 360210 --- [           main] o.s.d.r.w.BasePathAwareHandlerMapping    : Mapped "{[/profile/{repository}],methods=[GET],produces=[application/alps+json || */*]}" onto org.springframework.http.HttpEntity<org.springframework.data.rest.webmvc.RootResourceInformation> org.springframework.data.rest.webmvc.alps.AlpsController.descriptor(org.springframework.data.rest.webmvc.RootResourceInformation)
2020-03-19 11:08:02.338  INFO 360210 --- [           main] o.s.d.r.w.BasePathAwareHandlerMapping    : Mapped "{[/profile/{repository}],methods=[OPTIONS],produces=[application/alps+json]}" onto org.springframework.http.HttpEntity<?> org.springframework.data.rest.webmvc.alps.AlpsController.alpsOptions()
2020-03-19 11:08:02.585  INFO 360210 --- [           main] s.b.a.e.w.s.WebMvcEndpointHandlerMapping : Mapped "{[/actuator/health],methods=[GET],produces=[application/vnd.spring-boot.actuator.v2+json || application/json]}" onto public java.lang.Object org.springframework.boot.actuate.endpoint.web.servlet.AbstractWebMvcEndpointHandlerMapping$OperationHandler.handle(javax.servlet.http.HttpServletRequest,java.util.Map<java.lang.String, java.lang.String>)
2020-03-19 11:08:02.586  INFO 360210 --- [           main] s.b.a.e.w.s.WebMvcEndpointHandlerMapping : Mapped "{[/actuator/info],methods=[GET],produces=[application/vnd.spring-boot.actuator.v2+json || application/json]}" onto public java.lang.Object org.springframework.boot.actuate.endpoint.web.servlet.AbstractWebMvcEndpointHandlerMapping$OperationHandler.handle(javax.servlet.http.HttpServletRequest,java.util.Map<java.lang.String, java.lang.String>)
2020-03-19 11:08:02.587  INFO 360210 --- [           main] s.b.a.e.w.s.WebMvcEndpointHandlerMapping : Mapped "{[/actuator],methods=[GET],produces=[application/vnd.spring-boot.actuator.v2+json || application/json]}" onto protected java.util.Map<java.lang.String, java.util.Map<java.lang.String, org.springframework.boot.actuate.endpoint.web.Link>> org.springframework.boot.actuate.endpoint.web.servlet.WebMvcEndpointHandlerMapping.links(javax.servlet.http.HttpServletRequest,javax.servlet.http.HttpServletResponse)
2020-03-19 11:08:02.895  INFO 360210 --- [           main] o.h.h.i.QueryTranslatorFactoryInitiator  : HHH000397: Using ASTQueryTranslatorFactory
Hibernate: select user0_.id as id1_5_, user0_.date_of_birth as date_of_2_5_, user0_.email as email3_5_, user0_.first_name as first_na4_5_, user0_.is_admin as is_admin5_5_, user0_.is_flagged as is_flagg6_5_, user0_.last_name as last_nam7_5_, user0_.password as password8_5_, user0_.place_id as place_id9_5_, user0_.username as usernam10_5_ from participant user0_ where user0_.username=?
2020-03-19 11:08:03.354  INFO 360210 --- [           main] c.r.project2.bootstrap.DataBootstrap     : Created basic Administrator
Hibernate: call next value for hibernate_sequence
Hibernate: insert into participant (date_of_birth, email, first_name, is_admin, is_flagged, last_name, password, place_id, username, id) values (?, ?, ?, ?, ?, ?, ?, ?, ?, ?)
Hibernate: call next value for hibernate_sequence
Hibernate: insert into participant (date_of_birth, email, first_name, is_admin, is_flagged, last_name, password, place_id, username, id) values (?, ?, ?, ?, ?, ?, ?, ?, ?, ?)
Hibernate: call next value for hibernate_sequence
Hibernate: insert into event (cost, description, end_date_time, guests_allowed, user_id, max_attendees, minimum_age, place_id, start_date_time, title, id) values (?, ?, ?, ?, ?, ?, ?, ?, ?, ?, ?)
Hibernate: call next value for hibernate_sequence
Hibernate: insert into event (cost, description, end_date_time, guests_allowed, user_id, max_attendees, minimum_age, place_id, start_date_time, title, id) values (?, ?, ?, ?, ?, ?, ?, ?, ?, ?, ?)
Hibernate: call next value for hibernate_sequence
Hibernate: insert into event (cost, description, end_date_time, guests_allowed, user_id, max_attendees, minimum_age, place_id, start_date_time, title, id) values (?, ?, ?, ?, ?, ?, ?, ?, ?, ?, ?)
Hibernate: call next value for hibernate_sequence
Hibernate: insert into event (cost, description, end_date_time, guests_allowed, user_id, max_attendees, minimum_age, place_id, start_date_time, title, id) values (?, ?, ?, ?, ?, ?, ?, ?, ?, ?, ?)
Hibernate: call next value for hibernate_sequence
Hibernate: insert into event (cost, description, end_date_time, guests_allowed, user_id, max_attendees, minimum_age, place_id, start_date_time, title, id) values (?, ?, ?, ?, ?, ?, ?, ?, ?, ?, ?)
2020-03-19 11:08:03.725  INFO 360210 --- [           main] c.r.project2.events.EventControllerTest  : Started EventControllerTest in 16.173 seconds (JVM running for 18.151)
2020-03-19 11:08:03.919  INFO 360210 --- [           main] o.s.b.t.m.w.SpringBootMockServletContext : Initializing Spring FrameworkServlet ''
2020-03-19 11:08:03.919  INFO 360210 --- [           main] o.s.t.web.servlet.TestDispatcherServlet  : FrameworkServlet '': initialization started
2020-03-19 11:08:03.957  INFO 360210 --- [           main] o.s.t.web.servlet.TestDispatcherServlet  : FrameworkServlet '': initialization completed in 38 ms
Hibernate: select event0_.id as id1_1_, event0_.cost as cost2_1_, event0_.description as descript3_1_, event0_.end_date_time as end_date4_1_, event0_.guests_allowed as guests_a5_1_, event0_.user_id as user_id11_1_, event0_.max_attendees as max_atte6_1_, event0_.minimum_age as minimum_7_1_, event0_.place_id as place_id8_1_, event0_.start_date_time as start_da9_1_, event0_.title as title10_1_ from event event0_
Hibernate: select user0_.id as id1_5_0_, user0_.date_of_birth as date_of_2_5_0_, user0_.email as email3_5_0_, user0_.first_name as first_na4_5_0_, user0_.is_admin as is_admin5_5_0_, user0_.is_flagged as is_flagg6_5_0_, user0_.last_name as last_nam7_5_0_, user0_.password as password8_5_0_, user0_.place_id as place_id9_5_0_, user0_.username as usernam10_5_0_ from participant user0_ where user0_.id=?

MockHttpServletRequest:
      HTTP Method = GET
      Request URI = /events
       Parameters = {}
          Headers = {}
             Body = <no character encoding set>
    Session Attrs = {}

Handler:
             Type = com.revature.project2.events.EventController
           Method = public java.lang.Iterable<com.revature.project2.events.Event> com.revature.project2.events.EventController.fetchAllEvents()

Async:
    Async started = false
     Async result = null

Resolved Exception:
             Type = null

ModelAndView:
        View name = null
             View = null
            Model = null

FlashMap:
       Attributes = null

MockHttpServletResponse:
           Status = 200
    Error message = null
          Headers = {Content-Type=[application/json;charset=UTF-8]}
     Content type = application/json;charset=UTF-8
             Body = [ {
  "placeId" : null,
  "title" : "Running around with fun dance",
  "startDateTime" : "3918-01-31 23:00",
  "endDateTime" : "3918-02-02 23:00",
  "description" : null,
  "cost" : 40,
  "maxAttendees" : 0,
  "minimumAge" : 0,
  "guestsAllowed" : 0
}, {
  "placeId" : null,
  "title" : "alchol party all day long",
  "startDateTime" : "3918-01-31 23:00",
  "endDateTime" : "3918-02-02 23:00",
  "description" : null,
  "cost" : 40,
  "maxAttendees" : 0,
  "minimumAge" : 0,
  "guestsAllowed" : 0
}, {
  "placeId" : null,
  "title" : "Video game party",
  "startDateTime" : "3918-01-31 23:00",
  "endDateTime" : "3918-02-02 23:00",
  "description" : null,
  "cost" : 40,
  "maxAttendees" : 0,
  "minimumAge" : 0,
  "guestsAllowed" : 0
}, {
  "placeId" : null,
  "title" : "Nerd meet up",
  "startDateTime" : "3918-01-31 23:00",
  "endDateTime" : "3918-02-02 23:00",
  "description" : null,
  "cost" : 40,
  "maxAttendees" : 0,
  "minimumAge" : 0,
  "guestsAllowed" : 0
}, {
  "placeId" : null,
  "title" : "THere is no event event for sarcasm",
  "startDateTime" : "3918-01-31 23:00",
  "endDateTime" : "3918-02-02 23:00",
  "description" : null,
  "cost" : 40,
  "maxAttendees" : 0,
  "minimumAge" : 0,
  "guestsAllowed" : 0
} ]
    Forwarded URL = null
   Redirected URL = null
          Cookies = []
2020-03-19 11:08:04.217  INFO 360210 --- [           main] o.s.b.t.m.w.SpringBootMockServletContext : Initializing Spring FrameworkServlet ''
2020-03-19 11:08:04.217  INFO 360210 --- [           main] o.s.t.web.servlet.TestDispatcherServlet  : FrameworkServlet '': initialization started
2020-03-19 11:08:04.237  INFO 360210 --- [           main] o.s.t.web.servlet.TestDispatcherServlet  : FrameworkServlet '': initialization completed in 4 ms
Hibernate: call next value for hibernate_sequence
Hibernate: insert into event (cost, description, end_date_time, guests_allowed, user_id, max_attendees, minimum_age, place_id, start_date_time, title, id) values (?, ?, ?, ?, ?, ?, ?, ?, ?, ?, ?)

MockHttpServletRequest:
      HTTP Method = POST
      Request URI = /api/events
       Parameters = {}
          Headers = {Content-Type=[application/json], Authorization=[Bearer eyJhbGciOiJIUzUxMiJ9.eyJzdWIiOiJhZG1pbiIsImV4cCI6MTU4NTQ3NjQ4NH0.67cPMnOyNEDVXzs-VQ4hq4lcmz_QeJV_G07ltfhaRbpdH_NtZtN-BYD0NzG7o2QNm3aj5L78VzIXOLUs8zz7xg]}
             Body = <no character encoding set>
    Session Attrs = {}

Handler:
             Type = com.revature.project2.events.EventController
           Method = public com.revature.project2.events.Event com.revature.project2.events.EventController.createEvents(com.revature.project2.events.Event)

Async:
    Async started = false
     Async result = null

Resolved Exception:
             Type = null

ModelAndView:
        View name = null
             View = null
            Model = null

FlashMap:
       Attributes = null

MockHttpServletResponse:
           Status = 200
    Error message = null
          Headers = {Content-Type=[application/json;charset=UTF-8]}
     Content type = application/json;charset=UTF-8
             Body = {
  "placeId" : null,
  "title" : "title",
  "startDateTime" : "2020-03-19 10:08",
  "endDateTime" : "2020-03-19 10:08",
  "description" : "description",
  "cost" : 50,
  "maxAttendees" : 50,
  "minimumAge" : 18,
  "guestsAllowed" : 0
}
    Forwarded URL = null
   Redirected URL = null
          Cookies = []
[INFO] Tests run: 2, Failures: 0, Errors: 0, Skipped: 0, Time elapsed: 18.258 s - in com.revature.project2.events.EventControllerTest
[INFO] Running com.revature.project2.security.LoginControllerTest
2020-03-19 11:08:04.847  INFO 360210 --- [           main] o.s.t.c.support.AbstractContextLoader    : Could not detect default resource locations for test class [com.revature.project2.security.LoginControllerTest]: no resource found for suffixes {-context.xml, Context.groovy}.
2020-03-19 11:08:04.881  INFO 360210 --- [           main] .b.t.c.SpringBootTestContextBootstrapper : Loaded default TestExecutionListener class names from location [META-INF/spring.factories]: [org.springframework.boot.test.autoconfigure.restdocs.RestDocsTestExecutionListener, org.springframework.boot.test.autoconfigure.web.client.MockRestServiceServerResetTestExecutionListener, org.springframework.boot.test.autoconfigure.web.servlet.MockMvcPrintOnlyOnFailureTestExecutionListener, org.springframework.boot.test.autoconfigure.web.servlet.WebDriverTestExecutionListener, org.springframework.security.test.context.support.WithSecurityContextTestExecutionListener, org.springframework.security.test.context.support.ReactorContextTestExecutionListener, org.springframework.test.context.web.ServletTestExecutionListener, org.springframework.test.context.support.DirtiesContextBeforeModesTestExecutionListener, org.springframework.test.context.support.DependencyInjectionTestExecutionListener, org.springframework.test.context.support.DirtiesContextTestExecutionListener, org.springframework.test.context.transaction.TransactionalTestExecutionListener, org.springframework.test.context.jdbc.SqlScriptsTestExecutionListener, org.springframework.boot.test.mock.mockito.MockitoTestExecutionListener, org.springframework.boot.test.mock.mockito.ResetMocksTestExecutionListener]
2020-03-19 11:08:04.881  INFO 360210 --- [           main] .b.t.c.SpringBootTestContextBootstrapper : Using TestExecutionListeners: [org.springframework.test.context.web.ServletTestExecutionListener@5c4b4c4d, org.springframework.test.context.support.DirtiesContextBeforeModesTestExecutionListener@6342aaab, org.springframework.boot.test.mock.mockito.MockitoTestExecutionListener@223a5a4b, org.springframework.boot.test.autoconfigure.SpringBootDependencyInjectionTestExecutionListener@4cd39c01, org.springframework.test.context.support.DirtiesContextTestExecutionListener@4a7c88f2, org.springframework.test.context.transaction.TransactionalTestExecutionListener@3c9d64e4, org.springframework.test.context.jdbc.SqlScriptsTestExecutionListener@4c05993e, org.springframework.security.test.context.support.WithSecurityContextTestExecutionListener@1c66272b, org.springframework.security.test.context.support.ReactorContextTestExecutionListener@32f3174d, org.springframework.boot.test.autoconfigure.restdocs.RestDocsTestExecutionListener@651eefb3, org.springframework.boot.test.autoconfigure.web.client.MockRestServiceServerResetTestExecutionListener@5324647, org.springframework.boot.test.autoconfigure.web.servlet.MockMvcPrintOnlyOnFailureTestExecutionListener@28c076b5, org.springframework.boot.test.autoconfigure.web.servlet.WebDriverTestExecutionListener@223459f, org.springframework.boot.test.mock.mockito.ResetMocksTestExecutionListener@10d2411f]
2020-03-19 11:08:04.888  INFO 360210 --- [           main] o.s.b.t.m.w.SpringBootMockServletContext : Initializing Spring FrameworkServlet ''
2020-03-19 11:08:04.891  INFO 360210 --- [           main] o.s.t.web.servlet.TestDispatcherServlet  : FrameworkServlet '': initialization started
2020-03-19 11:08:04.905  INFO 360210 --- [           main] o.s.t.web.servlet.TestDispatcherServlet  : FrameworkServlet '': initialization completed in 14 ms
Hibernate: select user0_.id as col_0_0_ from participant user0_ where user0_.email=? limit ?

MockHttpServletRequest:
      HTTP Method = GET
      Request URI = /users/checkemail/jn@gmail.com
       Parameters = {}
          Headers = {}
             Body = <no character encoding set>
    Session Attrs = {}

Handler:
             Type = com.revature.project2.security.LoginController
           Method = public boolean com.revature.project2.security.LoginController.isExistEmail(java.lang.String)

Async:
    Async started = false
     Async result = null

Resolved Exception:
             Type = null

ModelAndView:
        View name = null
             View = null
            Model = null

FlashMap:
       Attributes = null

MockHttpServletResponse:
           Status = 200
    Error message = null
          Headers = {Content-Disposition=[inline;filename=f.txt], Content-Type=[application/json;charset=UTF-8]}
     Content type = application/json;charset=UTF-8
             Body = true
    Forwarded URL = null
   Redirected URL = null
          Cookies = []
Hibernate: select user0_.id as col_0_0_ from participant user0_ where user0_.email=? limit ?

MockHttpServletRequest:
      HTTP Method = GET
      Request URI = /users/checkemail/emmitt.nitzsche@example.com
       Parameters = {}
          Headers = {}
             Body = <no character encoding set>
    Session Attrs = {}

Handler:
             Type = com.revature.project2.security.LoginController
           Method = public boolean com.revature.project2.security.LoginController.isExistEmail(java.lang.String)

Async:
    Async started = false
     Async result = null

Resolved Exception:
             Type = null

ModelAndView:
        View name = null
             View = null
            Model = null

FlashMap:
       Attributes = null

MockHttpServletResponse:
           Status = 200
    Error message = null
          Headers = {Content-Disposition=[inline;filename=f.txt], Content-Type=[application/json;charset=UTF-8]}
     Content type = application/json;charset=UTF-8
             Body = false
    Forwarded URL = null
   Redirected URL = null
          Cookies = []
2020-03-19 11:08:05.032  INFO 360210 --- [           main] o.s.b.t.m.w.SpringBootMockServletContext : Initializing Spring FrameworkServlet ''
2020-03-19 11:08:05.033  INFO 360210 --- [           main] o.s.t.web.servlet.TestDispatcherServlet  : FrameworkServlet '': initialization started
2020-03-19 11:08:05.050  INFO 360210 --- [           main] o.s.t.web.servlet.TestDispatcherServlet  : FrameworkServlet '': initialization completed in 17 ms
User(id=0, username=sophia.lakin, password=k6pz42p4uzol, firstName=Raven, lastName=Okuneva, email=creola.daniel@example.com, dateOfBirth=Thu Mar 19 01:00:00 CET 2020, placeId=Eveniet et illum, isAdmin=false, isFlagged=false, events=null)
Hibernate: call next value for hibernate_sequence
Hibernate: insert into participant (date_of_birth, email, first_name, is_admin, is_flagged, last_name, password, place_id, username, id) values (?, ?, ?, ?, ?, ?, ?, ?, ?, ?)

MockHttpServletRequest:
      HTTP Method = POST
      Request URI = /users/sign-up
       Parameters = {}
          Headers = {Content-Type=[application/json]}
             Body = <no character encoding set>
    Session Attrs = {}

Handler:
             Type = com.revature.project2.security.LoginController
           Method = public void com.revature.project2.security.LoginController.signUp(com.revature.project2.users.User,javax.servlet.http.HttpServletResponse)

Async:
    Async started = false
     Async result = null

Resolved Exception:
             Type = null

ModelAndView:
        View name = null
             View = null
            Model = null

FlashMap:
       Attributes = null

MockHttpServletResponse:
           Status = 200
    Error message = null
          Headers = {Authorization=[Bearer  eyJhbGciOiJIUzUxMiJ9.eyJzdWIiOiJzb3BoaWEubGFraW4iLCJleHAiOjE1ODU0NzY0ODV9.Lzz_7Ptsh2BrU0UjG-kJ_1JGCHJG8PDSa2t9KZKHcSGBAYM1bpZBOthc382goiDD7wmJuHk6XZ6QfxPWPmsaHQ]}
     Content type = null
             Body = 
    Forwarded URL = null
   Redirected URL = null
          Cookies = []
2020-03-19 11:08:05.279  INFO 360210 --- [           main] o.s.b.t.m.w.SpringBootMockServletContext : Initializing Spring FrameworkServlet ''
2020-03-19 11:08:05.280  INFO 360210 --- [           main] o.s.t.web.servlet.TestDispatcherServlet  : FrameworkServlet '': initialization started
2020-03-19 11:08:05.284  INFO 360210 --- [           main] o.s.t.web.servlet.TestDispatcherServlet  : FrameworkServlet '': initialization completed in 3 ms
Hibernate: select user0_.id as id1_5_, user0_.date_of_birth as date_of_2_5_, user0_.email as email3_5_, user0_.first_name as first_na4_5_, user0_.is_admin as is_admin5_5_, user0_.is_flagged as is_flagg6_5_, user0_.last_name as last_nam7_5_, user0_.password as password8_5_, user0_.place_id as place_id9_5_, user0_.username as usernam10_5_ from participant user0_ where user0_.username=?
2020-03-19 11:08:05.498  INFO 360210 --- [           main] c.r.project2.security.LoginController    : passwords match

MockHttpServletRequest:
      HTTP Method = POST
      Request URI = /users/login
       Parameters = {}
          Headers = {Content-Type=[application/json]}
             Body = <no character encoding set>
    Session Attrs = {}

Handler:
             Type = com.revature.project2.security.LoginController
           Method = public org.springframework.http.ResponseEntity com.revature.project2.security.LoginController.login(java.util.Map<java.lang.String, java.lang.String>,javax.servlet.http.HttpServletResponse)

Async:
    Async started = false
     Async result = null

Resolved Exception:
             Type = null

ModelAndView:
        View name = null
             View = null
            Model = null

FlashMap:
       Attributes = null

MockHttpServletResponse:
           Status = 200
    Error message = null
          Headers = {Content-Type=[application/json;charset=UTF-8]}
     Content type = application/json;charset=UTF-8
             Body = {
  "token" : "eyJhbGciOiJIUzUxMiJ9.eyJzdWIiOiJhZG1pbiIsImV4cCI6MTU4NTQ3NjQ4NX0.Hh8T57Jrmo3atwOyMS2TiJ9znvtaXKlJdFiwCVFnVb3XbOJA4gmvwPjNrmmbc_Zb1_UukLw_LHMzQdau3YziOg"
}
    Forwarded URL = null
   Redirected URL = null
          Cookies = []
2020-03-19 11:08:05.528  INFO 360210 --- [           main] o.s.b.t.m.w.SpringBootMockServletContext : Initializing Spring FrameworkServlet ''
2020-03-19 11:08:05.528  INFO 360210 --- [           main] o.s.t.web.servlet.TestDispatcherServlet  : FrameworkServlet '': initialization started
2020-03-19 11:08:05.532  INFO 360210 --- [           main] o.s.t.web.servlet.TestDispatcherServlet  : FrameworkServlet '': initialization completed in 3 ms
Hibernate: select user0_.id as col_0_0_ from participant user0_ where user0_.username=? limit ?

MockHttpServletRequest:
      HTTP Method = GET
      Request URI = /users/check/kirstin.hayes
       Parameters = {}
          Headers = {}
             Body = <no character encoding set>
    Session Attrs = {}

Handler:
             Type = com.revature.project2.security.LoginController
           Method = public boolean com.revature.project2.security.LoginController.isExist(java.lang.String)

Async:
    Async started = false
     Async result = null

Resolved Exception:
             Type = null

ModelAndView:
        View name = null
             View = null
            Model = null

FlashMap:
       Attributes = null

MockHttpServletResponse:
           Status = 200
    Error message = null
          Headers = {Content-Disposition=[inline;filename=f.txt], Content-Type=[application/json;charset=UTF-8]}
     Content type = application/json;charset=UTF-8
             Body = false
    Forwarded URL = null
   Redirected URL = null
          Cookies = []
[INFO] Tests run: 4, Failures: 0, Errors: 0, Skipped: 0, Time elapsed: 0.656 s - in com.revature.project2.security.LoginControllerTest
[INFO] Running com.revature.project2.test.TestControllerTest
2020-03-19 11:08:05.582  INFO 360210 --- [           main] .b.t.c.SpringBootTestContextBootstrapper : Neither @ContextConfiguration nor @ContextHierarchy found for test class [com.revature.project2.test.TestControllerTest], using SpringBootContextLoader
2020-03-19 11:08:05.583  INFO 360210 --- [           main] o.s.t.c.support.AbstractContextLoader    : Could not detect default resource locations for test class [com.revature.project2.test.TestControllerTest]: no resource found for suffixes {-context.xml, Context.groovy}.
2020-03-19 11:08:05.584  INFO 360210 --- [           main] t.c.s.AnnotationConfigContextLoaderUtils : Could not detect default configuration classes for test class [com.revature.project2.test.TestControllerTest]: TestControllerTest does not declare any static, non-private, non-final, nested classes annotated with @Configuration.
2020-03-19 11:08:05.617  INFO 360210 --- [           main] .b.t.c.SpringBootTestContextBootstrapper : Found @SpringBootConfiguration com.revature.project2.Project2Application for test class com.revature.project2.test.TestControllerTest
2020-03-19 11:08:05.619  INFO 360210 --- [           main] .b.t.c.SpringBootTestContextBootstrapper : Loaded default TestExecutionListener class names from location [META-INF/spring.factories]: [org.springframework.boot.test.autoconfigure.restdocs.RestDocsTestExecutionListener, org.springframework.boot.test.autoconfigure.web.client.MockRestServiceServerResetTestExecutionListener, org.springframework.boot.test.autoconfigure.web.servlet.MockMvcPrintOnlyOnFailureTestExecutionListener, org.springframework.boot.test.autoconfigure.web.servlet.WebDriverTestExecutionListener, org.springframework.security.test.context.support.WithSecurityContextTestExecutionListener, org.springframework.security.test.context.support.ReactorContextTestExecutionListener, org.springframework.test.context.web.ServletTestExecutionListener, org.springframework.test.context.support.DirtiesContextBeforeModesTestExecutionListener, org.springframework.test.context.support.DependencyInjectionTestExecutionListener, org.springframework.test.context.support.DirtiesContextTestExecutionListener, org.springframework.test.context.transaction.TransactionalTestExecutionListener, org.springframework.test.context.jdbc.SqlScriptsTestExecutionListener, org.springframework.boot.test.mock.mockito.MockitoTestExecutionListener, org.springframework.boot.test.mock.mockito.ResetMocksTestExecutionListener]
2020-03-19 11:08:05.619  INFO 360210 --- [           main] .b.t.c.SpringBootTestContextBootstrapper : Using TestExecutionListeners: [org.springframework.test.context.web.ServletTestExecutionListener@72bae57c, org.springframework.test.context.support.DirtiesContextBeforeModesTestExecutionListener@365a0910, org.springframework.boot.test.mock.mockito.MockitoTestExecutionListener@1f4c8062, org.springframework.boot.test.autoconfigure.SpringBootDependencyInjectionTestExecutionListener@25ae0223, org.springframework.test.context.support.DirtiesContextTestExecutionListener@9a82ef, org.springframework.test.context.transaction.TransactionalTestExecutionListener@666e1965, org.springframework.test.context.jdbc.SqlScriptsTestExecutionListener@1d5ada5a, org.springframework.security.test.context.support.WithSecurityContextTestExecutionListener@48306cc8, org.springframework.security.test.context.support.ReactorContextTestExecutionListener@1c6912db, org.springframework.boot.test.autoconfigure.restdocs.RestDocsTestExecutionListener@a5a9502, org.springframework.boot.test.autoconfigure.web.client.MockRestServiceServerResetTestExecutionListener@41991619, org.springframework.boot.test.autoconfigure.web.servlet.MockMvcPrintOnlyOnFailureTestExecutionListener@a0464ce, org.springframework.boot.test.autoconfigure.web.servlet.WebDriverTestExecutionListener@5e2f409f, org.springframework.boot.test.mock.mockito.ResetMocksTestExecutionListener@33cdd]

  .   ____          _            __ _ _
 /\\ / ___'_ __ _ _(_)_ __  __ _ \ \ \ \
( ( )\___ | '_ | '_| | '_ \/ _` | \ \ \ \
 \\/  ___)| |_)| | | | | || (_| |  ) ) ) )
  '  |____| .__|_| |_|_| |_\__, | / / / /
 =========|_|==============|___/=/_/_/_/
 :: Spring Boot ::        (v2.0.0.RELEASE)

2020-03-19 11:08:05.676  INFO 360210 --- [           main] c.r.project2.test.TestControllerTest     : Starting TestControllerTest on b-cn0915.hpc2n.umu.se with PID 360210 (started by dginelli in /scratch/dginelli/workspace/repairnator-repairnator-experiments-roberthamel-project2-server-356012763-20180320-201253-firstCommit)
2020-03-19 11:08:05.678  INFO 360210 --- [           main] c.r.project2.test.TestControllerTest     : No active profile set, falling back to default profiles: default
2020-03-19 11:08:05.684  INFO 360210 --- [           main] o.s.w.c.s.GenericWebApplicationContext   : Refreshing org.springframework.web.context.support.GenericWebApplicationContext@2012f14e: startup date [Thu Mar 19 11:08:05 CET 2020]; root of context hierarchy
2020-03-19 11:08:06.395  INFO 360210 --- [           main] o.s.b.f.s.DefaultListableBeanFactory     : Overriding bean definition for bean 'objectMapper' with a different definition: replacing [Root bean: class [null]; scope=; abstract=false; lazyInit=false; autowireMode=3; dependencyCheck=0; autowireCandidate=true; primary=true; factoryBeanName=jacksonConfig; factoryMethodName=objectMapper; initMethodName=null; destroyMethodName=(inferred); defined in class path resource [com/revature/project2/config/JacksonConfig.class]] with [Root bean: class [null]; scope=; abstract=false; lazyInit=false; autowireMode=3; dependencyCheck=0; autowireCandidate=true; primary=false; factoryBeanName=org.springframework.data.rest.webmvc.config.RepositoryRestMvcConfiguration; factoryMethodName=objectMapper; initMethodName=null; destroyMethodName=(inferred); defined in class path resource [org/springframework/data/rest/webmvc/config/RepositoryRestMvcConfiguration.class]]
2020-03-19 11:08:06.410  INFO 360210 --- [           main] o.s.b.f.s.DefaultListableBeanFactory     : Overriding bean definition for bean 'httpRequestHandlerAdapter' with a different definition: replacing [Root bean: class [null]; scope=; abstract=false; lazyInit=false; autowireMode=3; dependencyCheck=0; autowireCandidate=true; primary=false; factoryBeanName=org.springframework.boot.autoconfigure.web.servlet.WebMvcAutoConfiguration$EnableWebMvcConfiguration; factoryMethodName=httpRequestHandlerAdapter; initMethodName=null; destroyMethodName=(inferred); defined in class path resource [org/springframework/boot/autoconfigure/web/servlet/WebMvcAutoConfiguration$EnableWebMvcConfiguration.class]] with [Root bean: class [null]; scope=; abstract=false; lazyInit=false; autowireMode=3; dependencyCheck=0; autowireCandidate=true; primary=false; factoryBeanName=org.springframework.data.rest.webmvc.config.RepositoryRestMvcConfiguration; factoryMethodName=httpRequestHandlerAdapter; initMethodName=null; destroyMethodName=(inferred); defined in class path resource [org/springframework/data/rest/webmvc/config/RepositoryRestMvcConfiguration.class]]
2020-03-19 11:08:06.531  INFO 360210 --- [           main] f.a.AutowiredAnnotationBeanPostProcessor : JSR-330 'javax.inject.Inject' annotation found and supported for autowiring
2020-03-19 11:08:06.662  INFO 360210 --- [           main] trationDelegate$BeanPostProcessorChecker : Bean 'org.springframework.transaction.annotation.ProxyTransactionManagementConfiguration' of type [org.springframework.transaction.annotation.ProxyTransactionManagementConfiguration$$EnhancerBySpringCGLIB$$80007fa2] is not eligible for getting processed by all BeanPostProcessors (for example: not eligible for auto-proxying)
2020-03-19 11:08:07.063  INFO 360210 --- [           main] com.zaxxer.hikari.HikariDataSource       : HikariPool-2 - Starting...
2020-03-19 11:08:07.092  INFO 360210 --- [           main] com.zaxxer.hikari.HikariDataSource       : HikariPool-2 - Start completed.
2020-03-19 11:08:07.119  INFO 360210 --- [           main] j.LocalContainerEntityManagerFactoryBean : Building JPA container EntityManagerFactory for persistence unit 'default'
2020-03-19 11:08:07.119  INFO 360210 --- [           main] o.hibernate.jpa.internal.util.LogHelper  : HHH000204: Processing PersistenceUnitInfo [
	name: default
	...]
2020-03-19 11:08:07.125  INFO 360210 --- [           main] org.hibernate.dialect.Dialect            : HHH000400: Using dialect: org.hibernate.dialect.H2Dialect
2020-03-19 11:08:07.127  INFO 360210 --- [           main] o.h.e.j.e.i.LobCreatorBuilderImpl        : HHH000422: Disabling contextual LOB creation as connection was null
Hibernate: drop table comment if exists
Hibernate: drop table event if exists
Hibernate: drop table event_rating if exists
Hibernate: drop table eventpicture if exists
Hibernate: drop table map_of_events if exists
Hibernate: drop table participant if exists
Hibernate: drop table user_report if exists
Hibernate: drop sequence if exists hibernate_sequence
Hibernate: create sequence hibernate_sequence start with 1 increment by 1
Hibernate: create table comment (id integer not null, comment varchar(255), downvote integer not null, time_stamp timestamp, upvote integer not null, event_id integer, user_id integer, primary key (id))
Hibernate: create table event (id integer not null, cost integer not null, description varchar(255), end_date_time timestamp, guests_allowed integer not null, max_attendees integer not null, minimum_age integer not null, place_id varchar(255), start_date_time timestamp, title varchar(255), user_id integer, primary key (id))
Hibernate: create table event_rating (id integer not null, comment varchar(255), rating integer not null, event_id integer, user_id integer, primary key (id))
Hibernate: create table eventpicture (id integer not null, img varchar(255), event_id integer, primary key (id))
Hibernate: create table map_of_events (user_id integer not null, event_id integer not null, primary key (user_id, event_id))
Hibernate: create table participant (id integer not null, date_of_birth timestamp, email varchar(255), first_name varchar(255), is_admin boolean not null, is_flagged boolean not null, last_name varchar(255), password varchar(255), place_id varchar(255), username varchar(255), primary key (id))
Hibernate: create table user_report (id integer not null, comment varchar(255), resolve_time_stamp timestamp, submit_time_stamp timestamp, reported_user_id integer, reporting_user_id integer, primary key (id))
Hibernate: alter table comment add constraint FKhr48nopy5aorw0ta1ii704tpu foreign key (event_id) references event
Hibernate: alter table comment add constraint FKcioa5w0o9olg7chpblptayman foreign key (user_id) references participant
Hibernate: alter table event add constraint FKlfb18aktlvn9xfw5rfjv6nle5 foreign key (user_id) references participant
Hibernate: alter table event_rating add constraint FK7f7qk66fuupfoppw9ed3hxe2 foreign key (event_id) references event
Hibernate: alter table event_rating add constraint FKr58wj4drjq8fy16s9bgn8yl5c foreign key (user_id) references participant
Hibernate: alter table eventpicture add constraint FKgwb3k3mfhmyh5e2uh07madtvd foreign key (event_id) references event
Hibernate: alter table map_of_events add constraint FK5b45ba03q6pwp01xn1f2st41v foreign key (event_id) references participant
Hibernate: alter table map_of_events add constraint FK4gl3oonqvk191phhk7bjq0m8s foreign key (user_id) references event
Hibernate: alter table user_report add constraint FK2d1m0uht40m3jmqacr9slsbpm foreign key (reported_user_id) references participant
Hibernate: alter table user_report add constraint FKl8y1wohtm8qxsvcju0rdp1al1 foreign key (reporting_user_id) references participant
2020-03-19 11:08:07.369  INFO 360210 --- [           main] o.h.t.schema.internal.SchemaCreatorImpl  : HHH000476: Executing import script 'org.hibernate.tool.schema.internal.exec.ScriptSourceInputNonExistentImpl@3193e21d'
2020-03-19 11:08:07.369  INFO 360210 --- [           main] j.LocalContainerEntityManagerFactoryBean : Initialized JPA EntityManagerFactory for persistence unit 'default'
2020-03-19 11:08:07.602  INFO 360210 --- [           main] .s.s.UserDetailsServiceAutoConfiguration : 

Using generated security password: 0f0fdcff-59d4-4b22-9478-af523be3e536

2020-03-19 11:08:08.937  INFO 360210 --- [           main] o.s.s.web.DefaultSecurityFilterChain     : Creating filter chain: org.springframework.security.web.util.matcher.AnyRequestMatcher@1, [org.springframework.security.web.context.request.async.WebAsyncManagerIntegrationFilter@70a548ee, org.springframework.security.web.context.SecurityContextPersistenceFilter@522a8886, org.springframework.security.web.header.HeaderWriterFilter@49240cd3, org.springframework.web.filter.CorsFilter@152c82ca, org.springframework.security.web.authentication.logout.LogoutFilter@47b730a1, com.revature.project2.security.JWTAuthenticationFilter@51f4b81d, com.revature.project2.security.JWTAuthorizationFilter@e4f3304, org.springframework.security.web.savedrequest.RequestCacheAwareFilter@1ed7248f, org.springframework.security.web.servletapi.SecurityContextHolderAwareRequestFilter@77fce112, org.springframework.security.web.authentication.AnonymousAuthenticationFilter@54f7e81b, org.springframework.security.web.session.SessionManagementFilter@7758f478, org.springframework.security.web.access.ExceptionTranslationFilter@364f4fdb, org.springframework.security.web.access.intercept.FilterSecurityInterceptor@2c4e7542]
2020-03-19 11:08:09.595  INFO 360210 --- [           main] o.s.b.t.m.w.SpringBootMockServletContext : Initializing Spring FrameworkServlet ''
2020-03-19 11:08:09.613  INFO 360210 --- [           main] o.s.t.web.servlet.TestDispatcherServlet  : FrameworkServlet '': initialization started
2020-03-19 11:08:09.618  WARN 360210 --- [           main] aWebConfiguration$JpaWebMvcConfiguration : spring.jpa.open-in-view is enabled by default. Therefore, database queries may be performed during view rendering. Explicitly configure spring.jpa.open-in-view to disable this warning
2020-03-19 11:08:09.677  INFO 360210 --- [           main] s.w.s.m.m.a.RequestMappingHandlerMapping : Mapped "{[/api/events/{event_id}/comment],methods=[POST]}" onto public com.revature.project2.comments.Comment com.revature.project2.comments.CommentController.createComment(int,com.revature.project2.comments.Comment)
2020-03-19 11:08:09.678  INFO 360210 --- [           main] s.w.s.m.m.a.RequestMappingHandlerMapping : Mapped "{[/api/events/{event_id}/comment],methods=[GET]}" onto public java.lang.Iterable<com.revature.project2.comments.Comment> com.revature.project2.comments.CommentController.fetchCommentbyevent(int)
2020-03-19 11:08:09.679  INFO 360210 --- [           main] s.w.s.m.m.a.RequestMappingHandlerMapping : Mapped "{[/api/events],methods=[POST]}" onto public com.revature.project2.events.Event com.revature.project2.events.EventController.createEvents(com.revature.project2.events.Event)
2020-03-19 11:08:09.679  INFO 360210 --- [           main] s.w.s.m.m.a.RequestMappingHandlerMapping : Mapped "{[/api/events/{event_id}],methods=[GET]}" onto public com.revature.project2.events.Event com.revature.project2.events.EventController.fetchEventById(int)
2020-03-19 11:08:09.679  INFO 360210 --- [           main] s.w.s.m.m.a.RequestMappingHandlerMapping : Mapped "{[/api/events/{event_id}],methods=[PUT]}" onto public com.revature.project2.events.Event com.revature.project2.events.EventController.updateEventById(int)
2020-03-19 11:08:09.680  INFO 360210 --- [           main] s.w.s.m.m.a.RequestMappingHandlerMapping : Mapped "{[/events],methods=[GET]}" onto public java.lang.Iterable<com.revature.project2.events.Event> com.revature.project2.events.EventController.fetchAllEvents()
2020-03-19 11:08:09.681  INFO 360210 --- [           main] s.w.s.m.m.a.RequestMappingHandlerMapping : Mapped "{[/google/location],methods=[POST]}" onto public org.springframework.http.ResponseEntity<java.lang.String> com.revature.project2.helpers.GoogleAPI.getLocInfo(java.lang.String)
2020-03-19 11:08:09.682  INFO 360210 --- [           main] s.w.s.m.m.a.RequestMappingHandlerMapping : Mapped "{[/google/prediction],methods=[POST]}" onto public org.springframework.http.ResponseEntity<java.lang.String> com.revature.project2.helpers.GoogleAPI.getLocPredictions(java.lang.String)
2020-03-19 11:08:09.683  INFO 360210 --- [           main] s.w.s.m.m.a.RequestMappingHandlerMapping : Mapped "{[/google/details],methods=[POST]}" onto public org.springframework.http.ResponseEntity<java.lang.String> com.revature.project2.helpers.GoogleAPI.getLocDetails(java.lang.String)
2020-03-19 11:08:09.683  INFO 360210 --- [           main] s.w.s.m.m.a.RequestMappingHandlerMapping : Mapped "{[/google/distance],methods=[POST]}" onto public org.springframework.http.ResponseEntity<java.lang.String> com.revature.project2.helpers.GoogleAPI.getDistanceInfo(java.lang.String[])
2020-03-19 11:08:09.702  INFO 360210 --- [           main] s.w.s.m.m.a.RequestMappingHandlerMapping : Mapped "{[/users/login],methods=[POST]}" onto public org.springframework.http.ResponseEntity com.revature.project2.security.LoginController.login(java.util.Map<java.lang.String, java.lang.String>,javax.servlet.http.HttpServletResponse)
2020-03-19 11:08:09.702  INFO 360210 --- [           main] s.w.s.m.m.a.RequestMappingHandlerMapping : Mapped "{[/users/check/{username}],methods=[GET]}" onto public boolean com.revature.project2.security.LoginController.isExist(java.lang.String)
2020-03-19 11:08:09.703  INFO 360210 --- [           main] s.w.s.m.m.a.RequestMappingHandlerMapping : Mapped "{[/users/checkemail/{email}],methods=[GET]}" onto public boolean com.revature.project2.security.LoginController.isExistEmail(java.lang.String)
2020-03-19 11:08:09.703  INFO 360210 --- [           main] s.w.s.m.m.a.RequestMappingHandlerMapping : Mapped "{[/users/sign-up],methods=[POST]}" onto public void com.revature.project2.security.LoginController.signUp(com.revature.project2.users.User,javax.servlet.http.HttpServletResponse)
2020-03-19 11:08:09.705  INFO 360210 --- [           main] s.w.s.m.m.a.RequestMappingHandlerMapping : Mapped "{[/api/users/{id}],methods=[PUT]}" onto public com.revature.project2.users.User com.revature.project2.users.UserController.updateUser(int)
2020-03-19 11:08:09.705  INFO 360210 --- [           main] s.w.s.m.m.a.RequestMappingHandlerMapping : Mapped "{[/api/users/{id}],methods=[GET]}" onto public java.util.Optional<com.revature.project2.users.User> com.revature.project2.users.UserController.fetchUserById(int)
2020-03-19 11:08:09.705  INFO 360210 --- [           main] s.w.s.m.m.a.RequestMappingHandlerMapping : Mapped "{[/api/events/{event_id}/user/{user_id}],methods=[POST]}" onto public com.revature.project2.users.User com.revature.project2.users.UserController.setUser(int,int,com.revature.project2.users.User)
2020-03-19 11:08:09.705  INFO 360210 --- [           main] s.w.s.m.m.a.RequestMappingHandlerMapping : Mapped "{[/api/users],methods=[GET]}" onto public java.lang.Iterable<com.revature.project2.users.User> com.revature.project2.users.UserController.fetchAllUsers()
2020-03-19 11:08:09.708  INFO 360210 --- [           main] s.w.s.m.m.a.RequestMappingHandlerMapping : Mapped "{[/error],produces=[text/html]}" onto public org.springframework.web.servlet.ModelAndView org.springframework.boot.autoconfigure.web.servlet.error.BasicErrorController.errorHtml(javax.servlet.http.HttpServletRequest,javax.servlet.http.HttpServletResponse)
2020-03-19 11:08:09.708  INFO 360210 --- [           main] s.w.s.m.m.a.RequestMappingHandlerMapping : Mapped "{[/error]}" onto public org.springframework.http.ResponseEntity<java.util.Map<java.lang.String, java.lang.Object>> org.springframework.boot.autoconfigure.web.servlet.error.BasicErrorController.error(javax.servlet.http.HttpServletRequest)
2020-03-19 11:08:09.773  INFO 360210 --- [           main] o.s.w.s.handler.SimpleUrlHandlerMapping  : Mapped URL path [/webjars/**] onto handler of type [class org.springframework.web.servlet.resource.ResourceHttpRequestHandler]
2020-03-19 11:08:09.774  INFO 360210 --- [           main] o.s.w.s.handler.SimpleUrlHandlerMapping  : Mapped URL path [/**] onto handler of type [class org.springframework.web.servlet.resource.ResourceHttpRequestHandler]
2020-03-19 11:08:09.814  INFO 360210 --- [           main] o.s.w.s.handler.SimpleUrlHandlerMapping  : Mapped URL path [/**/favicon.ico] onto handler of type [class org.springframework.web.servlet.resource.ResourceHttpRequestHandler]
2020-03-19 11:08:09.839  INFO 360210 --- [           main] o.s.d.r.w.RepositoryRestHandlerMapping   : Mapped "{[/{repository}],methods=[OPTIONS],produces=[application/hal+json || application/json]}" onto public org.springframework.http.ResponseEntity<?> org.springframework.data.rest.webmvc.RepositoryEntityController.optionsForCollectionResource(org.springframework.data.rest.webmvc.RootResourceInformation)
2020-03-19 11:08:09.839  INFO 360210 --- [           main] o.s.d.r.w.RepositoryRestHandlerMapping   : Mapped "{[/{repository}],methods=[HEAD],produces=[application/hal+json || application/json]}" onto public org.springframework.http.ResponseEntity<?> org.springframework.data.rest.webmvc.RepositoryEntityController.headCollectionResource(org.springframework.data.rest.webmvc.RootResourceInformation,org.springframework.data.rest.webmvc.support.DefaultedPageable) throws org.springframework.web.HttpRequestMethodNotSupportedException
2020-03-19 11:08:09.839  INFO 360210 --- [           main] o.s.d.r.w.RepositoryRestHandlerMapping   : Mapped "{[/{repository}],methods=[GET],produces=[application/x-spring-data-compact+json || text/uri-list]}" onto public org.springframework.hateoas.Resources<?> org.springframework.data.rest.webmvc.RepositoryEntityController.getCollectionResourceCompact(org.springframework.data.rest.webmvc.RootResourceInformation,org.springframework.data.rest.webmvc.support.DefaultedPageable,org.springframework.data.domain.Sort,org.springframework.data.rest.webmvc.PersistentEntityResourceAssembler) throws org.springframework.data.rest.webmvc.ResourceNotFoundException,org.springframework.web.HttpRequestMethodNotSupportedException
2020-03-19 11:08:09.840  INFO 360210 --- [           main] o.s.d.r.w.RepositoryRestHandlerMapping   : Mapped "{[/{repository}],methods=[GET],produces=[application/hal+json || application/json]}" onto public org.springframework.hateoas.Resources<?> org.springframework.data.rest.webmvc.RepositoryEntityController.getCollectionResource(org.springframework.data.rest.webmvc.RootResourceInformation,org.springframework.data.rest.webmvc.support.DefaultedPageable,org.springframework.data.domain.Sort,org.springframework.data.rest.webmvc.PersistentEntityResourceAssembler) throws org.springframework.data.rest.webmvc.ResourceNotFoundException,org.springframework.web.HttpRequestMethodNotSupportedException
2020-03-19 11:08:09.853  INFO 360210 --- [           main] o.s.d.r.w.RepositoryRestHandlerMapping   : Mapped "{[/{repository}],methods=[POST],produces=[application/hal+json || application/json]}" onto public org.springframework.http.ResponseEntity<org.springframework.hateoas.ResourceSupport> org.springframework.data.rest.webmvc.RepositoryEntityController.postCollectionResource(org.springframework.data.rest.webmvc.RootResourceInformation,org.springframework.data.rest.webmvc.PersistentEntityResource,org.springframework.data.rest.webmvc.PersistentEntityResourceAssembler,java.lang.String) throws org.springframework.web.HttpRequestMethodNotSupportedException
2020-03-19 11:08:09.854  INFO 360210 --- [           main] o.s.d.r.w.RepositoryRestHandlerMapping   : Mapped "{[/{repository}/{id}],methods=[OPTIONS],produces=[application/hal+json || application/json]}" onto public org.springframework.http.ResponseEntity<?> org.springframework.data.rest.webmvc.RepositoryEntityController.optionsForItemResource(org.springframework.data.rest.webmvc.RootResourceInformation)
2020-03-19 11:08:09.854  INFO 360210 --- [           main] o.s.d.r.w.RepositoryRestHandlerMapping   : Mapped "{[/{repository}/{id}],methods=[HEAD],produces=[application/hal+json || application/json]}" onto public org.springframework.http.ResponseEntity<?> org.springframework.data.rest.webmvc.RepositoryEntityController.headForItemResource(org.springframework.data.rest.webmvc.RootResourceInformation,java.io.Serializable,org.springframework.data.rest.webmvc.PersistentEntityResourceAssembler) throws org.springframework.web.HttpRequestMethodNotSupportedException
2020-03-19 11:08:09.854  INFO 360210 --- [           main] o.s.d.r.w.RepositoryRestHandlerMapping   : Mapped "{[/{repository}/{id}],methods=[GET],produces=[application/hal+json || application/json]}" onto public org.springframework.http.ResponseEntity<org.springframework.hateoas.Resource<?>> org.springframework.data.rest.webmvc.RepositoryEntityController.getItemResource(org.springframework.data.rest.webmvc.RootResourceInformation,java.io.Serializable,org.springframework.data.rest.webmvc.PersistentEntityResourceAssembler,org.springframework.http.HttpHeaders) throws org.springframework.web.HttpRequestMethodNotSupportedException
2020-03-19 11:08:09.855  INFO 360210 --- [           main] o.s.d.r.w.RepositoryRestHandlerMapping   : Mapped "{[/{repository}/{id}],methods=[PUT],produces=[application/hal+json || application/json]}" onto public org.springframework.http.ResponseEntity<? extends org.springframework.hateoas.ResourceSupport> org.springframework.data.rest.webmvc.RepositoryEntityController.putItemResource(org.springframework.data.rest.webmvc.RootResourceInformation,org.springframework.data.rest.webmvc.PersistentEntityResource,java.io.Serializable,org.springframework.data.rest.webmvc.PersistentEntityResourceAssembler,org.springframework.data.rest.webmvc.support.ETag,java.lang.String) throws org.springframework.web.HttpRequestMethodNotSupportedException
2020-03-19 11:08:09.856  INFO 360210 --- [           main] o.s.d.r.w.RepositoryRestHandlerMapping   : Mapped "{[/{repository}/{id}],methods=[PATCH],produces=[application/hal+json || application/json]}" onto public org.springframework.http.ResponseEntity<org.springframework.hateoas.ResourceSupport> org.springframework.data.rest.webmvc.RepositoryEntityController.patchItemResource(org.springframework.data.rest.webmvc.RootResourceInformation,org.springframework.data.rest.webmvc.PersistentEntityResource,java.io.Serializable,org.springframework.data.rest.webmvc.PersistentEntityResourceAssembler,org.springframework.data.rest.webmvc.support.ETag,java.lang.String) throws org.springframework.web.HttpRequestMethodNotSupportedException,org.springframework.data.rest.webmvc.ResourceNotFoundException
2020-03-19 11:08:09.856  INFO 360210 --- [           main] o.s.d.r.w.RepositoryRestHandlerMapping   : Mapped "{[/{repository}/{id}],methods=[DELETE],produces=[application/hal+json || application/json]}" onto public org.springframework.http.ResponseEntity<?> org.springframework.data.rest.webmvc.RepositoryEntityController.deleteItemResource(org.springframework.data.rest.webmvc.RootResourceInformation,java.io.Serializable,org.springframework.data.rest.webmvc.support.ETag) throws org.springframework.data.rest.webmvc.ResourceNotFoundException,org.springframework.web.HttpRequestMethodNotSupportedException
2020-03-19 11:08:09.857  INFO 360210 --- [           main] o.s.d.r.w.RepositoryRestHandlerMapping   : Mapped "{[/ || ],methods=[GET],produces=[application/hal+json || application/json]}" onto public org.springframework.http.HttpEntity<org.springframework.data.rest.webmvc.RepositoryLinksResource> org.springframework.data.rest.webmvc.RepositoryController.listRepositories()
2020-03-19 11:08:09.857  INFO 360210 --- [           main] o.s.d.r.w.RepositoryRestHandlerMapping   : Mapped "{[/ || ],methods=[OPTIONS],produces=[application/hal+json || application/json]}" onto public org.springframework.http.HttpEntity<?> org.springframework.data.rest.webmvc.RepositoryController.optionsForRepositories()
2020-03-19 11:08:09.858  INFO 360210 --- [           main] o.s.d.r.w.RepositoryRestHandlerMapping   : Mapped "{[/ || ],methods=[HEAD],produces=[application/hal+json || application/json]}" onto public org.springframework.http.ResponseEntity<?> org.springframework.data.rest.webmvc.RepositoryController.headForRepositories()
2020-03-19 11:08:09.859  INFO 360210 --- [           main] o.s.d.r.w.RepositoryRestHandlerMapping   : Mapped "{[/{repository}/{id}/{property}],methods=[DELETE],produces=[application/hal+json || application/json]}" onto public org.springframework.http.ResponseEntity<? extends org.springframework.hateoas.ResourceSupport> org.springframework.data.rest.webmvc.RepositoryPropertyReferenceController.deletePropertyReference(org.springframework.data.rest.webmvc.RootResourceInformation,java.io.Serializable,java.lang.String) throws java.lang.Exception
2020-03-19 11:08:09.860  INFO 360210 --- [           main] o.s.d.r.w.RepositoryRestHandlerMapping   : Mapped "{[/{repository}/{id}/{property}],methods=[GET],produces=[application/x-spring-data-compact+json || text/uri-list]}" onto public org.springframework.http.ResponseEntity<org.springframework.hateoas.ResourceSupport> org.springframework.data.rest.webmvc.RepositoryPropertyReferenceController.followPropertyReferenceCompact(org.springframework.data.rest.webmvc.RootResourceInformation,java.io.Serializable,java.lang.String,org.springframework.data.rest.webmvc.PersistentEntityResourceAssembler) throws java.lang.Exception
2020-03-19 11:08:09.860  INFO 360210 --- [           main] o.s.d.r.w.RepositoryRestHandlerMapping   : Mapped "{[/{repository}/{id}/{property}],methods=[PATCH || PUT || POST],consumes=[application/json || application/x-spring-data-compact+json || text/uri-list],produces=[application/hal+json || application/json]}" onto public org.springframework.http.ResponseEntity<? extends org.springframework.hateoas.ResourceSupport> org.springframework.data.rest.webmvc.RepositoryPropertyReferenceController.createPropertyReference(org.springframework.data.rest.webmvc.RootResourceInformation,org.springframework.http.HttpMethod,org.springframework.hateoas.Resources<java.lang.Object>,java.io.Serializable,java.lang.String) throws java.lang.Exception
2020-03-19 11:08:09.860  INFO 360210 --- [           main] o.s.d.r.w.RepositoryRestHandlerMapping   : Mapped "{[/{repository}/{id}/{property}/{propertyId}],methods=[DELETE],produces=[application/hal+json || application/json]}" onto public org.springframework.http.ResponseEntity<org.springframework.hateoas.ResourceSupport> org.springframework.data.rest.webmvc.RepositoryPropertyReferenceController.deletePropertyReferenceId(org.springframework.data.rest.webmvc.RootResourceInformation,java.io.Serializable,java.lang.String,java.lang.String) throws java.lang.Exception
2020-03-19 11:08:09.861  INFO 360210 --- [           main] o.s.d.r.w.RepositoryRestHandlerMapping   : Mapped "{[/{repository}/{id}/{property}],methods=[GET],produces=[application/hal+json || application/json]}" onto public org.springframework.http.ResponseEntity<org.springframework.hateoas.ResourceSupport> org.springframework.data.rest.webmvc.RepositoryPropertyReferenceController.followPropertyReference(org.springframework.data.rest.webmvc.RootResourceInformation,java.io.Serializable,java.lang.String,org.springframework.data.rest.webmvc.PersistentEntityResourceAssembler) throws java.lang.Exception
2020-03-19 11:08:09.861  INFO 360210 --- [           main] o.s.d.r.w.RepositoryRestHandlerMapping   : Mapped "{[/{repository}/{id}/{property}/{propertyId}],methods=[GET],produces=[application/hal+json || application/json]}" onto public org.springframework.http.ResponseEntity<org.springframework.hateoas.ResourceSupport> org.springframework.data.rest.webmvc.RepositoryPropertyReferenceController.followPropertyReference(org.springframework.data.rest.webmvc.RootResourceInformation,java.io.Serializable,java.lang.String,java.lang.String,org.springframework.data.rest.webmvc.PersistentEntityResourceAssembler) throws java.lang.Exception
2020-03-19 11:08:09.862  INFO 360210 --- [           main] o.s.d.r.w.RepositoryRestHandlerMapping   : Mapped "{[/{repository}/search],methods=[OPTIONS],produces=[application/hal+json || application/json]}" onto public org.springframework.http.HttpEntity<?> org.springframework.data.rest.webmvc.RepositorySearchController.optionsForSearches(org.springframework.data.rest.webmvc.RootResourceInformation)
2020-03-19 11:08:09.863  INFO 360210 --- [           main] o.s.d.r.w.RepositoryRestHandlerMapping   : Mapped "{[/{repository}/search],methods=[HEAD],produces=[application/hal+json || application/json]}" onto public org.springframework.http.HttpEntity<?> org.springframework.data.rest.webmvc.RepositorySearchController.headForSearches(org.springframework.data.rest.webmvc.RootResourceInformation)
2020-03-19 11:08:09.867  INFO 360210 --- [           main] o.s.d.r.w.RepositoryRestHandlerMapping   : Mapped "{[/{repository}/search],methods=[GET],produces=[application/hal+json || application/json]}" onto public org.springframework.data.rest.webmvc.RepositorySearchesResource org.springframework.data.rest.webmvc.RepositorySearchController.listSearches(org.springframework.data.rest.webmvc.RootResourceInformation)
2020-03-19 11:08:09.867  INFO 360210 --- [           main] o.s.d.r.w.RepositoryRestHandlerMapping   : Mapped "{[/{repository}/search/{search}],methods=[GET],produces=[application/hal+json || application/json]}" onto public org.springframework.http.ResponseEntity<?> org.springframework.data.rest.webmvc.RepositorySearchController.executeSearch(org.springframework.data.rest.webmvc.RootResourceInformation,org.springframework.util.MultiValueMap<java.lang.String, java.lang.Object>,java.lang.String,org.springframework.data.rest.webmvc.support.DefaultedPageable,org.springframework.data.domain.Sort,org.springframework.data.rest.webmvc.PersistentEntityResourceAssembler,org.springframework.http.HttpHeaders)
2020-03-19 11:08:09.868  INFO 360210 --- [           main] o.s.d.r.w.RepositoryRestHandlerMapping   : Mapped "{[/{repository}/search/{search}],methods=[GET],produces=[application/x-spring-data-compact+json]}" onto public org.springframework.hateoas.ResourceSupport org.springframework.data.rest.webmvc.RepositorySearchController.executeSearchCompact(org.springframework.data.rest.webmvc.RootResourceInformation,org.springframework.http.HttpHeaders,org.springframework.util.MultiValueMap<java.lang.String, java.lang.Object>,java.lang.String,java.lang.String,org.springframework.data.rest.webmvc.support.DefaultedPageable,org.springframework.data.domain.Sort,org.springframework.data.rest.webmvc.PersistentEntityResourceAssembler)
2020-03-19 11:08:09.868  INFO 360210 --- [           main] o.s.d.r.w.RepositoryRestHandlerMapping   : Mapped "{[/{repository}/search/{search}],methods=[OPTIONS],produces=[application/hal+json || application/json]}" onto public org.springframework.http.ResponseEntity<java.lang.Object> org.springframework.data.rest.webmvc.RepositorySearchController.optionsForSearch(org.springframework.data.rest.webmvc.RootResourceInformation,java.lang.String)
2020-03-19 11:08:09.869  INFO 360210 --- [           main] o.s.d.r.w.RepositoryRestHandlerMapping   : Mapped "{[/{repository}/search/{search}],methods=[HEAD],produces=[application/hal+json || application/json]}" onto public org.springframework.http.ResponseEntity<java.lang.Object> org.springframework.data.rest.webmvc.RepositorySearchController.headForSearch(org.springframework.data.rest.webmvc.RootResourceInformation,java.lang.String)
2020-03-19 11:08:09.872  INFO 360210 --- [           main] o.s.d.r.w.BasePathAwareHandlerMapping    : Mapped "{[/profile/{repository}],methods=[GET],produces=[application/schema+json]}" onto public org.springframework.http.HttpEntity<org.springframework.data.rest.webmvc.json.JsonSchema> org.springframework.data.rest.webmvc.RepositorySchemaController.schema(org.springframework.data.rest.webmvc.RootResourceInformation)
2020-03-19 11:08:09.872  INFO 360210 --- [           main] o.s.d.r.w.BasePathAwareHandlerMapping    : Mapped "{[/profile],methods=[OPTIONS]}" onto public org.springframework.http.HttpEntity<?> org.springframework.data.rest.webmvc.ProfileController.profileOptions()
2020-03-19 11:08:09.872  INFO 360210 --- [           main] o.s.d.r.w.BasePathAwareHandlerMapping    : Mapped "{[/profile],methods=[GET]}" onto org.springframework.http.HttpEntity<org.springframework.hateoas.ResourceSupport> org.springframework.data.rest.webmvc.ProfileController.listAllFormsOfMetadata()
2020-03-19 11:08:09.873  INFO 360210 --- [           main] o.s.d.r.w.BasePathAwareHandlerMapping    : Mapped "{[/profile/{repository}],methods=[GET],produces=[application/alps+json || */*]}" onto org.springframework.http.HttpEntity<org.springframework.data.rest.webmvc.RootResourceInformation> org.springframework.data.rest.webmvc.alps.AlpsController.descriptor(org.springframework.data.rest.webmvc.RootResourceInformation)
2020-03-19 11:08:09.874  INFO 360210 --- [           main] o.s.d.r.w.BasePathAwareHandlerMapping    : Mapped "{[/profile/{repository}],methods=[OPTIONS],produces=[application/alps+json]}" onto org.springframework.http.HttpEntity<?> org.springframework.data.rest.webmvc.alps.AlpsController.alpsOptions()
2020-03-19 11:08:09.965  INFO 360210 --- [           main] s.b.a.e.w.s.WebMvcEndpointHandlerMapping : Mapped "{[/actuator/health],methods=[GET],produces=[application/vnd.spring-boot.actuator.v2+json || application/json]}" onto public java.lang.Object org.springframework.boot.actuate.endpoint.web.servlet.AbstractWebMvcEndpointHandlerMapping$OperationHandler.handle(javax.servlet.http.HttpServletRequest,java.util.Map<java.lang.String, java.lang.String>)
2020-03-19 11:08:09.971  INFO 360210 --- [           main] s.b.a.e.w.s.WebMvcEndpointHandlerMapping : Mapped "{[/actuator/info],methods=[GET],produces=[application/vnd.spring-boot.actuator.v2+json || application/json]}" onto public java.lang.Object org.springframework.boot.actuate.endpoint.web.servlet.AbstractWebMvcEndpointHandlerMapping$OperationHandler.handle(javax.servlet.http.HttpServletRequest,java.util.Map<java.lang.String, java.lang.String>)
2020-03-19 11:08:09.972  INFO 360210 --- [           main] s.b.a.e.w.s.WebMvcEndpointHandlerMapping : Mapped "{[/actuator],methods=[GET],produces=[application/vnd.spring-boot.actuator.v2+json || application/json]}" onto protected java.util.Map<java.lang.String, java.util.Map<java.lang.String, org.springframework.boot.actuate.endpoint.web.Link>> org.springframework.boot.actuate.endpoint.web.servlet.WebMvcEndpointHandlerMapping.links(javax.servlet.http.HttpServletRequest,javax.servlet.http.HttpServletResponse)
2020-03-19 11:08:10.150  INFO 360210 --- [           main] s.w.s.m.m.a.RequestMappingHandlerAdapter : Looking for @ControllerAdvice: org.springframework.web.context.support.GenericWebApplicationContext@2012f14e: startup date [Thu Mar 19 11:08:05 CET 2020]; root of context hierarchy
2020-03-19 11:08:10.255  INFO 360210 --- [           main] o.s.d.r.w.RepositoryRestHandlerAdapter   : Looking for @ControllerAdvice: org.springframework.web.context.support.GenericWebApplicationContext@2012f14e: startup date [Thu Mar 19 11:08:05 CET 2020]; root of context hierarchy
2020-03-19 11:08:10.293  INFO 360210 --- [           main] .m.m.a.ExceptionHandlerExceptionResolver : Detected @ExceptionHandler methods in repositoryRestExceptionHandler
2020-03-19 11:08:10.346  INFO 360210 --- [           main] o.s.t.web.servlet.TestDispatcherServlet  : FrameworkServlet '': initialization completed in 732 ms
2020-03-19 11:08:11.014  INFO 360210 --- [           main] o.h.h.i.QueryTranslatorFactoryInitiator  : HHH000397: Using ASTQueryTranslatorFactory
Hibernate: select user0_.id as id1_5_, user0_.date_of_birth as date_of_2_5_, user0_.email as email3_5_, user0_.first_name as first_na4_5_, user0_.is_admin as is_admin5_5_, user0_.is_flagged as is_flagg6_5_, user0_.last_name as last_nam7_5_, user0_.password as password8_5_, user0_.place_id as place_id9_5_, user0_.username as usernam10_5_ from participant user0_ where user0_.username=?
2020-03-19 11:08:11.223  INFO 360210 --- [           main] c.r.project2.bootstrap.DataBootstrap     : Created basic Administrator
Hibernate: call next value for hibernate_sequence
Hibernate: insert into participant (date_of_birth, email, first_name, is_admin, is_flagged, last_name, password, place_id, username, id) values (?, ?, ?, ?, ?, ?, ?, ?, ?, ?)
Hibernate: call next value for hibernate_sequence
Hibernate: insert into participant (date_of_birth, email, first_name, is_admin, is_flagged, last_name, password, place_id, username, id) values (?, ?, ?, ?, ?, ?, ?, ?, ?, ?)
Hibernate: call next value for hibernate_sequence
Hibernate: insert into event (cost, description, end_date_time, guests_allowed, user_id, max_attendees, minimum_age, place_id, start_date_time, title, id) values (?, ?, ?, ?, ?, ?, ?, ?, ?, ?, ?)
Hibernate: call next value for hibernate_sequence
Hibernate: insert into event (cost, description, end_date_time, guests_allowed, user_id, max_attendees, minimum_age, place_id, start_date_time, title, id) values (?, ?, ?, ?, ?, ?, ?, ?, ?, ?, ?)
Hibernate: call next value for hibernate_sequence
Hibernate: insert into event (cost, description, end_date_time, guests_allowed, user_id, max_attendees, minimum_age, place_id, start_date_time, title, id) values (?, ?, ?, ?, ?, ?, ?, ?, ?, ?, ?)
Hibernate: call next value for hibernate_sequence
Hibernate: insert into event (cost, description, end_date_time, guests_allowed, user_id, max_attendees, minimum_age, place_id, start_date_time, title, id) values (?, ?, ?, ?, ?, ?, ?, ?, ?, ?, ?)
Hibernate: call next value for hibernate_sequence
Hibernate: insert into event (cost, description, end_date_time, guests_allowed, user_id, max_attendees, minimum_age, place_id, start_date_time, title, id) values (?, ?, ?, ?, ?, ?, ?, ?, ?, ?, ?)
2020-03-19 11:08:11.457  INFO 360210 --- [           main] c.r.project2.test.TestControllerTest     : Started TestControllerTest in 5.836 seconds (JVM running for 25.884)
[INFO] Tests run: 1, Failures: 0, Errors: 0, Skipped: 0, Time elapsed: 5.935 s - in com.revature.project2.test.TestControllerTest
[INFO] Running com.revature.project2.users.UserControllerTest
User(id=3, username=sb, password=pass, firstName=Sarah, lastName=Dubb, email=null, dateOfBirth=null, placeId=null, isAdmin=false, isFlagged=false, events=null)
findbyuserid
findbyuserid
[ERROR] Tests run: 4, Failures: 0, Errors: 1, Skipped: 0, Time elapsed: 0.761 s <<< FAILURE! - in com.revature.project2.users.UserControllerTest
[ERROR] save(com.revature.project2.users.UserControllerTest)  Time elapsed: 0.013 s  <<< ERROR!
java.lang.NullPointerException
	at com.revature.project2.users.UserControllerTest.save(UserControllerTest.java:66)

2020-03-19 11:08:12.322  INFO 360210 --- [       Thread-5] o.s.w.c.s.GenericWebApplicationContext   : Closing org.springframework.web.context.support.GenericWebApplicationContext@1bab8268: startup date [Thu Mar 19 11:07:49 CET 2020]; root of context hierarchy
2020-03-19 11:08:12.338  INFO 360210 --- [      Thread-10] o.s.w.c.s.GenericWebApplicationContext   : Closing org.springframework.web.context.support.GenericWebApplicationContext@2012f14e: startup date [Thu Mar 19 11:08:05 CET 2020]; root of context hierarchy
2020-03-19 11:08:12.345  INFO 360210 --- [       Thread-5] j.LocalContainerEntityManagerFactoryBean : Closing JPA EntityManagerFactory for persistence unit 'default'
2020-03-19 11:08:12.369  INFO 360210 --- [      Thread-10] j.LocalContainerEntityManagerFactoryBean : Closing JPA EntityManagerFactory for persistence unit 'default'
2020-03-19 11:08:12.370  WARN 360210 --- [       Thread-5] o.s.b.f.support.DisposableBeanAdapter    : Invocation of destroy method failed on bean with name 'inMemoryDatabaseShutdownExecutor': org.h2.jdbc.JdbcSQLException: Database is already closed (to disable automatic closing at VM shutdown, add ";DB_CLOSE_ON_EXIT=FALSE" to the db URL) [90121-196]
2020-03-19 11:08:12.376  INFO 360210 --- [       Thread-5] com.zaxxer.hikari.HikariDataSource       : HikariPool-1 - Shutdown initiated...
2020-03-19 11:08:12.418  INFO 360210 --- [       Thread-5] com.zaxxer.hikari.HikariDataSource       : HikariPool-1 - Shutdown completed.
2020-03-19 11:08:12.422  WARN 360210 --- [      Thread-10] o.s.b.f.support.DisposableBeanAdapter    : Invocation of destroy method failed on bean with name 'inMemoryDatabaseShutdownExecutor': org.h2.jdbc.JdbcSQLException: Database is already closed (to disable automatic closing at VM shutdown, add ";DB_CLOSE_ON_EXIT=FALSE" to the db URL) [90121-196]
2020-03-19 11:08:12.422  INFO 360210 --- [      Thread-10] com.zaxxer.hikari.HikariDataSource       : HikariPool-2 - Shutdown initiated...
2020-03-19 11:08:12.426  INFO 360210 --- [      Thread-10] com.zaxxer.hikari.HikariDataSource       : HikariPool-2 - Shutdown completed.
[INFO] 
[INFO] Results:
[INFO] 
[ERROR] Errors: 
[ERROR]   UserControllerTest.save:66 NullPointer
[INFO] 
[ERROR] Tests run: 11, Failures: 0, Errors: 1, Skipped: 0
[INFO] 
[INFO] ------------------------------------------------------------------------
[INFO] BUILD FAILURE
[INFO] ------------------------------------------------------------------------
[INFO] Total time: 36.097 s
[INFO] Finished at: 2020-03-19T11:08:12+01:00
[INFO] Final Memory: 41M/98M
[INFO] ------------------------------------------------------------------------
[ERROR] Failed to execute goal org.apache.maven.plugins:maven-surefire-plugin:2.20.1:test (default-test) on project project2: There are test failures.
[ERROR] 
[ERROR] Please refer to /scratch/dginelli/workspace/repairnator-repairnator-experiments-roberthamel-project2-server-356012763-20180320-201253-firstCommit/target/surefire-reports for the individual test results.
[ERROR] Please refer to dump files (if any exist) [date]-jvmRun[N].dump, [date].dumpstream and [date]-jvmRun[N].dumpstream.
[ERROR] -> [Help 1]
org.apache.maven.lifecycle.LifecycleExecutionException: Failed to execute goal org.apache.maven.plugins:maven-surefire-plugin:2.20.1:test (default-test) on project project2: There are test failures.

Please refer to /scratch/dginelli/workspace/repairnator-repairnator-experiments-roberthamel-project2-server-356012763-20180320-201253-firstCommit/target/surefire-reports for the individual test results.
Please refer to dump files (if any exist) [date]-jvmRun[N].dump, [date].dumpstream and [date]-jvmRun[N].dumpstream.
	at org.apache.maven.lifecycle.internal.MojoExecutor.execute(MojoExecutor.java:212)
	at org.apache.maven.lifecycle.internal.MojoExecutor.execute(MojoExecutor.java:153)
	at org.apache.maven.lifecycle.internal.MojoExecutor.execute(MojoExecutor.java:145)
	at org.apache.maven.lifecycle.internal.LifecycleModuleBuilder.buildProject(LifecycleModuleBuilder.java:116)
	at org.apache.maven.lifecycle.internal.LifecycleModuleBuilder.buildProject(LifecycleModuleBuilder.java:80)
	at org.apache.maven.lifecycle.internal.builder.singlethreaded.SingleThreadedBuilder.build(SingleThreadedBuilder.java:51)
	at org.apache.maven.lifecycle.internal.LifecycleStarter.execute(LifecycleStarter.java:128)
	at org.apache.maven.DefaultMaven.doExecute(DefaultMaven.java:307)
	at org.apache.maven.DefaultMaven.doExecute(DefaultMaven.java:193)
	at org.apache.maven.DefaultMaven.execute(DefaultMaven.java:106)
	at org.apache.maven.cli.MavenCli.execute(MavenCli.java:863)
	at org.apache.maven.cli.MavenCli.doMain(MavenCli.java:288)
	at org.apache.maven.cli.MavenCli.main(MavenCli.java:199)
	at sun.reflect.NativeMethodAccessorImpl.invoke0(Native Method)
	at sun.reflect.NativeMethodAccessorImpl.invoke(NativeMethodAccessorImpl.java:62)
	at sun.reflect.DelegatingMethodAccessorImpl.invoke(DelegatingMethodAccessorImpl.java:43)
	at java.lang.reflect.Method.invoke(Method.java:498)
	at org.codehaus.plexus.classworlds.launcher.Launcher.launchEnhanced(Launcher.java:289)
	at org.codehaus.plexus.classworlds.launcher.Launcher.launch(Launcher.java:229)
	at org.codehaus.plexus.classworlds.launcher.Launcher.mainWithExitCode(Launcher.java:415)
	at org.codehaus.plexus.classworlds.launcher.Launcher.main(Launcher.java:356)
Caused by: org.apache.maven.plugin.MojoFailureException: There are test failures.

Please refer to /scratch/dginelli/workspace/repairnator-repairnator-experiments-roberthamel-project2-server-356012763-20180320-201253-firstCommit/target/surefire-reports for the individual test results.
Please refer to dump files (if any exist) [date]-jvmRun[N].dump, [date].dumpstream and [date]-jvmRun[N].dumpstream.
	at org.apache.maven.plugin.surefire.SurefireHelper.throwException(SurefireHelper.java:240)
	at org.apache.maven.plugin.surefire.SurefireHelper.reportExecution(SurefireHelper.java:112)
	at org.apache.maven.plugin.surefire.SurefirePlugin.handleSummary(SurefirePlugin.java:354)
	at org.apache.maven.plugin.surefire.AbstractSurefireMojo.executeAfterPreconditionsChecked(AbstractSurefireMojo.java:984)
	at org.apache.maven.plugin.surefire.AbstractSurefireMojo.execute(AbstractSurefireMojo.java:832)
	at org.apache.maven.plugin.DefaultBuildPluginManager.executeMojo(DefaultBuildPluginManager.java:134)
	at org.apache.maven.lifecycle.internal.MojoExecutor.execute(MojoExecutor.java:207)
	... 20 more
[ERROR] 
[ERROR] Re-run Maven using the -X switch to enable full debug logging.
[ERROR] 
[ERROR] For more information about the errors and possible solutions, please read the following articles:
[ERROR] [Help 1] http://cwiki.apache.org/confluence/display/MAVEN/MojoFailureException
